<testsuites tests="1426" failures="3" disabled="0" time="14.359410"><testsuite tests="3" time="8.693039" errors="0" failures="3" skipped="0" timestamp="2023-01-06 15:37:45Z" name="Realm.Fody.Tests.dll.Analytics.Tests."><testcase name="Submit_WhenDisabled_PayloadIsEmpty" assertions="1" time="2.963066" status="Failed" classname="Analytics.Tests"><failure message="  Analytics was not reported as disabled for framework net472.&#xD;&#xA;  Expected string length 18 but was 0. Strings differ at index 0.&#xD;&#xA;  Expected: &quot;Analytics disabled&quot;&#xD;&#xA;  But was:  &lt;string.Empty&gt;&#xD;&#xA;  -----------^&#xD;&#xA;">   at Analytics.Tests.Submit_WhenDisabled_PayloadIsEmpty() in C:\Users\Andrea\Development\realm-repos\source-generators\realm-dotnet\Tests\Weaver\Realm.Fody.Tests\AnalyticsTests.cs:line 155
</failure><system-out>PayloadPath: C:\Users\Andrea\AppData\Local\Temp\tmp951E.tmp
Payload: 
</system-out></testcase><testcase name="ValidateCorrectPlatform" assertions="0" time="3.690599" status="Failed" classname="Analytics.Tests"><failure message="Multiple failures or warnings in test:&#xD;&#xA;  1) Exception while weaving: File not found. Path: C:\Users\Andrea\Development\realm-repos\source-generators\realm-dotnet\Tests\Weaver\AnalyticsAssembly\bin\Release\net472\AnalyticsAssembly.dll&#xD;&#xA;  2) For framework net472 an exception was raised:&#xD;&#xA;Exception while weaving: File not found. Path: C:\Users\Andrea\Development\realm-repos\source-generators\realm-dotnet\Tests\Weaver\AnalyticsAssembly\bin\Release\net472\AnalyticsAssembly.dll&#xD;&#xA;  3) Exception: Multiple failures or warnings in test:&#xD;&#xA;  1) Exception while weaving: File not found. Path: C:\Users\Andrea\Development\realm-repos\source-generators\realm-dotnet\Tests\Weaver\AnalyticsAssembly\bin\Release\net472\AnalyticsAssembly.dll&#xD;&#xA;  2) For framework net472 an exception was raised:&#xD;&#xA;Exception while weaving: File not found. Path: C:\Users\Andrea\Development\realm-repos\source-generators\realm-dotnet\Tests\Weaver\AnalyticsAssembly\bin\Release\net472\AnalyticsAssembly.dll&#xD;&#xA;&#xD;&#xA;">   at Analytics.Tests.ValidateCorrectPlatform() in C:\Users\Andrea\Development\realm-repos\source-generators\realm-dotnet\Tests\Weaver\Realm.Fody.Tests\AnalyticsTests.cs:line 126
</failure></testcase><testcase name="ValidateFeatureUsage" assertions="0" time="2.034950" status="Failed" classname="Analytics.Tests"><failure message="Multiple failures or warnings in test:&#xD;&#xA;  1) For framework net472 an exception was raised:&#xD;&#xA;Cannot deserialize a 'BsonDocument' from BsonType 'EndOfDocument'.&#xD;&#xA;  2) Exception: For framework net472 an exception was raised:&#xD;&#xA;Cannot deserialize a 'BsonDocument' from BsonType 'EndOfDocument'.&#xD;&#xA;">   at Analytics.Tests.ValidateFeatureUsage() in C:\Users\Andrea\Development\realm-repos\source-generators\realm-dotnet\Tests\Weaver\Realm.Fody.Tests\AnalyticsTests.cs:line 140
</failure><system-out>PayloadPath: C:\Users\Andrea\AppData\Local\Temp\tmpACBF.tmp
Payload: 
</system-out></testcase></testsuite><testsuite tests="237" time="1.611968" errors="0" failures="0" skipped="0" timestamp="2023-01-06 15:37:54Z" name="Realm.Fody.Tests.dll.RealmWeaver.Tests.Tests(AfterRealmWeaver,False)."><testcase name="GetRelationship" assertions="1" time="0.086018" status="Passed" classname="RealmWeaver.Tests" /><testcase name="MatchErrorsAndWarnings" assertions="2" time="0.003225" status="Passed" classname="RealmWeaver.Tests" /><testcase name="SetRelationship" assertions="2" time="0.005014" status="Passed" classname="RealmWeaver.Tests" /><testcase name="ShouldAddPreserveAttributeToConstructor" assertions="1" time="0.000934" status="Passed" classname="RealmWeaver.Tests" /><testcase name="ShouldAddPreserveAttributeToHelperConstructor" assertions="1" time="0.001313" status="Passed" classname="RealmWeaver.Tests" /><testcase name="ShouldAddWovenAttribute" assertions="1" time="0.000287" status="Passed" classname="RealmWeaver.Tests" /><testcase name="ShouldFollowMapToAttribute" assertions="1" time="0.001732" status="Passed" classname="RealmWeaver.Tests" /><testcase name="ShouldNotWeaveIgnoredProperties" assertions="1" time="0.002914" status="Passed" classname="RealmWeaver.Tests" /><testcase name="ShouldNotWeaveIQueryablePropertiesWithoutBacklinkAttribute" assertions="1" time="0.000468" status="Passed" classname="RealmWeaver.Tests" /><testcase name="ShouldWeaveBacklinksGetters" assertions="3" time="0.008082" status="Passed" classname="RealmWeaver.Tests" /><testcase name="SourceGeneratorWeaverShouldIgnorePropertiesNotInInterface" assertions="1" time="0.002298" status="Passed" classname="RealmWeaver.Tests" /><testcase name="SourceGeneratorWeaverShouldWeavePropertiesInInterface" assertions="1" time="0.005386" status="Passed" classname="RealmWeaver.Tests" /><testcase name="WovenCopyToRealm_ShouldAlwaysSetNullableProperties" assertions="1" time="0.015619" status="Passed" classname="RealmWeaver.Tests" /><testcase name="WovenCopyToRealm_ShouldAlwaysSetStructProperties" assertions="10" time="0.019888" status="Passed" classname="RealmWeaver.Tests" /><testcase name="WovenCopyToRealm_ShouldResetBacklinks" assertions="1" time="0.002392" status="Passed" classname="RealmWeaver.Tests" /><testcase name="WovenCopyToRealm_ShouldSetNonDefaultByteArrayProperties" assertions="1" time="0.004002" status="Passed" classname="RealmWeaver.Tests" /></testsuite><testsuite tests="33" time="0.005982" errors="0" failures="0" skipped="0" timestamp="2023-01-06 15:37:56Z" name="Realm.Fody.Tests.dll.RealmWeaver.Tests.Tests(AfterRealmWeaver,False).GetValueManagedShouldGetQueryDatabase."><testcase name="GetValueManagedShouldGetQueryDatabase(&quot;Char&quot;,'0')" assertions="1" time="0.002565" status="Passed" classname="RealmWeaver.Tests" /><testcase name="GetValueManagedShouldGetQueryDatabase(&quot;Byte&quot;,100)" assertions="1" time="0.000176" status="Passed" classname="RealmWeaver.Tests" /><testcase name="GetValueManagedShouldGetQueryDatabase(&quot;Int16&quot;,100)" assertions="1" time="0.000105" status="Passed" classname="RealmWeaver.Tests" /><testcase name="GetValueManagedShouldGetQueryDatabase(&quot;Int32&quot;,100)" assertions="1" time="0.000088" status="Passed" classname="RealmWeaver.Tests" /><testcase name="GetValueManagedShouldGetQueryDatabase(&quot;Int64&quot;,100L)" assertions="1" time="0.000082" status="Passed" classname="RealmWeaver.Tests" /><testcase name="GetValueManagedShouldGetQueryDatabase(&quot;Single&quot;,123.123f)" assertions="1" time="0.000080" status="Passed" classname="RealmWeaver.Tests" /><testcase name="GetValueManagedShouldGetQueryDatabase(&quot;Double&quot;,123.123d)" assertions="1" time="0.000071" status="Passed" classname="RealmWeaver.Tests" /><testcase name="GetValueManagedShouldGetQueryDatabase(&quot;Boolean&quot;,True)" assertions="1" time="0.000082" status="Passed" classname="RealmWeaver.Tests" /><testcase name="GetValueManagedShouldGetQueryDatabase(&quot;String&quot;,&quot;str&quot;)" assertions="1" time="0.000076" status="Passed" classname="RealmWeaver.Tests" /><testcase name="GetValueManagedShouldGetQueryDatabase(&quot;Decimal&quot;,123.456m)" assertions="1" time="0.000121" status="Passed" classname="RealmWeaver.Tests" /><testcase name="GetValueManagedShouldGetQueryDatabase(&quot;Decimal128&quot;,123.456)" assertions="1" time="0.000102" status="Passed" classname="RealmWeaver.Tests" /><testcase name="GetValueManagedShouldGetQueryDatabase(&quot;ObjectId&quot;,63b84049877af89f68ce02aa)" assertions="1" time="0.000092" status="Passed" classname="RealmWeaver.Tests" /><testcase name="GetValueManagedShouldGetQueryDatabase(&quot;Guid&quot;,7fd43ec1-b713-4e41-95ae-d2d4938b96ab)" assertions="1" time="0.000086" status="Passed" classname="RealmWeaver.Tests" /><testcase name="GetValueManagedShouldGetQueryDatabase(&quot;NullableChar&quot;,'0')" assertions="1" time="0.000093" status="Passed" classname="RealmWeaver.Tests" /><testcase name="GetValueManagedShouldGetQueryDatabase(&quot;NullableByte&quot;,100)" assertions="1" time="0.000086" status="Passed" classname="RealmWeaver.Tests" /><testcase name="GetValueManagedShouldGetQueryDatabase(&quot;NullableInt16&quot;,100)" assertions="1" time="0.000079" status="Passed" classname="RealmWeaver.Tests" /><testcase name="GetValueManagedShouldGetQueryDatabase(&quot;NullableInt32&quot;,100)" assertions="1" time="0.000080" status="Passed" classname="RealmWeaver.Tests" /><testcase name="GetValueManagedShouldGetQueryDatabase(&quot;NullableInt64&quot;,100L)" assertions="1" time="0.000091" status="Passed" classname="RealmWeaver.Tests" /><testcase name="GetValueManagedShouldGetQueryDatabase(&quot;NullableSingle&quot;,123.123f)" assertions="1" time="0.000081" status="Passed" classname="RealmWeaver.Tests" /><testcase name="GetValueManagedShouldGetQueryDatabase(&quot;NullableDouble&quot;,123.123d)" assertions="1" time="0.000086" status="Passed" classname="RealmWeaver.Tests" /><testcase name="GetValueManagedShouldGetQueryDatabase(&quot;NullableBoolean&quot;,True)" assertions="1" time="0.000080" status="Passed" classname="RealmWeaver.Tests" /><testcase name="GetValueManagedShouldGetQueryDatabase(&quot;NullableDecimal&quot;,123.456m)" assertions="1" time="0.000191" status="Passed" classname="RealmWeaver.Tests" /><testcase name="GetValueManagedShouldGetQueryDatabase(&quot;NullableDecimal128&quot;,123.456)" assertions="1" time="0.000142" status="Passed" classname="RealmWeaver.Tests" /><testcase name="GetValueManagedShouldGetQueryDatabase(&quot;NullableObjectId&quot;,63b84049877af89f68ce02ab)" assertions="1" time="0.000102" status="Passed" classname="RealmWeaver.Tests" /><testcase name="GetValueManagedShouldGetQueryDatabase(&quot;NullableGuid&quot;,a22784e3-60f6-414a-9f59-3ea0e903c9e3)" assertions="1" time="0.000093" status="Passed" classname="RealmWeaver.Tests" /><testcase name="GetValueManagedShouldGetQueryDatabase(&quot;ByteCounter&quot;,100)" assertions="1" time="0.000093" status="Passed" classname="RealmWeaver.Tests" /><testcase name="GetValueManagedShouldGetQueryDatabase(&quot;Int16Counter&quot;,100)" assertions="1" time="0.000080" status="Passed" classname="RealmWeaver.Tests" /><testcase name="GetValueManagedShouldGetQueryDatabase(&quot;Int32Counter&quot;,100)" assertions="1" time="0.000086" status="Passed" classname="RealmWeaver.Tests" /><testcase name="GetValueManagedShouldGetQueryDatabase(&quot;Int64Counter&quot;,100)" assertions="1" time="0.000080" status="Passed" classname="RealmWeaver.Tests" /><testcase name="GetValueManagedShouldGetQueryDatabase(&quot;NullableByteCounter&quot;,100)" assertions="1" time="0.000082" status="Passed" classname="RealmWeaver.Tests" /><testcase name="GetValueManagedShouldGetQueryDatabase(&quot;NullableInt16Counter&quot;,100)" assertions="1" time="0.000076" status="Passed" classname="RealmWeaver.Tests" /><testcase name="GetValueManagedShouldGetQueryDatabase(&quot;NullableInt32Counter&quot;,100)" assertions="1" time="0.000075" status="Passed" classname="RealmWeaver.Tests" /><testcase name="GetValueManagedShouldGetQueryDatabase(&quot;NullableInt64Counter&quot;,100)" assertions="1" time="0.000090" status="Passed" classname="RealmWeaver.Tests" /></testsuite><testsuite tests="33" time="0.046102" errors="0" failures="0" skipped="0" timestamp="2023-01-06 15:37:56Z" name="Realm.Fody.Tests.dll.RealmWeaver.Tests.Tests(AfterRealmWeaver,False).GetValueUnmanagedShouldGetBackingField."><testcase name="GetValueUnmanagedShouldGetBackingField(&quot;Char&quot;,'0')" assertions="2" time="0.003649" status="Passed" classname="RealmWeaver.Tests" /><testcase name="GetValueUnmanagedShouldGetBackingField(&quot;Byte&quot;,100)" assertions="2" time="0.003072" status="Passed" classname="RealmWeaver.Tests" /><testcase name="GetValueUnmanagedShouldGetBackingField(&quot;Int16&quot;,100)" assertions="2" time="0.002266" status="Passed" classname="RealmWeaver.Tests" /><testcase name="GetValueUnmanagedShouldGetBackingField(&quot;Int32&quot;,100)" assertions="2" time="0.001962" status="Passed" classname="RealmWeaver.Tests" /><testcase name="GetValueUnmanagedShouldGetBackingField(&quot;Int64&quot;,100L)" assertions="2" time="0.002031" status="Passed" classname="RealmWeaver.Tests" /><testcase name="GetValueUnmanagedShouldGetBackingField(&quot;Single&quot;,123.123f)" assertions="2" time="0.002166" status="Passed" classname="RealmWeaver.Tests" /><testcase name="GetValueUnmanagedShouldGetBackingField(&quot;Double&quot;,123.123d)" assertions="2" time="0.002028" status="Passed" classname="RealmWeaver.Tests" /><testcase name="GetValueUnmanagedShouldGetBackingField(&quot;Boolean&quot;,True)" assertions="2" time="0.001850" status="Passed" classname="RealmWeaver.Tests" /><testcase name="GetValueUnmanagedShouldGetBackingField(&quot;String&quot;,&quot;str&quot;)" assertions="2" time="0.007582" status="Passed" classname="RealmWeaver.Tests" /><testcase name="GetValueUnmanagedShouldGetBackingField(&quot;Decimal&quot;,123.456m)" assertions="2" time="0.002789" status="Passed" classname="RealmWeaver.Tests" /><testcase name="GetValueUnmanagedShouldGetBackingField(&quot;Decimal128&quot;,123.456)" assertions="2" time="0.003069" status="Passed" classname="RealmWeaver.Tests" /><testcase name="GetValueUnmanagedShouldGetBackingField(&quot;ObjectId&quot;,63b84049877af89f68ce02aa)" assertions="2" time="0.001923" status="Passed" classname="RealmWeaver.Tests" /><testcase name="GetValueUnmanagedShouldGetBackingField(&quot;Guid&quot;,7fd43ec1-b713-4e41-95ae-d2d4938b96ab)" assertions="2" time="0.002294" status="Passed" classname="RealmWeaver.Tests" /><testcase name="GetValueUnmanagedShouldGetBackingField(&quot;NullableChar&quot;,'0')" assertions="2" time="0.000094" status="Passed" classname="RealmWeaver.Tests" /><testcase name="GetValueUnmanagedShouldGetBackingField(&quot;NullableByte&quot;,100)" assertions="2" time="0.000039" status="Passed" classname="RealmWeaver.Tests" /><testcase name="GetValueUnmanagedShouldGetBackingField(&quot;NullableInt16&quot;,100)" assertions="2" time="0.000030" status="Passed" classname="RealmWeaver.Tests" /><testcase name="GetValueUnmanagedShouldGetBackingField(&quot;NullableInt32&quot;,100)" assertions="2" time="0.000026" status="Passed" classname="RealmWeaver.Tests" /><testcase name="GetValueUnmanagedShouldGetBackingField(&quot;NullableInt64&quot;,100L)" assertions="2" time="0.000025" status="Passed" classname="RealmWeaver.Tests" /><testcase name="GetValueUnmanagedShouldGetBackingField(&quot;NullableSingle&quot;,123.123f)" assertions="2" time="0.000028" status="Passed" classname="RealmWeaver.Tests" /><testcase name="GetValueUnmanagedShouldGetBackingField(&quot;NullableDouble&quot;,123.123d)" assertions="2" time="0.000026" status="Passed" classname="RealmWeaver.Tests" /><testcase name="GetValueUnmanagedShouldGetBackingField(&quot;NullableBoolean&quot;,True)" assertions="2" time="0.000036" status="Passed" classname="RealmWeaver.Tests" /><testcase name="GetValueUnmanagedShouldGetBackingField(&quot;NullableDecimal&quot;,123.456m)" assertions="2" time="0.000029" status="Passed" classname="RealmWeaver.Tests" /><testcase name="GetValueUnmanagedShouldGetBackingField(&quot;NullableDecimal128&quot;,123.456)" assertions="2" time="0.000046" status="Passed" classname="RealmWeaver.Tests" /><testcase name="GetValueUnmanagedShouldGetBackingField(&quot;NullableObjectId&quot;,63b84049877af89f68ce02ab)" assertions="2" time="0.000036" status="Passed" classname="RealmWeaver.Tests" /><testcase name="GetValueUnmanagedShouldGetBackingField(&quot;NullableGuid&quot;,a22784e3-60f6-414a-9f59-3ea0e903c9e3)" assertions="2" time="0.000037" status="Passed" classname="RealmWeaver.Tests" /><testcase name="GetValueUnmanagedShouldGetBackingField(&quot;ByteCounter&quot;,100)" assertions="2" time="0.002227" status="Passed" classname="RealmWeaver.Tests" /><testcase name="GetValueUnmanagedShouldGetBackingField(&quot;Int16Counter&quot;,100)" assertions="2" time="0.002077" status="Passed" classname="RealmWeaver.Tests" /><testcase name="GetValueUnmanagedShouldGetBackingField(&quot;Int32Counter&quot;,100)" assertions="2" time="0.001919" status="Passed" classname="RealmWeaver.Tests" /><testcase name="GetValueUnmanagedShouldGetBackingField(&quot;Int64Counter&quot;,100)" assertions="2" time="0.002073" status="Passed" classname="RealmWeaver.Tests" /><testcase name="GetValueUnmanagedShouldGetBackingField(&quot;NullableByteCounter&quot;,100)" assertions="2" time="0.000104" status="Passed" classname="RealmWeaver.Tests" /><testcase name="GetValueUnmanagedShouldGetBackingField(&quot;NullableInt16Counter&quot;,100)" assertions="2" time="0.000038" status="Passed" classname="RealmWeaver.Tests" /><testcase name="GetValueUnmanagedShouldGetBackingField(&quot;NullableInt32Counter&quot;,100)" assertions="2" time="0.000029" status="Passed" classname="RealmWeaver.Tests" /><testcase name="GetValueUnmanagedShouldGetBackingField(&quot;NullableInt64Counter&quot;,100)" assertions="2" time="0.000027" status="Passed" classname="RealmWeaver.Tests" /></testsuite><testsuite tests="6" time="0.031553" errors="0" failures="0" skipped="0" timestamp="2023-01-06 15:37:56Z" name="Realm.Fody.Tests.dll.RealmWeaver.Tests.Tests(AfterRealmWeaver,False).SettingPrimaryKeyPropertyShouldCallSetUnique."><testcase name="SettingPrimaryKeyPropertyShouldCallSetUnique(&quot;Char&quot;,'0','\0')" assertions="2" time="0.003240" status="Passed" classname="RealmWeaver.Tests" /><testcase name="SettingPrimaryKeyPropertyShouldCallSetUnique(&quot;Byte&quot;,100,byte.MinValue)" assertions="2" time="0.015682" status="Passed" classname="RealmWeaver.Tests" /><testcase name="SettingPrimaryKeyPropertyShouldCallSetUnique(&quot;Int16&quot;,100,0)" assertions="2" time="0.002742" status="Passed" classname="RealmWeaver.Tests" /><testcase name="SettingPrimaryKeyPropertyShouldCallSetUnique(&quot;Int32&quot;,100,0)" assertions="2" time="0.004023" status="Passed" classname="RealmWeaver.Tests" /><testcase name="SettingPrimaryKeyPropertyShouldCallSetUnique(&quot;Int64&quot;,100L,0L)" assertions="2" time="0.002683" status="Passed" classname="RealmWeaver.Tests" /><testcase name="SettingPrimaryKeyPropertyShouldCallSetUnique(&quot;String&quot;,&quot;str&quot;,null)" assertions="2" time="0.002997" status="Passed" classname="RealmWeaver.Tests" /></testsuite><testsuite tests="33" time="0.034561" errors="0" failures="0" skipped="0" timestamp="2023-01-06 15:37:56Z" name="Realm.Fody.Tests.dll.RealmWeaver.Tests.Tests(AfterRealmWeaver,False).SetValueManagedShouldNotRaisePropertyChanged."><testcase name="SetValueManagedShouldNotRaisePropertyChanged(&quot;Char&quot;,'0','\0')" assertions="3" time="0.010109" status="Passed" classname="RealmWeaver.Tests" /><testcase name="SetValueManagedShouldNotRaisePropertyChanged(&quot;Byte&quot;,100,byte.MinValue)" assertions="3" time="0.000975" status="Passed" classname="RealmWeaver.Tests" /><testcase name="SetValueManagedShouldNotRaisePropertyChanged(&quot;Int16&quot;,100,0)" assertions="3" time="0.000799" status="Passed" classname="RealmWeaver.Tests" /><testcase name="SetValueManagedShouldNotRaisePropertyChanged(&quot;Int32&quot;,100,0)" assertions="3" time="0.000800" status="Passed" classname="RealmWeaver.Tests" /><testcase name="SetValueManagedShouldNotRaisePropertyChanged(&quot;Int64&quot;,100L,0L)" assertions="3" time="0.000769" status="Passed" classname="RealmWeaver.Tests" /><testcase name="SetValueManagedShouldNotRaisePropertyChanged(&quot;Single&quot;,123.123f,0.0f)" assertions="3" time="0.000848" status="Passed" classname="RealmWeaver.Tests" /><testcase name="SetValueManagedShouldNotRaisePropertyChanged(&quot;Double&quot;,123.123d,0.0d)" assertions="3" time="0.000801" status="Passed" classname="RealmWeaver.Tests" /><testcase name="SetValueManagedShouldNotRaisePropertyChanged(&quot;Boolean&quot;,True,False)" assertions="3" time="0.000846" status="Passed" classname="RealmWeaver.Tests" /><testcase name="SetValueManagedShouldNotRaisePropertyChanged(&quot;String&quot;,&quot;str&quot;,null)" assertions="3" time="0.000793" status="Passed" classname="RealmWeaver.Tests" /><testcase name="SetValueManagedShouldNotRaisePropertyChanged(&quot;Decimal&quot;,123.456m,0m)" assertions="3" time="0.000803" status="Passed" classname="RealmWeaver.Tests" /><testcase name="SetValueManagedShouldNotRaisePropertyChanged(&quot;Decimal128&quot;,123.456,0)" assertions="3" time="0.000954" status="Passed" classname="RealmWeaver.Tests" /><testcase name="SetValueManagedShouldNotRaisePropertyChanged(&quot;ObjectId&quot;,63b84049877af89f68ce02aa,000000000000000000000000)" assertions="3" time="0.000802" status="Passed" classname="RealmWeaver.Tests" /><testcase name="SetValueManagedShouldNotRaisePropertyChanged(&quot;Guid&quot;,7fd43ec1-b713-4e41-95ae-d2d4938b96ab,00000000-0000-0000-0000-000000000000)" assertions="3" time="0.001119" status="Passed" classname="RealmWeaver.Tests" /><testcase name="SetValueManagedShouldNotRaisePropertyChanged(&quot;NullableChar&quot;,'0',null)" assertions="3" time="0.000175" status="Passed" classname="RealmWeaver.Tests" /><testcase name="SetValueManagedShouldNotRaisePropertyChanged(&quot;NullableByte&quot;,100,null)" assertions="3" time="0.000128" status="Passed" classname="RealmWeaver.Tests" /><testcase name="SetValueManagedShouldNotRaisePropertyChanged(&quot;NullableInt16&quot;,100,null)" assertions="3" time="0.000222" status="Passed" classname="RealmWeaver.Tests" /><testcase name="SetValueManagedShouldNotRaisePropertyChanged(&quot;NullableInt32&quot;,100,null)" assertions="3" time="0.000138" status="Passed" classname="RealmWeaver.Tests" /><testcase name="SetValueManagedShouldNotRaisePropertyChanged(&quot;NullableInt64&quot;,100L,null)" assertions="3" time="0.000123" status="Passed" classname="RealmWeaver.Tests" /><testcase name="SetValueManagedShouldNotRaisePropertyChanged(&quot;NullableSingle&quot;,123.123f,null)" assertions="3" time="0.000102" status="Passed" classname="RealmWeaver.Tests" /><testcase name="SetValueManagedShouldNotRaisePropertyChanged(&quot;NullableDouble&quot;,123.123d,null)" assertions="3" time="0.000097" status="Passed" classname="RealmWeaver.Tests" /><testcase name="SetValueManagedShouldNotRaisePropertyChanged(&quot;NullableBoolean&quot;,True,null)" assertions="3" time="0.000088" status="Passed" classname="RealmWeaver.Tests" /><testcase name="SetValueManagedShouldNotRaisePropertyChanged(&quot;NullableDecimal&quot;,123.456m,null)" assertions="3" time="0.000095" status="Passed" classname="RealmWeaver.Tests" /><testcase name="SetValueManagedShouldNotRaisePropertyChanged(&quot;NullableDecimal128&quot;,123.456,null)" assertions="3" time="0.000091" status="Passed" classname="RealmWeaver.Tests" /><testcase name="SetValueManagedShouldNotRaisePropertyChanged(&quot;NullableObjectId&quot;,63b84049877af89f68ce02ab,null)" assertions="3" time="0.000097" status="Passed" classname="RealmWeaver.Tests" /><testcase name="SetValueManagedShouldNotRaisePropertyChanged(&quot;NullableGuid&quot;,a22784e3-60f6-414a-9f59-3ea0e903c9e3,null)" assertions="3" time="0.000089" status="Passed" classname="RealmWeaver.Tests" /><testcase name="SetValueManagedShouldNotRaisePropertyChanged(&quot;ByteCounter&quot;,100,byte.MinValue)" assertions="3" time="0.000925" status="Passed" classname="RealmWeaver.Tests" /><testcase name="SetValueManagedShouldNotRaisePropertyChanged(&quot;Int16Counter&quot;,100,0)" assertions="3" time="0.000830" status="Passed" classname="RealmWeaver.Tests" /><testcase name="SetValueManagedShouldNotRaisePropertyChanged(&quot;Int32Counter&quot;,100,0)" assertions="3" time="0.000812" status="Passed" classname="RealmWeaver.Tests" /><testcase name="SetValueManagedShouldNotRaisePropertyChanged(&quot;Int64Counter&quot;,100,0L)" assertions="3" time="0.000844" status="Passed" classname="RealmWeaver.Tests" /><testcase name="SetValueManagedShouldNotRaisePropertyChanged(&quot;NullableByteCounter&quot;,100,null)" assertions="3" time="0.000179" status="Passed" classname="RealmWeaver.Tests" /><testcase name="SetValueManagedShouldNotRaisePropertyChanged(&quot;NullableInt16Counter&quot;,100,null)" assertions="3" time="0.000132" status="Passed" classname="RealmWeaver.Tests" /><testcase name="SetValueManagedShouldNotRaisePropertyChanged(&quot;NullableInt32Counter&quot;,100,null)" assertions="3" time="0.000126" status="Passed" classname="RealmWeaver.Tests" /><testcase name="SetValueManagedShouldNotRaisePropertyChanged(&quot;NullableInt64Counter&quot;,100,null)" assertions="3" time="0.000132" status="Passed" classname="RealmWeaver.Tests" /></testsuite><testsuite tests="33" time="0.001476" errors="0" failures="0" skipped="0" timestamp="2023-01-06 15:37:56Z" name="Realm.Fody.Tests.dll.RealmWeaver.Tests.Tests(AfterRealmWeaver,False).SetValueManagedShouldUpdateDatabase."><testcase name="SetValueManagedShouldUpdateDatabase(&quot;Char&quot;,'0','\0')" assertions="2" time="0.000690" status="Passed" classname="RealmWeaver.Tests" /><testcase name="SetValueManagedShouldUpdateDatabase(&quot;Byte&quot;,100,byte.MinValue)" assertions="2" time="0.000041" status="Passed" classname="RealmWeaver.Tests" /><testcase name="SetValueManagedShouldUpdateDatabase(&quot;Int16&quot;,100,0)" assertions="2" time="0.000024" status="Passed" classname="RealmWeaver.Tests" /><testcase name="SetValueManagedShouldUpdateDatabase(&quot;Int32&quot;,100,0)" assertions="2" time="0.000020" status="Passed" classname="RealmWeaver.Tests" /><testcase name="SetValueManagedShouldUpdateDatabase(&quot;Int64&quot;,100L,0L)" assertions="2" time="0.000020" status="Passed" classname="RealmWeaver.Tests" /><testcase name="SetValueManagedShouldUpdateDatabase(&quot;Single&quot;,123.123f,0.0f)" assertions="2" time="0.000021" status="Passed" classname="RealmWeaver.Tests" /><testcase name="SetValueManagedShouldUpdateDatabase(&quot;Double&quot;,123.123d,0.0d)" assertions="2" time="0.000019" status="Passed" classname="RealmWeaver.Tests" /><testcase name="SetValueManagedShouldUpdateDatabase(&quot;Boolean&quot;,True,False)" assertions="2" time="0.000027" status="Passed" classname="RealmWeaver.Tests" /><testcase name="SetValueManagedShouldUpdateDatabase(&quot;String&quot;,&quot;str&quot;,null)" assertions="2" time="0.000021" status="Passed" classname="RealmWeaver.Tests" /><testcase name="SetValueManagedShouldUpdateDatabase(&quot;Decimal&quot;,123.456m,0m)" assertions="2" time="0.000022" status="Passed" classname="RealmWeaver.Tests" /><testcase name="SetValueManagedShouldUpdateDatabase(&quot;Decimal128&quot;,123.456,0)" assertions="2" time="0.000026" status="Passed" classname="RealmWeaver.Tests" /><testcase name="SetValueManagedShouldUpdateDatabase(&quot;ObjectId&quot;,63b84049877af89f68ce02aa,000000000000000000000000)" assertions="2" time="0.000023" status="Passed" classname="RealmWeaver.Tests" /><testcase name="SetValueManagedShouldUpdateDatabase(&quot;Guid&quot;,7fd43ec1-b713-4e41-95ae-d2d4938b96ab,00000000-0000-0000-0000-000000000000)" assertions="2" time="0.000024" status="Passed" classname="RealmWeaver.Tests" /><testcase name="SetValueManagedShouldUpdateDatabase(&quot;NullableChar&quot;,'0',null)" assertions="2" time="0.000019" status="Passed" classname="RealmWeaver.Tests" /><testcase name="SetValueManagedShouldUpdateDatabase(&quot;NullableByte&quot;,100,null)" assertions="2" time="0.000017" status="Passed" classname="RealmWeaver.Tests" /><testcase name="SetValueManagedShouldUpdateDatabase(&quot;NullableInt16&quot;,100,null)" assertions="2" time="0.000017" status="Passed" classname="RealmWeaver.Tests" /><testcase name="SetValueManagedShouldUpdateDatabase(&quot;NullableInt32&quot;,100,null)" assertions="2" time="0.000017" status="Passed" classname="RealmWeaver.Tests" /><testcase name="SetValueManagedShouldUpdateDatabase(&quot;NullableInt64&quot;,100L,null)" assertions="2" time="0.000017" status="Passed" classname="RealmWeaver.Tests" /><testcase name="SetValueManagedShouldUpdateDatabase(&quot;NullableSingle&quot;,123.123f,null)" assertions="2" time="0.000018" status="Passed" classname="RealmWeaver.Tests" /><testcase name="SetValueManagedShouldUpdateDatabase(&quot;NullableDouble&quot;,123.123d,null)" assertions="2" time="0.000018" status="Passed" classname="RealmWeaver.Tests" /><testcase name="SetValueManagedShouldUpdateDatabase(&quot;NullableBoolean&quot;,True,null)" assertions="2" time="0.000017" status="Passed" classname="RealmWeaver.Tests" /><testcase name="SetValueManagedShouldUpdateDatabase(&quot;NullableDecimal&quot;,123.456m,null)" assertions="2" time="0.000017" status="Passed" classname="RealmWeaver.Tests" /><testcase name="SetValueManagedShouldUpdateDatabase(&quot;NullableDecimal128&quot;,123.456,null)" assertions="2" time="0.000017" status="Passed" classname="RealmWeaver.Tests" /><testcase name="SetValueManagedShouldUpdateDatabase(&quot;NullableObjectId&quot;,63b84049877af89f68ce02ab,null)" assertions="2" time="0.000018" status="Passed" classname="RealmWeaver.Tests" /><testcase name="SetValueManagedShouldUpdateDatabase(&quot;NullableGuid&quot;,a22784e3-60f6-414a-9f59-3ea0e903c9e3,null)" assertions="2" time="0.000017" status="Passed" classname="RealmWeaver.Tests" /><testcase name="SetValueManagedShouldUpdateDatabase(&quot;ByteCounter&quot;,100,byte.MinValue)" assertions="2" time="0.000029" status="Passed" classname="RealmWeaver.Tests" /><testcase name="SetValueManagedShouldUpdateDatabase(&quot;Int16Counter&quot;,100,0)" assertions="2" time="0.000025" status="Passed" classname="RealmWeaver.Tests" /><testcase name="SetValueManagedShouldUpdateDatabase(&quot;Int32Counter&quot;,100,0)" assertions="2" time="0.000023" status="Passed" classname="RealmWeaver.Tests" /><testcase name="SetValueManagedShouldUpdateDatabase(&quot;Int64Counter&quot;,100,0L)" assertions="2" time="0.000023" status="Passed" classname="RealmWeaver.Tests" /><testcase name="SetValueManagedShouldUpdateDatabase(&quot;NullableByteCounter&quot;,100,null)" assertions="2" time="0.000018" status="Passed" classname="RealmWeaver.Tests" /><testcase name="SetValueManagedShouldUpdateDatabase(&quot;NullableInt16Counter&quot;,100,null)" assertions="2" time="0.000017" status="Passed" classname="RealmWeaver.Tests" /><testcase name="SetValueManagedShouldUpdateDatabase(&quot;NullableInt32Counter&quot;,100,null)" assertions="2" time="0.000017" status="Passed" classname="RealmWeaver.Tests" /><testcase name="SetValueManagedShouldUpdateDatabase(&quot;NullableInt64Counter&quot;,100,null)" assertions="2" time="0.000017" status="Passed" classname="RealmWeaver.Tests" /></testsuite><testsuite tests="33" time="0.001632" errors="0" failures="0" skipped="0" timestamp="2023-01-06 15:37:56Z" name="Realm.Fody.Tests.dll.RealmWeaver.Tests.Tests(AfterRealmWeaver,False).SetValueUnmanagedShouldRaisePropertyChanged."><testcase name="SetValueUnmanagedShouldRaisePropertyChanged(&quot;Char&quot;,'0')" assertions="2" time="0.000920" status="Passed" classname="RealmWeaver.Tests" /><testcase name="SetValueUnmanagedShouldRaisePropertyChanged(&quot;Byte&quot;,100)" assertions="2" time="0.000040" status="Passed" classname="RealmWeaver.Tests" /><testcase name="SetValueUnmanagedShouldRaisePropertyChanged(&quot;Int16&quot;,100)" assertions="2" time="0.000019" status="Passed" classname="RealmWeaver.Tests" /><testcase name="SetValueUnmanagedShouldRaisePropertyChanged(&quot;Int32&quot;,100)" assertions="2" time="0.000015" status="Passed" classname="RealmWeaver.Tests" /><testcase name="SetValueUnmanagedShouldRaisePropertyChanged(&quot;Int64&quot;,100L)" assertions="2" time="0.000016" status="Passed" classname="RealmWeaver.Tests" /><testcase name="SetValueUnmanagedShouldRaisePropertyChanged(&quot;Single&quot;,123.123f)" assertions="2" time="0.000015" status="Passed" classname="RealmWeaver.Tests" /><testcase name="SetValueUnmanagedShouldRaisePropertyChanged(&quot;Double&quot;,123.123d)" assertions="2" time="0.000016" status="Passed" classname="RealmWeaver.Tests" /><testcase name="SetValueUnmanagedShouldRaisePropertyChanged(&quot;Boolean&quot;,True)" assertions="2" time="0.000023" status="Passed" classname="RealmWeaver.Tests" /><testcase name="SetValueUnmanagedShouldRaisePropertyChanged(&quot;String&quot;,&quot;str&quot;)" assertions="2" time="0.000018" status="Passed" classname="RealmWeaver.Tests" /><testcase name="SetValueUnmanagedShouldRaisePropertyChanged(&quot;Decimal&quot;,123.456m)" assertions="2" time="0.000016" status="Passed" classname="RealmWeaver.Tests" /><testcase name="SetValueUnmanagedShouldRaisePropertyChanged(&quot;Decimal128&quot;,123.456)" assertions="2" time="0.000022" status="Passed" classname="RealmWeaver.Tests" /><testcase name="SetValueUnmanagedShouldRaisePropertyChanged(&quot;ObjectId&quot;,63b84049877af89f68ce02aa)" assertions="2" time="0.000018" status="Passed" classname="RealmWeaver.Tests" /><testcase name="SetValueUnmanagedShouldRaisePropertyChanged(&quot;Guid&quot;,7fd43ec1-b713-4e41-95ae-d2d4938b96ab)" assertions="2" time="0.000019" status="Passed" classname="RealmWeaver.Tests" /><testcase name="SetValueUnmanagedShouldRaisePropertyChanged(&quot;NullableChar&quot;,'0')" assertions="2" time="0.000016" status="Passed" classname="RealmWeaver.Tests" /><testcase name="SetValueUnmanagedShouldRaisePropertyChanged(&quot;NullableByte&quot;,100)" assertions="2" time="0.000015" status="Passed" classname="RealmWeaver.Tests" /><testcase name="SetValueUnmanagedShouldRaisePropertyChanged(&quot;NullableInt16&quot;,100)" assertions="2" time="0.000014" status="Passed" classname="RealmWeaver.Tests" /><testcase name="SetValueUnmanagedShouldRaisePropertyChanged(&quot;NullableInt32&quot;,100)" assertions="2" time="0.000014" status="Passed" classname="RealmWeaver.Tests" /><testcase name="SetValueUnmanagedShouldRaisePropertyChanged(&quot;NullableInt64&quot;,100L)" assertions="2" time="0.000015" status="Passed" classname="RealmWeaver.Tests" /><testcase name="SetValueUnmanagedShouldRaisePropertyChanged(&quot;NullableSingle&quot;,123.123f)" assertions="2" time="0.000015" status="Passed" classname="RealmWeaver.Tests" /><testcase name="SetValueUnmanagedShouldRaisePropertyChanged(&quot;NullableDouble&quot;,123.123d)" assertions="2" time="0.000015" status="Passed" classname="RealmWeaver.Tests" /><testcase name="SetValueUnmanagedShouldRaisePropertyChanged(&quot;NullableBoolean&quot;,True)" assertions="2" time="0.000016" status="Passed" classname="RealmWeaver.Tests" /><testcase name="SetValueUnmanagedShouldRaisePropertyChanged(&quot;NullableDecimal&quot;,123.456m)" assertions="2" time="0.000015" status="Passed" classname="RealmWeaver.Tests" /><testcase name="SetValueUnmanagedShouldRaisePropertyChanged(&quot;NullableDecimal128&quot;,123.456)" assertions="2" time="0.000018" status="Passed" classname="RealmWeaver.Tests" /><testcase name="SetValueUnmanagedShouldRaisePropertyChanged(&quot;NullableObjectId&quot;,63b84049877af89f68ce02ab)" assertions="2" time="0.000016" status="Passed" classname="RealmWeaver.Tests" /><testcase name="SetValueUnmanagedShouldRaisePropertyChanged(&quot;NullableGuid&quot;,a22784e3-60f6-414a-9f59-3ea0e903c9e3)" assertions="2" time="0.000018" status="Passed" classname="RealmWeaver.Tests" /><testcase name="SetValueUnmanagedShouldRaisePropertyChanged(&quot;ByteCounter&quot;,100)" assertions="2" time="0.000040" status="Passed" classname="RealmWeaver.Tests" /><testcase name="SetValueUnmanagedShouldRaisePropertyChanged(&quot;Int16Counter&quot;,100)" assertions="2" time="0.000024" status="Passed" classname="RealmWeaver.Tests" /><testcase name="SetValueUnmanagedShouldRaisePropertyChanged(&quot;Int32Counter&quot;,100)" assertions="2" time="0.000023" status="Passed" classname="RealmWeaver.Tests" /><testcase name="SetValueUnmanagedShouldRaisePropertyChanged(&quot;Int64Counter&quot;,100)" assertions="2" time="0.000022" status="Passed" classname="RealmWeaver.Tests" /><testcase name="SetValueUnmanagedShouldRaisePropertyChanged(&quot;NullableByteCounter&quot;,100)" assertions="2" time="0.000017" status="Passed" classname="RealmWeaver.Tests" /><testcase name="SetValueUnmanagedShouldRaisePropertyChanged(&quot;NullableInt16Counter&quot;,100)" assertions="2" time="0.000017" status="Passed" classname="RealmWeaver.Tests" /><testcase name="SetValueUnmanagedShouldRaisePropertyChanged(&quot;NullableInt32Counter&quot;,100)" assertions="2" time="0.000015" status="Passed" classname="RealmWeaver.Tests" /><testcase name="SetValueUnmanagedShouldRaisePropertyChanged(&quot;NullableInt64Counter&quot;,100)" assertions="2" time="0.000016" status="Passed" classname="RealmWeaver.Tests" /></testsuite><testsuite tests="33" time="0.001289" errors="0" failures="0" skipped="0" timestamp="2023-01-06 15:37:56Z" name="Realm.Fody.Tests.dll.RealmWeaver.Tests.Tests(AfterRealmWeaver,False).SetValueUnmanagedShouldSetBackingField."><testcase name="SetValueUnmanagedShouldSetBackingField(&quot;Char&quot;,'0')" assertions="2" time="0.000533" status="Passed" classname="RealmWeaver.Tests" /><testcase name="SetValueUnmanagedShouldSetBackingField(&quot;Byte&quot;,100)" assertions="2" time="0.000034" status="Passed" classname="RealmWeaver.Tests" /><testcase name="SetValueUnmanagedShouldSetBackingField(&quot;Int16&quot;,100)" assertions="2" time="0.000021" status="Passed" classname="RealmWeaver.Tests" /><testcase name="SetValueUnmanagedShouldSetBackingField(&quot;Int32&quot;,100)" assertions="2" time="0.000021" status="Passed" classname="RealmWeaver.Tests" /><testcase name="SetValueUnmanagedShouldSetBackingField(&quot;Int64&quot;,100L)" assertions="2" time="0.000019" status="Passed" classname="RealmWeaver.Tests" /><testcase name="SetValueUnmanagedShouldSetBackingField(&quot;Single&quot;,123.123f)" assertions="2" time="0.000018" status="Passed" classname="RealmWeaver.Tests" /><testcase name="SetValueUnmanagedShouldSetBackingField(&quot;Double&quot;,123.123d)" assertions="2" time="0.000018" status="Passed" classname="RealmWeaver.Tests" /><testcase name="SetValueUnmanagedShouldSetBackingField(&quot;Boolean&quot;,True)" assertions="2" time="0.000025" status="Passed" classname="RealmWeaver.Tests" /><testcase name="SetValueUnmanagedShouldSetBackingField(&quot;String&quot;,&quot;str&quot;)" assertions="2" time="0.000020" status="Passed" classname="RealmWeaver.Tests" /><testcase name="SetValueUnmanagedShouldSetBackingField(&quot;Decimal&quot;,123.456m)" assertions="2" time="0.000020" status="Passed" classname="RealmWeaver.Tests" /><testcase name="SetValueUnmanagedShouldSetBackingField(&quot;Decimal128&quot;,123.456)" assertions="2" time="0.000022" status="Passed" classname="RealmWeaver.Tests" /><testcase name="SetValueUnmanagedShouldSetBackingField(&quot;ObjectId&quot;,63b84049877af89f68ce02aa)" assertions="2" time="0.000020" status="Passed" classname="RealmWeaver.Tests" /><testcase name="SetValueUnmanagedShouldSetBackingField(&quot;Guid&quot;,7fd43ec1-b713-4e41-95ae-d2d4938b96ab)" assertions="2" time="0.000021" status="Passed" classname="RealmWeaver.Tests" /><testcase name="SetValueUnmanagedShouldSetBackingField(&quot;NullableChar&quot;,'0')" assertions="2" time="0.000019" status="Passed" classname="RealmWeaver.Tests" /><testcase name="SetValueUnmanagedShouldSetBackingField(&quot;NullableByte&quot;,100)" assertions="2" time="0.000018" status="Passed" classname="RealmWeaver.Tests" /><testcase name="SetValueUnmanagedShouldSetBackingField(&quot;NullableInt16&quot;,100)" assertions="2" time="0.000017" status="Passed" classname="RealmWeaver.Tests" /><testcase name="SetValueUnmanagedShouldSetBackingField(&quot;NullableInt32&quot;,100)" assertions="2" time="0.000018" status="Passed" classname="RealmWeaver.Tests" /><testcase name="SetValueUnmanagedShouldSetBackingField(&quot;NullableInt64&quot;,100L)" assertions="2" time="0.000018" status="Passed" classname="RealmWeaver.Tests" /><testcase name="SetValueUnmanagedShouldSetBackingField(&quot;NullableSingle&quot;,123.123f)" assertions="2" time="0.000017" status="Passed" classname="RealmWeaver.Tests" /><testcase name="SetValueUnmanagedShouldSetBackingField(&quot;NullableDouble&quot;,123.123d)" assertions="2" time="0.000017" status="Passed" classname="RealmWeaver.Tests" /><testcase name="SetValueUnmanagedShouldSetBackingField(&quot;NullableBoolean&quot;,True)" assertions="2" time="0.000019" status="Passed" classname="RealmWeaver.Tests" /><testcase name="SetValueUnmanagedShouldSetBackingField(&quot;NullableDecimal&quot;,123.456m)" assertions="2" time="0.000018" status="Passed" classname="RealmWeaver.Tests" /><testcase name="SetValueUnmanagedShouldSetBackingField(&quot;NullableDecimal128&quot;,123.456)" assertions="2" time="0.000021" status="Passed" classname="RealmWeaver.Tests" /><testcase name="SetValueUnmanagedShouldSetBackingField(&quot;NullableObjectId&quot;,63b84049877af89f68ce02ab)" assertions="2" time="0.000019" status="Passed" classname="RealmWeaver.Tests" /><testcase name="SetValueUnmanagedShouldSetBackingField(&quot;NullableGuid&quot;,a22784e3-60f6-414a-9f59-3ea0e903c9e3)" assertions="2" time="0.000021" status="Passed" classname="RealmWeaver.Tests" /><testcase name="SetValueUnmanagedShouldSetBackingField(&quot;ByteCounter&quot;,100)" assertions="2" time="0.000022" status="Passed" classname="RealmWeaver.Tests" /><testcase name="SetValueUnmanagedShouldSetBackingField(&quot;Int16Counter&quot;,100)" assertions="2" time="0.000021" status="Passed" classname="RealmWeaver.Tests" /><testcase name="SetValueUnmanagedShouldSetBackingField(&quot;Int32Counter&quot;,100)" assertions="2" time="0.000021" status="Passed" classname="RealmWeaver.Tests" /><testcase name="SetValueUnmanagedShouldSetBackingField(&quot;Int64Counter&quot;,100)" assertions="2" time="0.000021" status="Passed" classname="RealmWeaver.Tests" /><testcase name="SetValueUnmanagedShouldSetBackingField(&quot;NullableByteCounter&quot;,100)" assertions="2" time="0.000019" status="Passed" classname="RealmWeaver.Tests" /><testcase name="SetValueUnmanagedShouldSetBackingField(&quot;NullableInt16Counter&quot;,100)" assertions="2" time="0.000019" status="Passed" classname="RealmWeaver.Tests" /><testcase name="SetValueUnmanagedShouldSetBackingField(&quot;NullableInt32Counter&quot;,100)" assertions="2" time="0.000019" status="Passed" classname="RealmWeaver.Tests" /><testcase name="SetValueUnmanagedShouldSetBackingField(&quot;NullableInt64Counter&quot;,100)" assertions="2" time="0.000019" status="Passed" classname="RealmWeaver.Tests" /></testsuite><testsuite tests="2" time="0.006478" errors="0" failures="0" skipped="0" timestamp="2023-01-06 15:37:56Z" name="Realm.Fody.Tests.dll.RealmWeaver.Tests.Tests(AfterRealmWeaver,False).WovenCopyToRealm_ShouldAlwaysSetRequiredProperties."><testcase name="WovenCopyToRealm_ShouldAlwaysSetRequiredProperties(&quot;RequiredObject&quot;,True)" assertions="1" time="0.003745" status="Passed" classname="RealmWeaver.Tests" /><testcase name="WovenCopyToRealm_ShouldAlwaysSetRequiredProperties(&quot;NonRequiredObject&quot;,False)" assertions="1" time="0.002693" status="Passed" classname="RealmWeaver.Tests" /></testsuite><testsuite tests="6" time="0.015130" errors="0" failures="0" skipped="0" timestamp="2023-01-06 15:37:56Z" name="Realm.Fody.Tests.dll.RealmWeaver.Tests.Tests(AfterRealmWeaver,False).WovenCopyToRealm_ShouldNeverSetPrimaryKeyProperties."><testcase name="WovenCopyToRealm_ShouldNeverSetPrimaryKeyProperties(&quot;Char&quot;)" assertions="1" time="0.006659" status="Passed" classname="RealmWeaver.Tests" /><testcase name="WovenCopyToRealm_ShouldNeverSetPrimaryKeyProperties(&quot;Byte&quot;)" assertions="1" time="0.001725" status="Passed" classname="RealmWeaver.Tests" /><testcase name="WovenCopyToRealm_ShouldNeverSetPrimaryKeyProperties(&quot;Int16&quot;)" assertions="1" time="0.001674" status="Passed" classname="RealmWeaver.Tests" /><testcase name="WovenCopyToRealm_ShouldNeverSetPrimaryKeyProperties(&quot;Int32&quot;)" assertions="1" time="0.001552" status="Passed" classname="RealmWeaver.Tests" /><testcase name="WovenCopyToRealm_ShouldNeverSetPrimaryKeyProperties(&quot;Int64&quot;)" assertions="1" time="0.001799" status="Passed" classname="RealmWeaver.Tests" /><testcase name="WovenCopyToRealm_ShouldNeverSetPrimaryKeyProperties(&quot;String&quot;)" assertions="1" time="0.001606" status="Passed" classname="RealmWeaver.Tests" /></testsuite><testsuite tests="9" time="0.008451" errors="0" failures="0" skipped="0" timestamp="2023-01-06 15:37:56Z" name="Realm.Fody.Tests.dll.RealmWeaver.Tests.Tests(AfterRealmWeaver,False).WovenCopyToRealm_ShouldSetNonDefaultProperties."><testcase name="WovenCopyToRealm_ShouldSetNonDefaultProperties(&quot;String&quot;,&quot;string&quot;)" assertions="1" time="0.000927" status="Passed" classname="RealmWeaver.Tests" /><testcase name="WovenCopyToRealm_ShouldSetNonDefaultProperties(&quot;Char&quot;,'d')" assertions="1" time="0.000922" status="Passed" classname="RealmWeaver.Tests" /><testcase name="WovenCopyToRealm_ShouldSetNonDefaultProperties(&quot;Byte&quot;,3)" assertions="1" time="0.000860" status="Passed" classname="RealmWeaver.Tests" /><testcase name="WovenCopyToRealm_ShouldSetNonDefaultProperties(&quot;Int16&quot;,3)" assertions="1" time="0.000830" status="Passed" classname="RealmWeaver.Tests" /><testcase name="WovenCopyToRealm_ShouldSetNonDefaultProperties(&quot;Int32&quot;,3)" assertions="1" time="0.000783" status="Passed" classname="RealmWeaver.Tests" /><testcase name="WovenCopyToRealm_ShouldSetNonDefaultProperties(&quot;Int64&quot;,3L)" assertions="1" time="0.001281" status="Passed" classname="RealmWeaver.Tests" /><testcase name="WovenCopyToRealm_ShouldSetNonDefaultProperties(&quot;Single&quot;,3.3f)" assertions="1" time="0.000961" status="Passed" classname="RealmWeaver.Tests" /><testcase name="WovenCopyToRealm_ShouldSetNonDefaultProperties(&quot;Double&quot;,3.3d)" assertions="1" time="0.000880" status="Passed" classname="RealmWeaver.Tests" /><testcase name="WovenCopyToRealm_ShouldSetNonDefaultProperties(&quot;Boolean&quot;,True)" assertions="1" time="0.000838" status="Passed" classname="RealmWeaver.Tests" /></testsuite><testsuite tests="237" time="0.996317" errors="0" failures="0" skipped="0" timestamp="2023-01-06 15:37:56Z" name="Realm.Fody.Tests.dll.RealmWeaver.Tests.Tests(AfterRealmWeaver,True)."><testcase name="GetRelationship" assertions="1" time="0.004088" status="Passed" classname="RealmWeaver.Tests" /><testcase name="MatchErrorsAndWarnings" assertions="2" time="0.000254" status="Passed" classname="RealmWeaver.Tests" /><testcase name="SetRelationship" assertions="2" time="0.001688" status="Passed" classname="RealmWeaver.Tests" /><testcase name="ShouldAddPreserveAttributeToConstructor" assertions="1" time="0.000137" status="Passed" classname="RealmWeaver.Tests" /><testcase name="ShouldAddPreserveAttributeToHelperConstructor" assertions="1" time="0.000100" status="Passed" classname="RealmWeaver.Tests" /><testcase name="ShouldAddWovenAttribute" assertions="1" time="0.000023" status="Passed" classname="RealmWeaver.Tests" /><testcase name="ShouldFollowMapToAttribute" assertions="1" time="0.000837" status="Passed" classname="RealmWeaver.Tests" /><testcase name="ShouldNotWeaveIgnoredProperties" assertions="1" time="0.000678" status="Passed" classname="RealmWeaver.Tests" /><testcase name="ShouldNotWeaveIQueryablePropertiesWithoutBacklinkAttribute" assertions="1" time="0.000131" status="Passed" classname="RealmWeaver.Tests" /><testcase name="ShouldWeaveBacklinksGetters" assertions="3" time="0.004244" status="Passed" classname="RealmWeaver.Tests" /><testcase name="SourceGeneratorWeaverShouldIgnorePropertiesNotInInterface" assertions="1" time="0.001907" status="Passed" classname="RealmWeaver.Tests" /><testcase name="SourceGeneratorWeaverShouldWeavePropertiesInInterface" assertions="1" time="0.002502" status="Passed" classname="RealmWeaver.Tests" /><testcase name="WovenCopyToRealm_ShouldAlwaysSetNullableProperties" assertions="1" time="0.004047" status="Passed" classname="RealmWeaver.Tests" /><testcase name="WovenCopyToRealm_ShouldAlwaysSetStructProperties" assertions="10" time="0.018391" status="Passed" classname="RealmWeaver.Tests" /><testcase name="WovenCopyToRealm_ShouldResetBacklinks" assertions="1" time="0.001668" status="Passed" classname="RealmWeaver.Tests" /><testcase name="WovenCopyToRealm_ShouldSetNonDefaultByteArrayProperties" assertions="1" time="0.003709" status="Passed" classname="RealmWeaver.Tests" /></testsuite><testsuite tests="33" time="0.005122" errors="0" failures="0" skipped="0" timestamp="2023-01-06 15:37:57Z" name="Realm.Fody.Tests.dll.RealmWeaver.Tests.Tests(AfterRealmWeaver,True).GetValueManagedShouldGetQueryDatabase."><testcase name="GetValueManagedShouldGetQueryDatabase(&quot;Char&quot;,'0')" assertions="1" time="0.002027" status="Passed" classname="RealmWeaver.Tests" /><testcase name="GetValueManagedShouldGetQueryDatabase(&quot;Byte&quot;,100)" assertions="1" time="0.000174" status="Passed" classname="RealmWeaver.Tests" /><testcase name="GetValueManagedShouldGetQueryDatabase(&quot;Int16&quot;,100)" assertions="1" time="0.000097" status="Passed" classname="RealmWeaver.Tests" /><testcase name="GetValueManagedShouldGetQueryDatabase(&quot;Int32&quot;,100)" assertions="1" time="0.000168" status="Passed" classname="RealmWeaver.Tests" /><testcase name="GetValueManagedShouldGetQueryDatabase(&quot;Int64&quot;,100L)" assertions="1" time="0.000105" status="Passed" classname="RealmWeaver.Tests" /><testcase name="GetValueManagedShouldGetQueryDatabase(&quot;Single&quot;,123.123f)" assertions="1" time="0.000080" status="Passed" classname="RealmWeaver.Tests" /><testcase name="GetValueManagedShouldGetQueryDatabase(&quot;Double&quot;,123.123d)" assertions="1" time="0.000067" status="Passed" classname="RealmWeaver.Tests" /><testcase name="GetValueManagedShouldGetQueryDatabase(&quot;Boolean&quot;,True)" assertions="1" time="0.000068" status="Passed" classname="RealmWeaver.Tests" /><testcase name="GetValueManagedShouldGetQueryDatabase(&quot;String&quot;,&quot;str&quot;)" assertions="1" time="0.000211" status="Passed" classname="RealmWeaver.Tests" /><testcase name="GetValueManagedShouldGetQueryDatabase(&quot;Decimal&quot;,123.456m)" assertions="1" time="0.000130" status="Passed" classname="RealmWeaver.Tests" /><testcase name="GetValueManagedShouldGetQueryDatabase(&quot;Decimal128&quot;,123.456)" assertions="1" time="0.000111" status="Passed" classname="RealmWeaver.Tests" /><testcase name="GetValueManagedShouldGetQueryDatabase(&quot;ObjectId&quot;,63b84049877af89f68ce02aa)" assertions="1" time="0.000090" status="Passed" classname="RealmWeaver.Tests" /><testcase name="GetValueManagedShouldGetQueryDatabase(&quot;Guid&quot;,7fd43ec1-b713-4e41-95ae-d2d4938b96ab)" assertions="1" time="0.000079" status="Passed" classname="RealmWeaver.Tests" /><testcase name="GetValueManagedShouldGetQueryDatabase(&quot;NullableChar&quot;,'0')" assertions="1" time="0.000090" status="Passed" classname="RealmWeaver.Tests" /><testcase name="GetValueManagedShouldGetQueryDatabase(&quot;NullableByte&quot;,100)" assertions="1" time="0.000078" status="Passed" classname="RealmWeaver.Tests" /><testcase name="GetValueManagedShouldGetQueryDatabase(&quot;NullableInt16&quot;,100)" assertions="1" time="0.000066" status="Passed" classname="RealmWeaver.Tests" /><testcase name="GetValueManagedShouldGetQueryDatabase(&quot;NullableInt32&quot;,100)" assertions="1" time="0.000066" status="Passed" classname="RealmWeaver.Tests" /><testcase name="GetValueManagedShouldGetQueryDatabase(&quot;NullableInt64&quot;,100L)" assertions="1" time="0.000080" status="Passed" classname="RealmWeaver.Tests" /><testcase name="GetValueManagedShouldGetQueryDatabase(&quot;NullableSingle&quot;,123.123f)" assertions="1" time="0.000074" status="Passed" classname="RealmWeaver.Tests" /><testcase name="GetValueManagedShouldGetQueryDatabase(&quot;NullableDouble&quot;,123.123d)" assertions="1" time="0.000075" status="Passed" classname="RealmWeaver.Tests" /><testcase name="GetValueManagedShouldGetQueryDatabase(&quot;NullableBoolean&quot;,True)" assertions="1" time="0.000073" status="Passed" classname="RealmWeaver.Tests" /><testcase name="GetValueManagedShouldGetQueryDatabase(&quot;NullableDecimal&quot;,123.456m)" assertions="1" time="0.000080" status="Passed" classname="RealmWeaver.Tests" /><testcase name="GetValueManagedShouldGetQueryDatabase(&quot;NullableDecimal128&quot;,123.456)" assertions="1" time="0.000073" status="Passed" classname="RealmWeaver.Tests" /><testcase name="GetValueManagedShouldGetQueryDatabase(&quot;NullableObjectId&quot;,63b84049877af89f68ce02ab)" assertions="1" time="0.000076" status="Passed" classname="RealmWeaver.Tests" /><testcase name="GetValueManagedShouldGetQueryDatabase(&quot;NullableGuid&quot;,a22784e3-60f6-414a-9f59-3ea0e903c9e3)" assertions="1" time="0.000071" status="Passed" classname="RealmWeaver.Tests" /><testcase name="GetValueManagedShouldGetQueryDatabase(&quot;ByteCounter&quot;,100)" assertions="1" time="0.000065" status="Passed" classname="RealmWeaver.Tests" /><testcase name="GetValueManagedShouldGetQueryDatabase(&quot;Int16Counter&quot;,100)" assertions="1" time="0.000062" status="Passed" classname="RealmWeaver.Tests" /><testcase name="GetValueManagedShouldGetQueryDatabase(&quot;Int32Counter&quot;,100)" assertions="1" time="0.000063" status="Passed" classname="RealmWeaver.Tests" /><testcase name="GetValueManagedShouldGetQueryDatabase(&quot;Int64Counter&quot;,100)" assertions="1" time="0.000060" status="Passed" classname="RealmWeaver.Tests" /><testcase name="GetValueManagedShouldGetQueryDatabase(&quot;NullableByteCounter&quot;,100)" assertions="1" time="0.000065" status="Passed" classname="RealmWeaver.Tests" /><testcase name="GetValueManagedShouldGetQueryDatabase(&quot;NullableInt16Counter&quot;,100)" assertions="1" time="0.000063" status="Passed" classname="RealmWeaver.Tests" /><testcase name="GetValueManagedShouldGetQueryDatabase(&quot;NullableInt32Counter&quot;,100)" assertions="1" time="0.000064" status="Passed" classname="RealmWeaver.Tests" /><testcase name="GetValueManagedShouldGetQueryDatabase(&quot;NullableInt64Counter&quot;,100)" assertions="1" time="0.000069" status="Passed" classname="RealmWeaver.Tests" /></testsuite><testsuite tests="33" time="0.015002" errors="0" failures="0" skipped="0" timestamp="2023-01-06 15:37:57Z" name="Realm.Fody.Tests.dll.RealmWeaver.Tests.Tests(AfterRealmWeaver,True).GetValueUnmanagedShouldGetBackingField."><testcase name="GetValueUnmanagedShouldGetBackingField(&quot;Char&quot;,'0')" assertions="2" time="0.001351" status="Passed" classname="RealmWeaver.Tests" /><testcase name="GetValueUnmanagedShouldGetBackingField(&quot;Byte&quot;,100)" assertions="2" time="0.000768" status="Passed" classname="RealmWeaver.Tests" /><testcase name="GetValueUnmanagedShouldGetBackingField(&quot;Int16&quot;,100)" assertions="2" time="0.001398" status="Passed" classname="RealmWeaver.Tests" /><testcase name="GetValueUnmanagedShouldGetBackingField(&quot;Int32&quot;,100)" assertions="2" time="0.000796" status="Passed" classname="RealmWeaver.Tests" /><testcase name="GetValueUnmanagedShouldGetBackingField(&quot;Int64&quot;,100L)" assertions="2" time="0.000751" status="Passed" classname="RealmWeaver.Tests" /><testcase name="GetValueUnmanagedShouldGetBackingField(&quot;Single&quot;,123.123f)" assertions="2" time="0.000698" status="Passed" classname="RealmWeaver.Tests" /><testcase name="GetValueUnmanagedShouldGetBackingField(&quot;Double&quot;,123.123d)" assertions="2" time="0.000716" status="Passed" classname="RealmWeaver.Tests" /><testcase name="GetValueUnmanagedShouldGetBackingField(&quot;Boolean&quot;,True)" assertions="2" time="0.000715" status="Passed" classname="RealmWeaver.Tests" /><testcase name="GetValueUnmanagedShouldGetBackingField(&quot;String&quot;,&quot;str&quot;)" assertions="2" time="0.000779" status="Passed" classname="RealmWeaver.Tests" /><testcase name="GetValueUnmanagedShouldGetBackingField(&quot;Decimal&quot;,123.456m)" assertions="2" time="0.000714" status="Passed" classname="RealmWeaver.Tests" /><testcase name="GetValueUnmanagedShouldGetBackingField(&quot;Decimal128&quot;,123.456)" assertions="2" time="0.000769" status="Passed" classname="RealmWeaver.Tests" /><testcase name="GetValueUnmanagedShouldGetBackingField(&quot;ObjectId&quot;,63b84049877af89f68ce02aa)" assertions="2" time="0.000699" status="Passed" classname="RealmWeaver.Tests" /><testcase name="GetValueUnmanagedShouldGetBackingField(&quot;Guid&quot;,7fd43ec1-b713-4e41-95ae-d2d4938b96ab)" assertions="2" time="0.000734" status="Passed" classname="RealmWeaver.Tests" /><testcase name="GetValueUnmanagedShouldGetBackingField(&quot;NullableChar&quot;,'0')" assertions="2" time="0.000061" status="Passed" classname="RealmWeaver.Tests" /><testcase name="GetValueUnmanagedShouldGetBackingField(&quot;NullableByte&quot;,100)" assertions="2" time="0.000037" status="Passed" classname="RealmWeaver.Tests" /><testcase name="GetValueUnmanagedShouldGetBackingField(&quot;NullableInt16&quot;,100)" assertions="2" time="0.000035" status="Passed" classname="RealmWeaver.Tests" /><testcase name="GetValueUnmanagedShouldGetBackingField(&quot;NullableInt32&quot;,100)" assertions="2" time="0.000030" status="Passed" classname="RealmWeaver.Tests" /><testcase name="GetValueUnmanagedShouldGetBackingField(&quot;NullableInt64&quot;,100L)" assertions="2" time="0.000025" status="Passed" classname="RealmWeaver.Tests" /><testcase name="GetValueUnmanagedShouldGetBackingField(&quot;NullableSingle&quot;,123.123f)" assertions="2" time="0.000031" status="Passed" classname="RealmWeaver.Tests" /><testcase name="GetValueUnmanagedShouldGetBackingField(&quot;NullableDouble&quot;,123.123d)" assertions="2" time="0.000029" status="Passed" classname="RealmWeaver.Tests" /><testcase name="GetValueUnmanagedShouldGetBackingField(&quot;NullableBoolean&quot;,True)" assertions="2" time="0.000032" status="Passed" classname="RealmWeaver.Tests" /><testcase name="GetValueUnmanagedShouldGetBackingField(&quot;NullableDecimal&quot;,123.456m)" assertions="2" time="0.000030" status="Passed" classname="RealmWeaver.Tests" /><testcase name="GetValueUnmanagedShouldGetBackingField(&quot;NullableDecimal128&quot;,123.456)" assertions="2" time="0.000036" status="Passed" classname="RealmWeaver.Tests" /><testcase name="GetValueUnmanagedShouldGetBackingField(&quot;NullableObjectId&quot;,63b84049877af89f68ce02ab)" assertions="2" time="0.000034" status="Passed" classname="RealmWeaver.Tests" /><testcase name="GetValueUnmanagedShouldGetBackingField(&quot;NullableGuid&quot;,a22784e3-60f6-414a-9f59-3ea0e903c9e3)" assertions="2" time="0.000028" status="Passed" classname="RealmWeaver.Tests" /><testcase name="GetValueUnmanagedShouldGetBackingField(&quot;ByteCounter&quot;,100)" assertions="2" time="0.000724" status="Passed" classname="RealmWeaver.Tests" /><testcase name="GetValueUnmanagedShouldGetBackingField(&quot;Int16Counter&quot;,100)" assertions="2" time="0.000954" status="Passed" classname="RealmWeaver.Tests" /><testcase name="GetValueUnmanagedShouldGetBackingField(&quot;Int32Counter&quot;,100)" assertions="2" time="0.000760" status="Passed" classname="RealmWeaver.Tests" /><testcase name="GetValueUnmanagedShouldGetBackingField(&quot;Int64Counter&quot;,100)" assertions="2" time="0.000726" status="Passed" classname="RealmWeaver.Tests" /><testcase name="GetValueUnmanagedShouldGetBackingField(&quot;NullableByteCounter&quot;,100)" assertions="2" time="0.000067" status="Passed" classname="RealmWeaver.Tests" /><testcase name="GetValueUnmanagedShouldGetBackingField(&quot;NullableInt16Counter&quot;,100)" assertions="2" time="0.000037" status="Passed" classname="RealmWeaver.Tests" /><testcase name="GetValueUnmanagedShouldGetBackingField(&quot;NullableInt32Counter&quot;,100)" assertions="2" time="0.000030" status="Passed" classname="RealmWeaver.Tests" /><testcase name="GetValueUnmanagedShouldGetBackingField(&quot;NullableInt64Counter&quot;,100)" assertions="2" time="0.000026" status="Passed" classname="RealmWeaver.Tests" /></testsuite><testsuite tests="6" time="0.016592" errors="0" failures="0" skipped="0" timestamp="2023-01-06 15:37:57Z" name="Realm.Fody.Tests.dll.RealmWeaver.Tests.Tests(AfterRealmWeaver,True).SettingPrimaryKeyPropertyShouldCallSetUnique."><testcase name="SettingPrimaryKeyPropertyShouldCallSetUnique(&quot;Char&quot;,'0','\0')" assertions="2" time="0.002815" status="Passed" classname="RealmWeaver.Tests" /><testcase name="SettingPrimaryKeyPropertyShouldCallSetUnique(&quot;Byte&quot;,100,byte.MinValue)" assertions="2" time="0.002958" status="Passed" classname="RealmWeaver.Tests" /><testcase name="SettingPrimaryKeyPropertyShouldCallSetUnique(&quot;Int16&quot;,100,0)" assertions="2" time="0.002582" status="Passed" classname="RealmWeaver.Tests" /><testcase name="SettingPrimaryKeyPropertyShouldCallSetUnique(&quot;Int32&quot;,100,0)" assertions="2" time="0.002611" status="Passed" classname="RealmWeaver.Tests" /><testcase name="SettingPrimaryKeyPropertyShouldCallSetUnique(&quot;Int64&quot;,100L,0L)" assertions="2" time="0.002514" status="Passed" classname="RealmWeaver.Tests" /><testcase name="SettingPrimaryKeyPropertyShouldCallSetUnique(&quot;String&quot;,&quot;str&quot;,null)" assertions="2" time="0.003014" status="Passed" classname="RealmWeaver.Tests" /></testsuite><testsuite tests="33" time="0.018057" errors="0" failures="0" skipped="0" timestamp="2023-01-06 15:37:57Z" name="Realm.Fody.Tests.dll.RealmWeaver.Tests.Tests(AfterRealmWeaver,True).SetValueManagedShouldNotRaisePropertyChanged."><testcase name="SetValueManagedShouldNotRaisePropertyChanged(&quot;Char&quot;,'0','\0')" assertions="3" time="0.002561" status="Passed" classname="RealmWeaver.Tests" /><testcase name="SetValueManagedShouldNotRaisePropertyChanged(&quot;Byte&quot;,100,byte.MinValue)" assertions="3" time="0.000774" status="Passed" classname="RealmWeaver.Tests" /><testcase name="SetValueManagedShouldNotRaisePropertyChanged(&quot;Int16&quot;,100,0)" assertions="3" time="0.000800" status="Passed" classname="RealmWeaver.Tests" /><testcase name="SetValueManagedShouldNotRaisePropertyChanged(&quot;Int32&quot;,100,0)" assertions="3" time="0.000759" status="Passed" classname="RealmWeaver.Tests" /><testcase name="SetValueManagedShouldNotRaisePropertyChanged(&quot;Int64&quot;,100L,0L)" assertions="3" time="0.000781" status="Passed" classname="RealmWeaver.Tests" /><testcase name="SetValueManagedShouldNotRaisePropertyChanged(&quot;Single&quot;,123.123f,0.0f)" assertions="3" time="0.000795" status="Passed" classname="RealmWeaver.Tests" /><testcase name="SetValueManagedShouldNotRaisePropertyChanged(&quot;Double&quot;,123.123d,0.0d)" assertions="3" time="0.000798" status="Passed" classname="RealmWeaver.Tests" /><testcase name="SetValueManagedShouldNotRaisePropertyChanged(&quot;Boolean&quot;,True,False)" assertions="3" time="0.000835" status="Passed" classname="RealmWeaver.Tests" /><testcase name="SetValueManagedShouldNotRaisePropertyChanged(&quot;String&quot;,&quot;str&quot;,null)" assertions="3" time="0.000768" status="Passed" classname="RealmWeaver.Tests" /><testcase name="SetValueManagedShouldNotRaisePropertyChanged(&quot;Decimal&quot;,123.456m,0m)" assertions="3" time="0.000956" status="Passed" classname="RealmWeaver.Tests" /><testcase name="SetValueManagedShouldNotRaisePropertyChanged(&quot;Decimal128&quot;,123.456,0)" assertions="3" time="0.000818" status="Passed" classname="RealmWeaver.Tests" /><testcase name="SetValueManagedShouldNotRaisePropertyChanged(&quot;ObjectId&quot;,63b84049877af89f68ce02aa,000000000000000000000000)" assertions="3" time="0.000785" status="Passed" classname="RealmWeaver.Tests" /><testcase name="SetValueManagedShouldNotRaisePropertyChanged(&quot;Guid&quot;,7fd43ec1-b713-4e41-95ae-d2d4938b96ab,00000000-0000-0000-0000-000000000000)" assertions="3" time="0.000825" status="Passed" classname="RealmWeaver.Tests" /><testcase name="SetValueManagedShouldNotRaisePropertyChanged(&quot;NullableChar&quot;,'0',null)" assertions="3" time="0.000147" status="Passed" classname="RealmWeaver.Tests" /><testcase name="SetValueManagedShouldNotRaisePropertyChanged(&quot;NullableByte&quot;,100,null)" assertions="3" time="0.000100" status="Passed" classname="RealmWeaver.Tests" /><testcase name="SetValueManagedShouldNotRaisePropertyChanged(&quot;NullableInt16&quot;,100,null)" assertions="3" time="0.000081" status="Passed" classname="RealmWeaver.Tests" /><testcase name="SetValueManagedShouldNotRaisePropertyChanged(&quot;NullableInt32&quot;,100,null)" assertions="3" time="0.000078" status="Passed" classname="RealmWeaver.Tests" /><testcase name="SetValueManagedShouldNotRaisePropertyChanged(&quot;NullableInt64&quot;,100L,null)" assertions="3" time="0.000085" status="Passed" classname="RealmWeaver.Tests" /><testcase name="SetValueManagedShouldNotRaisePropertyChanged(&quot;NullableSingle&quot;,123.123f,null)" assertions="3" time="0.000080" status="Passed" classname="RealmWeaver.Tests" /><testcase name="SetValueManagedShouldNotRaisePropertyChanged(&quot;NullableDouble&quot;,123.123d,null)" assertions="3" time="0.000076" status="Passed" classname="RealmWeaver.Tests" /><testcase name="SetValueManagedShouldNotRaisePropertyChanged(&quot;NullableBoolean&quot;,True,null)" assertions="3" time="0.000388" status="Passed" classname="RealmWeaver.Tests" /><testcase name="SetValueManagedShouldNotRaisePropertyChanged(&quot;NullableDecimal&quot;,123.456m,null)" assertions="3" time="0.000270" status="Passed" classname="RealmWeaver.Tests" /><testcase name="SetValueManagedShouldNotRaisePropertyChanged(&quot;NullableDecimal128&quot;,123.456,null)" assertions="3" time="0.000139" status="Passed" classname="RealmWeaver.Tests" /><testcase name="SetValueManagedShouldNotRaisePropertyChanged(&quot;NullableObjectId&quot;,63b84049877af89f68ce02ab,null)" assertions="3" time="0.000094" status="Passed" classname="RealmWeaver.Tests" /><testcase name="SetValueManagedShouldNotRaisePropertyChanged(&quot;NullableGuid&quot;,a22784e3-60f6-414a-9f59-3ea0e903c9e3,null)" assertions="3" time="0.000080" status="Passed" classname="RealmWeaver.Tests" /><testcase name="SetValueManagedShouldNotRaisePropertyChanged(&quot;ByteCounter&quot;,100,byte.MinValue)" assertions="3" time="0.000842" status="Passed" classname="RealmWeaver.Tests" /><testcase name="SetValueManagedShouldNotRaisePropertyChanged(&quot;Int16Counter&quot;,100,0)" assertions="3" time="0.000836" status="Passed" classname="RealmWeaver.Tests" /><testcase name="SetValueManagedShouldNotRaisePropertyChanged(&quot;Int32Counter&quot;,100,0)" assertions="3" time="0.000818" status="Passed" classname="RealmWeaver.Tests" /><testcase name="SetValueManagedShouldNotRaisePropertyChanged(&quot;Int64Counter&quot;,100,0L)" assertions="3" time="0.000797" status="Passed" classname="RealmWeaver.Tests" /><testcase name="SetValueManagedShouldNotRaisePropertyChanged(&quot;NullableByteCounter&quot;,100,null)" assertions="3" time="0.000133" status="Passed" classname="RealmWeaver.Tests" /><testcase name="SetValueManagedShouldNotRaisePropertyChanged(&quot;NullableInt16Counter&quot;,100,null)" assertions="3" time="0.000092" status="Passed" classname="RealmWeaver.Tests" /><testcase name="SetValueManagedShouldNotRaisePropertyChanged(&quot;NullableInt32Counter&quot;,100,null)" assertions="3" time="0.000077" status="Passed" classname="RealmWeaver.Tests" /><testcase name="SetValueManagedShouldNotRaisePropertyChanged(&quot;NullableInt64Counter&quot;,100,null)" assertions="3" time="0.000092" status="Passed" classname="RealmWeaver.Tests" /></testsuite><testsuite tests="33" time="0.000944" errors="0" failures="0" skipped="0" timestamp="2023-01-06 15:37:57Z" name="Realm.Fody.Tests.dll.RealmWeaver.Tests.Tests(AfterRealmWeaver,True).SetValueManagedShouldUpdateDatabase."><testcase name="SetValueManagedShouldUpdateDatabase(&quot;Char&quot;,'0','\0')" assertions="2" time="0.000055" status="Passed" classname="RealmWeaver.Tests" /><testcase name="SetValueManagedShouldUpdateDatabase(&quot;Byte&quot;,100,byte.MinValue)" assertions="2" time="0.000034" status="Passed" classname="RealmWeaver.Tests" /><testcase name="SetValueManagedShouldUpdateDatabase(&quot;Int16&quot;,100,0)" assertions="2" time="0.000032" status="Passed" classname="RealmWeaver.Tests" /><testcase name="SetValueManagedShouldUpdateDatabase(&quot;Int32&quot;,100,0)" assertions="2" time="0.000026" status="Passed" classname="RealmWeaver.Tests" /><testcase name="SetValueManagedShouldUpdateDatabase(&quot;Int64&quot;,100L,0L)" assertions="2" time="0.000026" status="Passed" classname="RealmWeaver.Tests" /><testcase name="SetValueManagedShouldUpdateDatabase(&quot;Single&quot;,123.123f,0.0f)" assertions="2" time="0.000021" status="Passed" classname="RealmWeaver.Tests" /><testcase name="SetValueManagedShouldUpdateDatabase(&quot;Double&quot;,123.123d,0.0d)" assertions="2" time="0.000020" status="Passed" classname="RealmWeaver.Tests" /><testcase name="SetValueManagedShouldUpdateDatabase(&quot;Boolean&quot;,True,False)" assertions="2" time="0.000034" status="Passed" classname="RealmWeaver.Tests" /><testcase name="SetValueManagedShouldUpdateDatabase(&quot;String&quot;,&quot;str&quot;,null)" assertions="2" time="0.000027" status="Passed" classname="RealmWeaver.Tests" /><testcase name="SetValueManagedShouldUpdateDatabase(&quot;Decimal&quot;,123.456m,0m)" assertions="2" time="0.000026" status="Passed" classname="RealmWeaver.Tests" /><testcase name="SetValueManagedShouldUpdateDatabase(&quot;Decimal128&quot;,123.456,0)" assertions="2" time="0.000031" status="Passed" classname="RealmWeaver.Tests" /><testcase name="SetValueManagedShouldUpdateDatabase(&quot;ObjectId&quot;,63b84049877af89f68ce02aa,000000000000000000000000)" assertions="2" time="0.000029" status="Passed" classname="RealmWeaver.Tests" /><testcase name="SetValueManagedShouldUpdateDatabase(&quot;Guid&quot;,7fd43ec1-b713-4e41-95ae-d2d4938b96ab,00000000-0000-0000-0000-000000000000)" assertions="2" time="0.000029" status="Passed" classname="RealmWeaver.Tests" /><testcase name="SetValueManagedShouldUpdateDatabase(&quot;NullableChar&quot;,'0',null)" assertions="2" time="0.000019" status="Passed" classname="RealmWeaver.Tests" /><testcase name="SetValueManagedShouldUpdateDatabase(&quot;NullableByte&quot;,100,null)" assertions="2" time="0.000022" status="Passed" classname="RealmWeaver.Tests" /><testcase name="SetValueManagedShouldUpdateDatabase(&quot;NullableInt16&quot;,100,null)" assertions="2" time="0.000021" status="Passed" classname="RealmWeaver.Tests" /><testcase name="SetValueManagedShouldUpdateDatabase(&quot;NullableInt32&quot;,100,null)" assertions="2" time="0.000021" status="Passed" classname="RealmWeaver.Tests" /><testcase name="SetValueManagedShouldUpdateDatabase(&quot;NullableInt64&quot;,100L,null)" assertions="2" time="0.000021" status="Passed" classname="RealmWeaver.Tests" /><testcase name="SetValueManagedShouldUpdateDatabase(&quot;NullableSingle&quot;,123.123f,null)" assertions="2" time="0.000021" status="Passed" classname="RealmWeaver.Tests" /><testcase name="SetValueManagedShouldUpdateDatabase(&quot;NullableDouble&quot;,123.123d,null)" assertions="2" time="0.000017" status="Passed" classname="RealmWeaver.Tests" /><testcase name="SetValueManagedShouldUpdateDatabase(&quot;NullableBoolean&quot;,True,null)" assertions="2" time="0.000021" status="Passed" classname="RealmWeaver.Tests" /><testcase name="SetValueManagedShouldUpdateDatabase(&quot;NullableDecimal&quot;,123.456m,null)" assertions="2" time="0.000023" status="Passed" classname="RealmWeaver.Tests" /><testcase name="SetValueManagedShouldUpdateDatabase(&quot;NullableDecimal128&quot;,123.456,null)" assertions="2" time="0.000022" status="Passed" classname="RealmWeaver.Tests" /><testcase name="SetValueManagedShouldUpdateDatabase(&quot;NullableObjectId&quot;,63b84049877af89f68ce02ab,null)" assertions="2" time="0.000021" status="Passed" classname="RealmWeaver.Tests" /><testcase name="SetValueManagedShouldUpdateDatabase(&quot;NullableGuid&quot;,a22784e3-60f6-414a-9f59-3ea0e903c9e3,null)" assertions="2" time="0.000022" status="Passed" classname="RealmWeaver.Tests" /><testcase name="SetValueManagedShouldUpdateDatabase(&quot;ByteCounter&quot;,100,byte.MinValue)" assertions="2" time="0.000030" status="Passed" classname="RealmWeaver.Tests" /><testcase name="SetValueManagedShouldUpdateDatabase(&quot;Int16Counter&quot;,100,0)" assertions="2" time="0.000025" status="Passed" classname="RealmWeaver.Tests" /><testcase name="SetValueManagedShouldUpdateDatabase(&quot;Int32Counter&quot;,100,0)" assertions="2" time="0.000023" status="Passed" classname="RealmWeaver.Tests" /><testcase name="SetValueManagedShouldUpdateDatabase(&quot;Int64Counter&quot;,100,0L)" assertions="2" time="0.000026" status="Passed" classname="RealmWeaver.Tests" /><testcase name="SetValueManagedShouldUpdateDatabase(&quot;NullableByteCounter&quot;,100,null)" assertions="2" time="0.000021" status="Passed" classname="RealmWeaver.Tests" /><testcase name="SetValueManagedShouldUpdateDatabase(&quot;NullableInt16Counter&quot;,100,null)" assertions="2" time="0.000022" status="Passed" classname="RealmWeaver.Tests" /><testcase name="SetValueManagedShouldUpdateDatabase(&quot;NullableInt32Counter&quot;,100,null)" assertions="2" time="0.000020" status="Passed" classname="RealmWeaver.Tests" /><testcase name="SetValueManagedShouldUpdateDatabase(&quot;NullableInt64Counter&quot;,100,null)" assertions="2" time="0.000020" status="Passed" classname="RealmWeaver.Tests" /></testsuite><testsuite tests="33" time="0.000735" errors="0" failures="0" skipped="0" timestamp="2023-01-06 15:37:57Z" name="Realm.Fody.Tests.dll.RealmWeaver.Tests.Tests(AfterRealmWeaver,True).SetValueUnmanagedShouldRaisePropertyChanged."><testcase name="SetValueUnmanagedShouldRaisePropertyChanged(&quot;Char&quot;,'0')" assertions="2" time="0.000040" status="Passed" classname="RealmWeaver.Tests" /><testcase name="SetValueUnmanagedShouldRaisePropertyChanged(&quot;Byte&quot;,100)" assertions="2" time="0.000016" status="Passed" classname="RealmWeaver.Tests" /><testcase name="SetValueUnmanagedShouldRaisePropertyChanged(&quot;Int16&quot;,100)" assertions="2" time="0.000019" status="Passed" classname="RealmWeaver.Tests" /><testcase name="SetValueUnmanagedShouldRaisePropertyChanged(&quot;Int32&quot;,100)" assertions="2" time="0.000018" status="Passed" classname="RealmWeaver.Tests" /><testcase name="SetValueUnmanagedShouldRaisePropertyChanged(&quot;Int64&quot;,100L)" assertions="2" time="0.000015" status="Passed" classname="RealmWeaver.Tests" /><testcase name="SetValueUnmanagedShouldRaisePropertyChanged(&quot;Single&quot;,123.123f)" assertions="2" time="0.000018" status="Passed" classname="RealmWeaver.Tests" /><testcase name="SetValueUnmanagedShouldRaisePropertyChanged(&quot;Double&quot;,123.123d)" assertions="2" time="0.000015" status="Passed" classname="RealmWeaver.Tests" /><testcase name="SetValueUnmanagedShouldRaisePropertyChanged(&quot;Boolean&quot;,True)" assertions="2" time="0.000022" status="Passed" classname="RealmWeaver.Tests" /><testcase name="SetValueUnmanagedShouldRaisePropertyChanged(&quot;String&quot;,&quot;str&quot;)" assertions="2" time="0.000016" status="Passed" classname="RealmWeaver.Tests" /><testcase name="SetValueUnmanagedShouldRaisePropertyChanged(&quot;Decimal&quot;,123.456m)" assertions="2" time="0.000021" status="Passed" classname="RealmWeaver.Tests" /><testcase name="SetValueUnmanagedShouldRaisePropertyChanged(&quot;Decimal128&quot;,123.456)" assertions="2" time="0.000024" status="Passed" classname="RealmWeaver.Tests" /><testcase name="SetValueUnmanagedShouldRaisePropertyChanged(&quot;ObjectId&quot;,63b84049877af89f68ce02aa)" assertions="2" time="0.000017" status="Passed" classname="RealmWeaver.Tests" /><testcase name="SetValueUnmanagedShouldRaisePropertyChanged(&quot;Guid&quot;,7fd43ec1-b713-4e41-95ae-d2d4938b96ab)" assertions="2" time="0.000022" status="Passed" classname="RealmWeaver.Tests" /><testcase name="SetValueUnmanagedShouldRaisePropertyChanged(&quot;NullableChar&quot;,'0')" assertions="2" time="0.000015" status="Passed" classname="RealmWeaver.Tests" /><testcase name="SetValueUnmanagedShouldRaisePropertyChanged(&quot;NullableByte&quot;,100)" assertions="2" time="0.000015" status="Passed" classname="RealmWeaver.Tests" /><testcase name="SetValueUnmanagedShouldRaisePropertyChanged(&quot;NullableInt16&quot;,100)" assertions="2" time="0.000018" status="Passed" classname="RealmWeaver.Tests" /><testcase name="SetValueUnmanagedShouldRaisePropertyChanged(&quot;NullableInt32&quot;,100)" assertions="2" time="0.000015" status="Passed" classname="RealmWeaver.Tests" /><testcase name="SetValueUnmanagedShouldRaisePropertyChanged(&quot;NullableInt64&quot;,100L)" assertions="2" time="0.000018" status="Passed" classname="RealmWeaver.Tests" /><testcase name="SetValueUnmanagedShouldRaisePropertyChanged(&quot;NullableSingle&quot;,123.123f)" assertions="2" time="0.000015" status="Passed" classname="RealmWeaver.Tests" /><testcase name="SetValueUnmanagedShouldRaisePropertyChanged(&quot;NullableDouble&quot;,123.123d)" assertions="2" time="0.000018" status="Passed" classname="RealmWeaver.Tests" /><testcase name="SetValueUnmanagedShouldRaisePropertyChanged(&quot;NullableBoolean&quot;,True)" assertions="2" time="0.000020" status="Passed" classname="RealmWeaver.Tests" /><testcase name="SetValueUnmanagedShouldRaisePropertyChanged(&quot;NullableDecimal&quot;,123.456m)" assertions="2" time="0.000015" status="Passed" classname="RealmWeaver.Tests" /><testcase name="SetValueUnmanagedShouldRaisePropertyChanged(&quot;NullableDecimal128&quot;,123.456)" assertions="2" time="0.000023" status="Passed" classname="RealmWeaver.Tests" /><testcase name="SetValueUnmanagedShouldRaisePropertyChanged(&quot;NullableObjectId&quot;,63b84049877af89f68ce02ab)" assertions="2" time="0.000016" status="Passed" classname="RealmWeaver.Tests" /><testcase name="SetValueUnmanagedShouldRaisePropertyChanged(&quot;NullableGuid&quot;,a22784e3-60f6-414a-9f59-3ea0e903c9e3)" assertions="2" time="0.000017" status="Passed" classname="RealmWeaver.Tests" /><testcase name="SetValueUnmanagedShouldRaisePropertyChanged(&quot;ByteCounter&quot;,100)" assertions="2" time="0.000023" status="Passed" classname="RealmWeaver.Tests" /><testcase name="SetValueUnmanagedShouldRaisePropertyChanged(&quot;Int16Counter&quot;,100)" assertions="2" time="0.000018" status="Passed" classname="RealmWeaver.Tests" /><testcase name="SetValueUnmanagedShouldRaisePropertyChanged(&quot;Int32Counter&quot;,100)" assertions="2" time="0.000022" status="Passed" classname="RealmWeaver.Tests" /><testcase name="SetValueUnmanagedShouldRaisePropertyChanged(&quot;Int64Counter&quot;,100)" assertions="2" time="0.000021" status="Passed" classname="RealmWeaver.Tests" /><testcase name="SetValueUnmanagedShouldRaisePropertyChanged(&quot;NullableByteCounter&quot;,100)" assertions="2" time="0.000016" status="Passed" classname="RealmWeaver.Tests" /><testcase name="SetValueUnmanagedShouldRaisePropertyChanged(&quot;NullableInt16Counter&quot;,100)" assertions="2" time="0.000020" status="Passed" classname="RealmWeaver.Tests" /><testcase name="SetValueUnmanagedShouldRaisePropertyChanged(&quot;NullableInt32Counter&quot;,100)" assertions="2" time="0.000019" status="Passed" classname="RealmWeaver.Tests" /><testcase name="SetValueUnmanagedShouldRaisePropertyChanged(&quot;NullableInt64Counter&quot;,100)" assertions="2" time="0.000015" status="Passed" classname="RealmWeaver.Tests" /></testsuite><testsuite tests="33" time="0.000823" errors="0" failures="0" skipped="0" timestamp="2023-01-06 15:37:57Z" name="Realm.Fody.Tests.dll.RealmWeaver.Tests.Tests(AfterRealmWeaver,True).SetValueUnmanagedShouldSetBackingField."><testcase name="SetValueUnmanagedShouldSetBackingField(&quot;Char&quot;,'0')" assertions="2" time="0.000032" status="Passed" classname="RealmWeaver.Tests" /><testcase name="SetValueUnmanagedShouldSetBackingField(&quot;Byte&quot;,100)" assertions="2" time="0.000018" status="Passed" classname="RealmWeaver.Tests" /><testcase name="SetValueUnmanagedShouldSetBackingField(&quot;Int16&quot;,100)" assertions="2" time="0.000021" status="Passed" classname="RealmWeaver.Tests" /><testcase name="SetValueUnmanagedShouldSetBackingField(&quot;
[...]
RealmWeaver.Tests" /><testcase name="SetValueManagedShouldUpdateDatabase(&quot;Decimal&quot;,123.456m,0m)" assertions="2" time="0.000018" status="Passed" classname="RealmWeaver.Tests" /><testcase name="SetValueManagedShouldUpdateDatabase(&quot;Decimal128&quot;,123.456,0)" assertions="2" time="0.000022" status="Passed" classname="RealmWeaver.Tests" /><testcase name="SetValueManagedShouldUpdateDatabase(&quot;ObjectId&quot;,63b84049877af89f68ce02aa,000000000000000000000000)" assertions="2" time="0.000019" status="Passed" classname="RealmWeaver.Tests" /><testcase name="SetValueManagedShouldUpdateDatabase(&quot;Guid&quot;,7fd43ec1-b713-4e41-95ae-d2d4938b96ab,00000000-0000-0000-0000-000000000000)" assertions="2" time="0.000019" status="Passed" classname="RealmWeaver.Tests" /><testcase name="SetValueManagedShouldUpdateDatabase(&quot;NullableChar&quot;,'0',null)" assertions="2" time="0.000017" status="Passed" classname="RealmWeaver.Tests" /><testcase name="SetValueManagedShouldUpdateDatabase(&quot;NullableByte&quot;,100,null)" assertions="2" time="0.000015" status="Passed" classname="RealmWeaver.Tests" /><testcase name="SetValueManagedShouldUpdateDatabase(&quot;NullableInt16&quot;,100,null)" assertions="2" time="0.000012" status="Passed" classname="RealmWeaver.Tests" /><testcase name="SetValueManagedShouldUpdateDatabase(&quot;NullableInt32&quot;,100,null)" assertions="2" time="0.000012" status="Passed" classname="RealmWeaver.Tests" /><testcase name="SetValueManagedShouldUpdateDatabase(&quot;NullableInt64&quot;,100L,null)" assertions="2" time="0.000016" status="Passed" classname="RealmWeaver.Tests" /><testcase name="SetValueManagedShouldUpdateDatabase(&quot;NullableSingle&quot;,123.123f,null)" assertions="2" time="0.000016" status="Passed" classname="RealmWeaver.Tests" /><testcase name="SetValueManagedShouldUpdateDatabase(&quot;NullableDouble&quot;,123.123d,null)" assertions="2" time="0.000015" status="Passed" classname="RealmWeaver.Tests" /><testcase name="SetValueManagedShouldUpdateDatabase(&quot;NullableBoolean&quot;,True,null)" assertions="2" time="0.000015" status="Passed" classname="RealmWeaver.Tests" /><testcase name="SetValueManagedShouldUpdateDatabase(&quot;NullableDecimal&quot;,123.456m,null)" assertions="2" time="0.000012" status="Passed" classname="RealmWeaver.Tests" /><testcase name="SetValueManagedShouldUpdateDatabase(&quot;NullableDecimal128&quot;,123.456,null)" assertions="2" time="0.000012" status="Passed" classname="RealmWeaver.Tests" /><testcase name="SetValueManagedShouldUpdateDatabase(&quot;NullableObjectId&quot;,63b84049877af89f68ce02ab,null)" assertions="2" time="0.000015" status="Passed" classname="RealmWeaver.Tests" /><testcase name="SetValueManagedShouldUpdateDatabase(&quot;NullableGuid&quot;,a22784e3-60f6-414a-9f59-3ea0e903c9e3,null)" assertions="2" time="0.000015" status="Passed" classname="RealmWeaver.Tests" /><testcase name="SetValueManagedShouldUpdateDatabase(&quot;ByteCounter&quot;,100,byte.MinValue)" assertions="2" time="0.000023" status="Passed" classname="RealmWeaver.Tests" /><testcase name="SetValueManagedShouldUpdateDatabase(&quot;Int16Counter&quot;,100,0)" assertions="2" time="0.000021" status="Passed" classname="RealmWeaver.Tests" /><testcase name="SetValueManagedShouldUpdateDatabase(&quot;Int32Counter&quot;,100,0)" assertions="2" time="0.000019" status="Passed" classname="RealmWeaver.Tests" /><testcase name="SetValueManagedShouldUpdateDatabase(&quot;Int64Counter&quot;,100,0L)" assertions="2" time="0.000019" status="Passed" classname="RealmWeaver.Tests" /><testcase name="SetValueManagedShouldUpdateDatabase(&quot;NullableByteCounter&quot;,100,null)" assertions="2" time="0.000015" status="Passed" classname="RealmWeaver.Tests" /><testcase name="SetValueManagedShouldUpdateDatabase(&quot;NullableInt16Counter&quot;,100,null)" assertions="2" time="0.000011" status="Passed" classname="RealmWeaver.Tests" /><testcase name="SetValueManagedShouldUpdateDatabase(&quot;NullableInt32Counter&quot;,100,null)" assertions="2" time="0.000014" status="Passed" classname="RealmWeaver.Tests" /><testcase name="SetValueManagedShouldUpdateDatabase(&quot;NullableInt64Counter&quot;,100,null)" assertions="2" time="0.000014" status="Passed" classname="RealmWeaver.Tests" /></testsuite><testsuite tests="33" time="0.000523" errors="0" failures="0" skipped="0" timestamp="2023-01-06 15:38:00Z" name="Realm.Fody.Tests.dll.RealmWeaver.Tests.Tests(NoPropertyChanged,True).SetValueUnmanagedShouldRaisePropertyChanged."><testcase name="SetValueUnmanagedShouldRaisePropertyChanged(&quot;Char&quot;,'0')" assertions="2" time="0.000034" status="Passed" classname="RealmWeaver.Tests" /><testcase name="SetValueUnmanagedShouldRaisePropertyChanged(&quot;Byte&quot;,100)" assertions="2" time="0.000014" status="Passed" classname="RealmWeaver.Tests" /><testcase name="SetValueUnmanagedShouldRaisePropertyChanged(&quot;Int16&quot;,100)" assertions="2" time="0.000011" status="Passed" classname="RealmWeaver.Tests" /><testcase name="SetValueUnmanagedShouldRaisePropertyChanged(&quot;Int32&quot;,100)" assertions="2" time="0.000014" status="Passed" classname="RealmWeaver.Tests" /><testcase name="SetValueUnmanagedShouldRaisePropertyChanged(&quot;Int64&quot;,100L)" assertions="2" time="0.000011" status="Passed" classname="RealmWeaver.Tests" /><testcase name="SetValueUnmanagedShouldRaisePropertyChanged(&quot;Single&quot;,123.123f)" assertions="2" time="0.000010" status="Passed" classname="RealmWeaver.Tests" /><testcase name="SetValueUnmanagedShouldRaisePropertyChanged(&quot;Double&quot;,123.123d)" assertions="2" time="0.000013" status="Passed" classname="RealmWeaver.Tests" /><testcase name="SetValueUnmanagedShouldRaisePropertyChanged(&quot;Boolean&quot;,True)" assertions="2" time="0.000014" status="Passed" classname="RealmWeaver.Tests" /><testcase name="SetValueUnmanagedShouldRaisePropertyChanged(&quot;String&quot;,&quot;str&quot;)" assertions="2" time="0.000014" status="Passed" classname="RealmWeaver.Tests" /><testcase name="SetValueUnmanagedShouldRaisePropertyChanged(&quot;Decimal&quot;,123.456m)" assertions="2" time="0.000011" status="Passed" classname="RealmWeaver.Tests" /><testcase name="SetValueUnmanagedShouldRaisePropertyChanged(&quot;Decimal128&quot;,123.456)" assertions="2" time="0.000017" status="Passed" classname="RealmWeaver.Tests" /><testcase name="SetValueUnmanagedShouldRaisePropertyChanged(&quot;ObjectId&quot;,63b84049877af89f68ce02aa)" assertions="2" time="0.000015" status="Passed" classname="RealmWeaver.Tests" /><testcase name="SetValueUnmanagedShouldRaisePropertyChanged(&quot;Guid&quot;,7fd43ec1-b713-4e41-95ae-d2d4938b96ab)" assertions="2" time="0.000012" status="Passed" classname="RealmWeaver.Tests" /><testcase name="SetValueUnmanagedShouldRaisePropertyChanged(&quot;NullableChar&quot;,'0')" assertions="2" time="0.000014" status="Passed" classname="RealmWeaver.Tests" /><testcase name="SetValueUnmanagedShouldRaisePropertyChanged(&quot;NullableByte&quot;,100)" assertions="2" time="0.000010" status="Passed" classname="RealmWeaver.Tests" /><testcase name="SetValueUnmanagedShouldRaisePropertyChanged(&quot;NullableInt16&quot;,100)" assertions="2" time="0.000014" status="Passed" classname="RealmWeaver.Tests" /><testcase name="SetValueUnmanagedShouldRaisePropertyChanged(&quot;NullableInt32&quot;,100)" assertions="2" time="0.000014" status="Passed" classname="RealmWeaver.Tests" /><testcase name="SetValueUnmanagedShouldRaisePropertyChanged(&quot;NullableInt64&quot;,100L)" assertions="2" time="0.000011" status="Passed" classname="RealmWeaver.Tests" /><testcase name="SetValueUnmanagedShouldRaisePropertyChanged(&quot;NullableSingle&quot;,123.123f)" assertions="2" time="0.000013" status="Passed" classname="RealmWeaver.Tests" /><testcase name="SetValueUnmanagedShouldRaisePropertyChanged(&quot;NullableDouble&quot;,123.123d)" assertions="2" time="0.000010" status="Passed" classname="RealmWeaver.Tests" /><testcase name="SetValueUnmanagedShouldRaisePropertyChanged(&quot;NullableBoolean&quot;,True)" assertions="2" time="0.000014" status="Passed" classname="RealmWeaver.Tests" /><testcase name="SetValueUnmanagedShouldRaisePropertyChanged(&quot;NullableDecimal&quot;,123.456m)" assertions="2" time="0.000013" status="Passed" classname="RealmWeaver.Tests" /><testcase name="SetValueUnmanagedShouldRaisePropertyChanged(&quot;NullableDecimal128&quot;,123.456)" assertions="2" time="0.000012" status="Passed" classname="RealmWeaver.Tests" /><testcase name="SetValueUnmanagedShouldRaisePropertyChanged(&quot;NullableObjectId&quot;,63b84049877af89f68ce02ab)" assertions="2" time="0.000014" status="Passed" classname="RealmWeaver.Tests" /><testcase name="SetValueUnmanagedShouldRaisePropertyChanged(&quot;NullableGuid&quot;,a22784e3-60f6-414a-9f59-3ea0e903c9e3)" assertions="2" time="0.000012" status="Passed" classname="RealmWeaver.Tests" /><testcase name="SetValueUnmanagedShouldRaisePropertyChanged(&quot;ByteCounter&quot;,100)" assertions="2" time="0.000013" status="Passed" classname="RealmWeaver.Tests" /><testcase name="SetValueUnmanagedShouldRaisePropertyChanged(&quot;Int16Counter&quot;,100)" assertions="2" time="0.000016" status="Passed" classname="RealmWeaver.Tests" /><testcase name="SetValueUnmanagedShouldRaisePropertyChanged(&quot;Int32Counter&quot;,100)" assertions="2" time="0.000012" status="Passed" classname="RealmWeaver.Tests" /><testcase name="SetValueUnmanagedShouldRaisePropertyChanged(&quot;Int64Counter&quot;,100)" assertions="2" time="0.000015" status="Passed" classname="RealmWeaver.Tests" /><testcase name="SetValueUnmanagedShouldRaisePropertyChanged(&quot;NullableByteCounter&quot;,100)" assertions="2" time="0.000015" status="Passed" classname="RealmWeaver.Tests" /><testcase name="SetValueUnmanagedShouldRaisePropertyChanged(&quot;NullableInt16Counter&quot;,100)" assertions="2" time="0.000011" status="Passed" classname="RealmWeaver.Tests" /><testcase name="SetValueUnmanagedShouldRaisePropertyChanged(&quot;NullableInt32Counter&quot;,100)" assertions="2" time="0.000014" status="Passed" classname="RealmWeaver.Tests" /><testcase name="SetValueUnmanagedShouldRaisePropertyChanged(&quot;NullableInt64Counter&quot;,100)" assertions="2" time="0.000013" status="Passed" classname="RealmWeaver.Tests" /></testsuite><testsuite tests="33" time="0.000600" errors="0" failures="0" skipped="0" timestamp="2023-01-06 15:38:00Z" name="Realm.Fody.Tests.dll.RealmWeaver.Tests.Tests(NoPropertyChanged,True).SetValueUnmanagedShouldSetBackingField."><testcase name="SetValueUnmanagedShouldSetBackingField(&quot;Char&quot;,'0')" assertions="2" time="0.000027" status="Passed" classname="RealmWeaver.Tests" /><testcase name="SetValueUnmanagedShouldSetBackingField(&quot;Byte&quot;,100)" assertions="2" time="0.000017" status="Passed" classname="RealmWeaver.Tests" /><testcase name="SetValueUnmanagedShouldSetBackingField(&quot;Int16&quot;,100)" assertions="2" time="0.000013" status="Passed" classname="RealmWeaver.Tests" /><testcase name="SetValueUnmanagedShouldSetBackingField(&quot;Int32&quot;,100)" assertions="2" time="0.000012" status="Passed" classname="RealmWeaver.Tests" /><testcase name="SetValueUnmanagedShouldSetBackingField(&quot;Int64&quot;,100L)" assertions="2" time="0.000015" status="Passed" classname="RealmWeaver.Tests" /><testcase name="SetValueUnmanagedShouldSetBackingField(&quot;Single&quot;,123.123f)" assertions="2" time="0.000015" status="Passed" classname="RealmWeaver.Tests" /><testcase name="SetValueUnmanagedShouldSetBackingField(&quot;Double&quot;,123.123d)" assertions="2" time="0.000012" status="Passed" classname="RealmWeaver.Tests" /><testcase name="SetValueUnmanagedShouldSetBackingField(&quot;Boolean&quot;,True)" assertions="2" time="0.000014" status="Passed" classname="RealmWeaver.Tests" /><testcase name="SetValueUnmanagedShouldSetBackingField(&quot;String&quot;,&quot;str&quot;)" assertions="2" time="0.000015" status="Passed" classname="RealmWeaver.Tests" /><testcase name="SetValueUnmanagedShouldSetBackingField(&quot;Decimal&quot;,123.456m)" assertions="2" time="0.000015" status="Passed" classname="RealmWeaver.Tests" /><testcase name="SetValueUnmanagedShouldSetBackingField(&quot;Decimal128&quot;,123.456)" assertions="2" time="0.000018" status="Passed" classname="RealmWeaver.Tests" /><testcase name="SetValueUnmanagedShouldSetBackingField(&quot;ObjectId&quot;,63b84049877af89f68ce02aa)" assertions="2" time="0.000014" status="Passed" classname="RealmWeaver.Tests" /><testcase name="SetValueUnmanagedShouldSetBackingField(&quot;Guid&quot;,7fd43ec1-b713-4e41-95ae-d2d4938b96ab)" assertions="2" time="0.000016" status="Passed" classname="RealmWeaver.Tests" /><testcase name="SetValueUnmanagedShouldSetBackingField(&quot;NullableChar&quot;,'0')" assertions="2" time="0.000015" status="Passed" classname="RealmWeaver.Tests" /><testcase name="SetValueUnmanagedShouldSetBackingField(&quot;NullableByte&quot;,100)" assertions="2" time="0.000015" status="Passed" classname="RealmWeaver.Tests" /><testcase name="SetValueUnmanagedShouldSetBackingField(&quot;NullableInt16&quot;,100)" assertions="2" time="0.000012" status="Passed" classname="RealmWeaver.Tests" /><testcase name="SetValueUnmanagedShouldSetBackingField(&quot;NullableInt32&quot;,100)" assertions="2" time="0.000012" status="Passed" classname="RealmWeaver.Tests" /><testcase name="SetValueUnmanagedShouldSetBackingField(&quot;NullableInt64&quot;,100L)" assertions="2" time="0.000017" status="Passed" classname="RealmWeaver.Tests" /><testcase name="SetValueUnmanagedShouldSetBackingField(&quot;NullableSingle&quot;,123.123f)" assertions="2" time="0.000015" status="Passed" classname="RealmWeaver.Tests" /><testcase name="SetValueUnmanagedShouldSetBackingField(&quot;NullableDouble&quot;,123.123d)" assertions="2" time="0.000015" status="Passed" classname="RealmWeaver.Tests" /><testcase name="SetValueUnmanagedShouldSetBackingField(&quot;NullableBoolean&quot;,True)" assertions="2" time="0.000013" status="Passed" classname="RealmWeaver.Tests" /><testcase name="SetValueUnmanagedShouldSetBackingField(&quot;NullableDecimal&quot;,123.456m)" assertions="2" time="0.000015" status="Passed" classname="RealmWeaver.Tests" /><testcase name="SetValueUnmanagedShouldSetBackingField(&quot;NullableDecimal128&quot;,123.456)" assertions="2" time="0.000017" status="Passed" classname="RealmWeaver.Tests" /><testcase name="SetValueUnmanagedShouldSetBackingField(&quot;NullableObjectId&quot;,63b84049877af89f68ce02ab)" assertions="2" time="0.000016" status="Passed" classname="RealmWeaver.Tests" /><testcase name="SetValueUnmanagedShouldSetBackingField(&quot;NullableGuid&quot;,a22784e3-60f6-414a-9f59-3ea0e903c9e3)" assertions="2" time="0.000017" status="Passed" classname="RealmWeaver.Tests" /><testcase name="SetValueUnmanagedShouldSetBackingField(&quot;ByteCounter&quot;,100)" assertions="2" time="0.000015" status="Passed" classname="RealmWeaver.Tests" /><testcase name="SetValueUnmanagedShouldSetBackingField(&quot;Int16Counter&quot;,100)" assertions="2" time="0.000014" status="Passed" classname="RealmWeaver.Tests" /><testcase name="SetValueUnmanagedShouldSetBackingField(&quot;Int32Counter&quot;,100)" assertions="2" time="0.000018" status="Passed" classname="RealmWeaver.Tests" /><testcase name="SetValueUnmanagedShouldSetBackingField(&quot;Int64Counter&quot;,100)" assertions="2" time="0.000017" status="Passed" classname="RealmWeaver.Tests" /><testcase name="SetValueUnmanagedShouldSetBackingField(&quot;NullableByteCounter&quot;,100)" assertions="2" time="0.000017" status="Passed" classname="RealmWeaver.Tests" /><testcase name="SetValueUnmanagedShouldSetBackingField(&quot;NullableInt16Counter&quot;,100)" assertions="2" time="0.000017" status="Passed" classname="RealmWeaver.Tests" /><testcase name="SetValueUnmanagedShouldSetBackingField(&quot;NullableInt32Counter&quot;,100)" assertions="2" time="0.000012" status="Passed" classname="RealmWeaver.Tests" /><testcase name="SetValueUnmanagedShouldSetBackingField(&quot;NullableInt64Counter&quot;,100)" assertions="2" time="0.000017" status="Passed" classname="RealmWeaver.Tests" /></testsuite><testsuite tests="2" time="0.004283" errors="0" failures="0" skipped="0" timestamp="2023-01-06 15:38:00Z" name="Realm.Fody.Tests.dll.RealmWeaver.Tests.Tests(NoPropertyChanged,True).WovenCopyToRealm_ShouldAlwaysSetRequiredProperties."><testcase name="WovenCopyToRealm_ShouldAlwaysSetRequiredProperties(&quot;RequiredObject&quot;,True)" assertions="1" time="0.002254" status="Passed" classname="RealmWeaver.Tests" /><testcase name="WovenCopyToRealm_ShouldAlwaysSetRequiredProperties(&quot;NonRequiredObject&quot;,False)" assertions="1" time="0.002001" status="Passed" classname="RealmWeaver.Tests" /></testsuite><testsuite tests="6" time="0.006964" errors="0" failures="0" skipped="0" timestamp="2023-01-06 15:38:00Z" name="Realm.Fody.Tests.dll.RealmWeaver.Tests.Tests(NoPropertyChanged,True).WovenCopyToRealm_ShouldNeverSetPrimaryKeyProperties."><testcase name="WovenCopyToRealm_ShouldNeverSetPrimaryKeyProperties(&quot;Char&quot;)" assertions="1" time="0.001172" status="Passed" classname="RealmWeaver.Tests" /><testcase name="WovenCopyToRealm_ShouldNeverSetPrimaryKeyProperties(&quot;Byte&quot;)" assertions="1" time="0.001128" status="Passed" classname="RealmWeaver.Tests" /><testcase name="WovenCopyToRealm_ShouldNeverSetPrimaryKeyProperties(&quot;Int16&quot;)" assertions="1" time="0.001152" status="Passed" classname="RealmWeaver.Tests" /><testcase name="WovenCopyToRealm_ShouldNeverSetPrimaryKeyProperties(&quot;Int32&quot;)" assertions="1" time="0.001137" status="Passed" classname="RealmWeaver.Tests" /><testcase name="WovenCopyToRealm_ShouldNeverSetPrimaryKeyProperties(&quot;Int64&quot;)" assertions="1" time="0.001183" status="Passed" classname="RealmWeaver.Tests" /><testcase name="WovenCopyToRealm_ShouldNeverSetPrimaryKeyProperties(&quot;String&quot;)" assertions="1" time="0.001121" status="Passed" classname="RealmWeaver.Tests" /></testsuite><testsuite tests="9" time="0.005622" errors="0" failures="0" skipped="0" timestamp="2023-01-06 15:38:00Z" name="Realm.Fody.Tests.dll.RealmWeaver.Tests.Tests(NoPropertyChanged,True).WovenCopyToRealm_ShouldSetNonDefaultProperties."><testcase name="WovenCopyToRealm_ShouldSetNonDefaultProperties(&quot;String&quot;,&quot;string&quot;)" assertions="1" time="0.000620" status="Passed" classname="RealmWeaver.Tests" /><testcase name="WovenCopyToRealm_ShouldSetNonDefaultProperties(&quot;Char&quot;,'d')" assertions="1" time="0.000576" status="Passed" classname="RealmWeaver.Tests" /><testcase name="WovenCopyToRealm_ShouldSetNonDefaultProperties(&quot;Byte&quot;,3)" assertions="1" time="0.000594" status="Passed" classname="RealmWeaver.Tests" /><testcase name="WovenCopyToRealm_ShouldSetNonDefaultProperties(&quot;Int16&quot;,3)" assertions="1" time="0.000669" status="Passed" classname="RealmWeaver.Tests" /><testcase name="WovenCopyToRealm_ShouldSetNonDefaultProperties(&quot;Int32&quot;,3)" assertions="1" time="0.000590" status="Passed" classname="RealmWeaver.Tests" /><testcase name="WovenCopyToRealm_ShouldSetNonDefaultProperties(&quot;Int64&quot;,3L)" assertions="1" time="0.000659" status="Passed" classname="RealmWeaver.Tests" /><testcase name="WovenCopyToRealm_ShouldSetNonDefaultProperties(&quot;Single&quot;,3.3f)" assertions="1" time="0.000651" status="Passed" classname="RealmWeaver.Tests" /><testcase name="WovenCopyToRealm_ShouldSetNonDefaultProperties(&quot;Double&quot;,3.3d)" assertions="1" time="0.000571" status="Passed" classname="RealmWeaver.Tests" /><testcase name="WovenCopyToRealm_ShouldSetNonDefaultProperties(&quot;Boolean&quot;,True)" assertions="1" time="0.000580" status="Passed" classname="RealmWeaver.Tests" /></testsuite><testsuite tests="1" time="0.053194" errors="0" failures="0" skipped="0" timestamp="2023-01-06 15:38:00Z" name="Realm.Fody.Tests.dll.RealmWeaver.WeaveEmptyTests."><testcase name="WeavingWithoutRealmsShouldBeRobust" assertions="3" time="0.000213" status="Passed" classname="RealmWeaver.WeaveEmptyTests" /></testsuite></testsuites>