<testsuites tests="1426" failures="0" disabled="0" time="130.377983"><testsuite tests="3" time="125.898392" errors="0" failures="0" skipped="0" timestamp="2023-01-06 11:26:17Z" name="Realm.Fody.Tests.dll.Analytics.Tests."><testcase name="Submit_WhenDisabled_PayloadIsEmpty" assertions="3" time="11.715656" status="Passed" classname="Analytics.Tests" /><testcase name="ValidateCorrectPlatform" assertions="3" time="2.522229" status="Passed" classname="Analytics.Tests" /><testcase name="ValidateFeatureUsage" assertions="135" time="111.655384" status="Passed" classname="Analytics.Tests" /></testsuite><testsuite tests="237" time="1.027915" errors="0" failures="0" skipped="0" timestamp="2023-01-06 11:28:23Z" name="Realm.Fody.Tests.dll.RealmWeaver.Tests.Tests(AfterRealmWeaver,False)."><testcase name="GetRelationship" assertions="1" time="0.049339" status="Passed" classname="RealmWeaver.Tests" /><testcase name="MatchErrorsAndWarnings" assertions="2" time="0.001986" status="Passed" classname="RealmWeaver.Tests" /><testcase name="SetRelationship" assertions="2" time="0.003084" status="Passed" classname="RealmWeaver.Tests" /><testcase name="ShouldAddPreserveAttributeToConstructor" assertions="1" time="0.000696" status="Passed" classname="RealmWeaver.Tests" /><testcase name="ShouldAddPreserveAttributeToHelperConstructor" assertions="1" time="0.000695" status="Passed" classname="RealmWeaver.Tests" /><testcase name="ShouldAddWovenAttribute" assertions="1" time="0.000180" status="Passed" classname="RealmWeaver.Tests" /><testcase name="ShouldFollowMapToAttribute" assertions="1" time="0.001369" status="Passed" classname="RealmWeaver.Tests" /><testcase name="ShouldNotWeaveIgnoredProperties" assertions="1" time="0.002176" status="Passed" classname="RealmWeaver.Tests" /><testcase name="ShouldNotWeaveIQueryablePropertiesWithoutBacklinkAttribute" assertions="1" time="0.000386" status="Passed" classname="RealmWeaver.Tests" /><testcase name="ShouldWeaveBacklinksGetters" assertions="3" time="0.006473" status="Passed" classname="RealmWeaver.Tests" /><testcase name="SourceGeneratorWeaverShouldIgnorePropertiesNotInInterface" assertions="1" time="0.001533" status="Passed" classname="RealmWeaver.Tests" /><testcase name="SourceGeneratorWeaverShouldWeavePropertiesInInterface" assertions="1" time="0.003503" status="Passed" classname="RealmWeaver.Tests" /><testcase name="WovenCopyToRealm_ShouldAlwaysSetNullableProperties" assertions="1" time="0.010460" status="Passed" classname="RealmWeaver.Tests" /><testcase name="WovenCopyToRealm_ShouldAlwaysSetStructProperties" assertions="10" time="0.013259" status="Passed" classname="RealmWeaver.Tests" /><testcase name="WovenCopyToRealm_ShouldResetBacklinks" assertions="1" time="0.001539" status="Passed" classname="RealmWeaver.Tests" /><testcase name="WovenCopyToRealm_ShouldSetNonDefaultByteArrayProperties" assertions="1" time="0.002567" status="Passed" classname="RealmWeaver.Tests" /></testsuite><testsuite tests="33" time="0.004838" errors="0" failures="0" skipped="0" timestamp="2023-01-06 11:28:24Z" name="Realm.Fody.Tests.dll.RealmWeaver.Tests.Tests(AfterRealmWeaver,False).GetValueManagedShouldGetQueryDatabase."><testcase name="GetValueManagedShouldGetQueryDatabase(&quot;Char&quot;,'0')" assertions="1" time="0.001672" status="Passed" classname="RealmWeaver.Tests" /><testcase name="GetValueManagedShouldGetQueryDatabase(&quot;Byte&quot;,100)" assertions="1" time="0.000137" status="Passed" classname="RealmWeaver.Tests" /><testcase name="GetValueManagedShouldGetQueryDatabase(&quot;Int16&quot;,100)" assertions="1" time="0.000104" status="Passed" classname="RealmWeaver.Tests" /><testcase name="GetValueManagedShouldGetQueryDatabase(&quot;Int32&quot;,100)" assertions="1" time="0.000083" status="Passed" classname="RealmWeaver.Tests" /><testcase name="GetValueManagedShouldGetQueryDatabase(&quot;Int64&quot;,100L)" assertions="1" time="0.000085" status="Passed" classname="RealmWeaver.Tests" /><testcase name="GetValueManagedShouldGetQueryDatabase(&quot;Single&quot;,123.123f)" assertions="1" time="0.000144" status="Passed" classname="RealmWeaver.Tests" /><testcase name="GetValueManagedShouldGetQueryDatabase(&quot;Double&quot;,123.123d)" assertions="1" time="0.000100" status="Passed" classname="RealmWeaver.Tests" /><testcase name="GetValueManagedShouldGetQueryDatabase(&quot;Boolean&quot;,True)" assertions="1" time="0.000086" status="Passed" classname="RealmWeaver.Tests" /><testcase name="GetValueManagedShouldGetQueryDatabase(&quot;String&quot;,&quot;str&quot;)" assertions="1" time="0.000078" status="Passed" classname="RealmWeaver.Tests" /><testcase name="GetValueManagedShouldGetQueryDatabase(&quot;Decimal&quot;,123.456m)" assertions="1" time="0.000115" status="Passed" classname="RealmWeaver.Tests" /><testcase name="GetValueManagedShouldGetQueryDatabase(&quot;Decimal128&quot;,123.456)" assertions="1" time="0.000100" status="Passed" classname="RealmWeaver.Tests" /><testcase name="GetValueManagedShouldGetQueryDatabase(&quot;ObjectId&quot;,63b80559824f9d346801db22)" assertions="1" time="0.000072" status="Passed" classname="RealmWeaver.Tests" /><testcase name="GetValueManagedShouldGetQueryDatabase(&quot;Guid&quot;,e2e188fe-b739-4402-a229-4ffd07d90e5b)" assertions="1" time="0.000078" status="Passed" classname="RealmWeaver.Tests" /><testcase name="GetValueManagedShouldGetQueryDatabase(&quot;NullableChar&quot;,'0')" assertions="1" time="0.000081" status="Passed" classname="RealmWeaver.Tests" /><testcase name="GetValueManagedShouldGetQueryDatabase(&quot;NullableByte&quot;,100)" assertions="1" time="0.000067" status="Passed" classname="RealmWeaver.Tests" /><testcase name="GetValueManagedShouldGetQueryDatabase(&quot;NullableInt16&quot;,100)" assertions="1" time="0.000063" status="Passed" classname="RealmWeaver.Tests" /><testcase name="GetValueManagedShouldGetQueryDatabase(&quot;NullableInt32&quot;,100)" assertions="1" time="0.000062" status="Passed" classname="RealmWeaver.Tests" /><testcase name="GetValueManagedShouldGetQueryDatabase(&quot;NullableInt64&quot;,100L)" assertions="1" time="0.000071" status="Passed" classname="RealmWeaver.Tests" /><testcase name="GetValueManagedShouldGetQueryDatabase(&quot;NullableSingle&quot;,123.123f)" assertions="1" time="0.000066" status="Passed" classname="RealmWeaver.Tests" /><testcase name="GetValueManagedShouldGetQueryDatabase(&quot;NullableDouble&quot;,123.123d)" assertions="1" time="0.000071" status="Passed" classname="RealmWeaver.Tests" /><testcase name="GetValueManagedShouldGetQueryDatabase(&quot;NullableBoolean&quot;,True)" assertions="1" time="0.000073" status="Passed" classname="RealmWeaver.Tests" /><testcase name="GetValueManagedShouldGetQueryDatabase(&quot;NullableDecimal&quot;,123.456m)" assertions="1" time="0.000079" status="Passed" classname="RealmWeaver.Tests" /><testcase name="GetValueManagedShouldGetQueryDatabase(&quot;NullableDecimal128&quot;,123.456)" assertions="1" time="0.000074" status="Passed" classname="RealmWeaver.Tests" /><testcase name="GetValueManagedShouldGetQueryDatabase(&quot;NullableObjectId&quot;,63b80559824f9d346801db23)" assertions="1" time="0.000068" status="Passed" classname="RealmWeaver.Tests" /><testcase name="GetValueManagedShouldGetQueryDatabase(&quot;NullableGuid&quot;,82a29435-6209-41f8-a0f6-62bd1ee4430d)" assertions="1" time="0.000064" status="Passed" classname="RealmWeaver.Tests" /><testcase name="GetValueManagedShouldGetQueryDatabase(&quot;ByteCounter&quot;,100)" assertions="1" time="0.000147" status="Passed" classname="RealmWeaver.Tests" /><testcase name="GetValueManagedShouldGetQueryDatabase(&quot;Int16Counter&quot;,100)" assertions="1" time="0.000113" status="Passed" classname="RealmWeaver.Tests" /><testcase name="GetValueManagedShouldGetQueryDatabase(&quot;Int32Counter&quot;,100)" assertions="1" time="0.000090" status="Passed" classname="RealmWeaver.Tests" /><testcase name="GetValueManagedShouldGetQueryDatabase(&quot;Int64Counter&quot;,100)" assertions="1" time="0.000083" status="Passed" classname="RealmWeaver.Tests" /><testcase name="GetValueManagedShouldGetQueryDatabase(&quot;NullableByteCounter&quot;,100)" assertions="1" time="0.000097" status="Passed" classname="RealmWeaver.Tests" /><testcase name="GetValueManagedShouldGetQueryDatabase(&quot;NullableInt16Counter&quot;,100)" assertions="1" time="0.000083" status="Passed" classname="RealmWeaver.Tests" /><testcase name="GetValueManagedShouldGetQueryDatabase(&quot;NullableInt32Counter&quot;,100)" assertions="1" time="0.000083" status="Passed" classname="RealmWeaver.Tests" /><testcase name="GetValueManagedShouldGetQueryDatabase(&quot;NullableInt64Counter&quot;,100)" assertions="1" time="0.000106" status="Passed" classname="RealmWeaver.Tests" /></testsuite><testsuite tests="33" time="0.029907" errors="0" failures="0" skipped="0" timestamp="2023-01-06 11:28:24Z" name="Realm.Fody.Tests.dll.RealmWeaver.Tests.Tests(AfterRealmWeaver,False).GetValueUnmanagedShouldGetBackingField."><testcase name="GetValueUnmanagedShouldGetBackingField(&quot;Char&quot;,'0')" assertions="2" time="0.002909" status="Passed" classname="RealmWeaver.Tests" /><testcase name="GetValueUnmanagedShouldGetBackingField(&quot;Byte&quot;,100)" assertions="2" time="0.002118" status="Passed" classname="RealmWeaver.Tests" /><testcase name="GetValueUnmanagedShouldGetBackingField(&quot;Int16&quot;,100)" assertions="2" time="0.001591" status="Passed" classname="RealmWeaver.Tests" /><testcase name="GetValueUnmanagedShouldGetBackingField(&quot;Int32&quot;,100)" assertions="2" time="0.001570" status="Passed" classname="RealmWeaver.Tests" /><testcase name="GetValueUnmanagedShouldGetBackingField(&quot;Int64&quot;,100L)" assertions="2" time="0.001681" status="Passed" classname="RealmWeaver.Tests" /><testcase name="GetValueUnmanagedShouldGetBackingField(&quot;Single&quot;,123.123f)" assertions="2" time="0.001522" status="Passed" classname="RealmWeaver.Tests" /><testcase name="GetValueUnmanagedShouldGetBackingField(&quot;Double&quot;,123.123d)" assertions="2" time="0.001561" status="Passed" classname="RealmWeaver.Tests" /><testcase name="GetValueUnmanagedShouldGetBackingField(&quot;Boolean&quot;,True)" assertions="2" time="0.001312" status="Passed" classname="RealmWeaver.Tests" /><testcase name="GetValueUnmanagedShouldGetBackingField(&quot;String&quot;,&quot;str&quot;)" assertions="2" time="0.001016" status="Passed" classname="RealmWeaver.Tests" /><testcase name="GetValueUnmanagedShouldGetBackingField(&quot;Decimal&quot;,123.456m)" assertions="2" time="0.001619" status="Passed" classname="RealmWeaver.Tests" /><testcase name="GetValueUnmanagedShouldGetBackingField(&quot;Decimal128&quot;,123.456)" assertions="2" time="0.002388" status="Passed" classname="RealmWeaver.Tests" /><testcase name="GetValueUnmanagedShouldGetBackingField(&quot;ObjectId&quot;,63b80559824f9d346801db22)" assertions="2" time="0.001744" status="Passed" classname="RealmWeaver.Tests" /><testcase name="GetValueUnmanagedShouldGetBackingField(&quot;Guid&quot;,e2e188fe-b739-4402-a229-4ffd07d90e5b)" assertions="2" time="0.001357" status="Passed" classname="RealmWeaver.Tests" /><testcase name="GetValueUnmanagedShouldGetBackingField(&quot;NullableChar&quot;,'0')" assertions="2" time="0.000063" status="Passed" classname="RealmWeaver.Tests" /><testcase name="GetValueUnmanagedShouldGetBackingField(&quot;NullableByte&quot;,100)" assertions="2" time="0.000037" status="Passed" classname="RealmWeaver.Tests" /><testcase name="GetValueUnmanagedShouldGetBackingField(&quot;NullableInt16&quot;,100)" assertions="2" time="0.000027" status="Passed" classname="RealmWeaver.Tests" /><testcase name="GetValueUnmanagedShouldGetBackingField(&quot;NullableInt32&quot;,100)" assertions="2" time="0.000023" status="Passed" classname="RealmWeaver.Tests" /><testcase name="GetValueUnmanagedShouldGetBackingField(&quot;NullableInt64&quot;,100L)" assertions="2" time="0.000024" status="Passed" classname="RealmWeaver.Tests" /><testcase name="GetValueUnmanagedShouldGetBackingField(&quot;NullableSingle&quot;,123.123f)" assertions="2" time="0.000025" status="Passed" classname="RealmWeaver.Tests" /><testcase name="GetValueUnmanagedShouldGetBackingField(&quot;NullableDouble&quot;,123.123d)" assertions="2" time="0.000023" status="Passed" classname="RealmWeaver.Tests" /><testcase name="GetValueUnmanagedShouldGetBackingField(&quot;NullableBoolean&quot;,True)" assertions="2" time="0.000030" status="Passed" classname="RealmWeaver.Tests" /><testcase name="GetValueUnmanagedShouldGetBackingField(&quot;NullableDecimal&quot;,123.456m)" assertions="2" time="0.000021" status="Passed" classname="RealmWeaver.Tests" /><testcase name="GetValueUnmanagedShouldGetBackingField(&quot;NullableDecimal128&quot;,123.456)" assertions="2" time="0.000022" status="Passed" classname="RealmWeaver.Tests" /><testcase name="GetValueUnmanagedShouldGetBackingField(&quot;NullableObjectId&quot;,63b80559824f9d346801db23)" assertions="2" time="0.000021" status="Passed" classname="RealmWeaver.Tests" /><testcase name="GetValueUnmanagedShouldGetBackingField(&quot;NullableGuid&quot;,82a29435-6209-41f8-a0f6-62bd1ee4430d)" assertions="2" time="0.000025" status="Passed" classname="RealmWeaver.Tests" /><testcase name="GetValueUnmanagedShouldGetBackingField(&quot;ByteCounter&quot;,100)" assertions="2" time="0.001751" status="Passed" classname="RealmWeaver.Tests" /><testcase name="GetValueUnmanagedShouldGetBackingField(&quot;Int16Counter&quot;,100)" assertions="2" time="0.001787" status="Passed" classname="RealmWeaver.Tests" /><testcase name="GetValueUnmanagedShouldGetBackingField(&quot;Int32Counter&quot;,100)" assertions="2" time="0.001628" status="Passed" classname="RealmWeaver.Tests" /><testcase name="GetValueUnmanagedShouldGetBackingField(&quot;Int64Counter&quot;,100)" assertions="2" time="0.001485" status="Passed" classname="RealmWeaver.Tests" /><testcase name="GetValueUnmanagedShouldGetBackingField(&quot;NullableByteCounter&quot;,100)" assertions="2" time="0.000080" status="Passed" classname="RealmWeaver.Tests" /><testcase name="GetValueUnmanagedShouldGetBackingField(&quot;NullableInt16Counter&quot;,100)" assertions="2" time="0.000038" status="Passed" classname="RealmWeaver.Tests" /><testcase name="GetValueUnmanagedShouldGetBackingField(&quot;NullableInt32Counter&quot;,100)" assertions="2" time="0.000028" status="Passed" classname="RealmWeaver.Tests" /><testcase name="GetValueUnmanagedShouldGetBackingField(&quot;NullableInt64Counter&quot;,100)" assertions="2" time="0.000024" status="Passed" classname="RealmWeaver.Tests" /></testsuite><testsuite tests="6" time="0.012223" errors="0" failures="0" skipped="0" timestamp="2023-01-06 11:28:24Z" name="Realm.Fody.Tests.dll.RealmWeaver.Tests.Tests(AfterRealmWeaver,False).SettingPrimaryKeyPropertyShouldCallSetUnique."><testcase name="SettingPrimaryKeyPropertyShouldCallSetUnique(&quot;Char&quot;,'0','\0')" assertions="2" time="0.002564" status="Passed" classname="RealmWeaver.Tests" /><testcase name="SettingPrimaryKeyPropertyShouldCallSetUnique(&quot;Byte&quot;,100,byte.MinValue)" assertions="2" time="0.001844" status="Passed" classname="RealmWeaver.Tests" /><testcase name="SettingPrimaryKeyPropertyShouldCallSetUnique(&quot;Int16&quot;,100,0)" assertions="2" time="0.001936" status="Passed" classname="RealmWeaver.Tests" /><testcase name="SettingPrimaryKeyPropertyShouldCallSetUnique(&quot;Int32&quot;,100,0)" assertions="2" time="0.001851" status="Passed" classname="RealmWeaver.Tests" /><testcase name="SettingPrimaryKeyPropertyShouldCallSetUnique(&quot;Int64&quot;,100L,0L)" assertions="2" time="0.001687" status="Passed" classname="RealmWeaver.Tests" /><testcase name="SettingPrimaryKeyPropertyShouldCallSetUnique(&quot;String&quot;,&quot;str&quot;,null)" assertions="2" time="0.002182" status="Passed" classname="RealmWeaver.Tests" /></testsuite><testsuite tests="33" time="0.032093" errors="0" failures="0" skipped="0" timestamp="2023-01-06 11:28:24Z" name="Realm.Fody.Tests.dll.RealmWeaver.Tests.Tests(AfterRealmWeaver,False).SetValueManagedShouldNotRaisePropertyChanged."><testcase name="SetValueManagedShouldNotRaisePropertyChanged(&quot;Char&quot;,'0','\0')" assertions="3" time="0.018411" status="Passed" classname="RealmWeaver.Tests" /><testcase name="SetValueManagedShouldNotRaisePropertyChanged(&quot;Byte&quot;,100,byte.MinValue)" assertions="3" time="0.000762" status="Passed" classname="RealmWeaver.Tests" /><testcase name="SetValueManagedShouldNotRaisePropertyChanged(&quot;Int16&quot;,100,0)" assertions="3" time="0.000626" status="Passed" classname="RealmWeaver.Tests" /><testcase name="SetValueManagedShouldNotRaisePropertyChanged(&quot;Int32&quot;,100,0)" assertions="3" time="0.000619" status="Passed" classname="RealmWeaver.Tests" /><testcase name="SetValueManagedShouldNotRaisePropertyChanged(&quot;Int64&quot;,100L,0L)" assertions="3" time="0.000599" status="Passed" classname="RealmWeaver.Tests" /><testcase name="SetValueManagedShouldNotRaisePropertyChanged(&quot;Single&quot;,123.123f,0.0f)" assertions="3" time="0.000641" status="Passed" classname="RealmWeaver.Tests" /><testcase name="SetValueManagedShouldNotRaisePropertyChanged(&quot;Double&quot;,123.123d,0.0d)" assertions="3" time="0.000804" status="Passed" classname="RealmWeaver.Tests" /><testcase name="SetValueManagedShouldNotRaisePropertyChanged(&quot;Boolean&quot;,True,False)" assertions="3" time="0.000715" status="Passed" classname="RealmWeaver.Tests" /><testcase name="SetValueManagedShouldNotRaisePropertyChanged(&quot;String&quot;,&quot;str&quot;,null)" assertions="3" time="0.000610" status="Passed" classname="RealmWeaver.Tests" /><testcase name="SetValueManagedShouldNotRaisePropertyChanged(&quot;Decimal&quot;,123.456m,0m)" assertions="3" time="0.000627" status="Passed" classname="RealmWeaver.Tests" /><testcase name="SetValueManagedShouldNotRaisePropertyChanged(&quot;Decimal128&quot;,123.456,0)" assertions="3" time="0.000653" status="Passed" classname="RealmWeaver.Tests" /><testcase name="SetValueManagedShouldNotRaisePropertyChanged(&quot;ObjectId&quot;,63b80559824f9d346801db22,000000000000000000000000)" assertions="3" time="0.000682" status="Passed" classname="RealmWeaver.Tests" /><testcase name="SetValueManagedShouldNotRaisePropertyChanged(&quot;Guid&quot;,e2e188fe-b739-4402-a229-4ffd07d90e5b,00000000-0000-0000-0000-000000000000)" assertions="3" time="0.000676" status="Passed" classname="RealmWeaver.Tests" /><testcase name="SetValueManagedShouldNotRaisePropertyChanged(&quot;NullableChar&quot;,'0',null)" assertions="3" time="0.000154" status="Passed" classname="RealmWeaver.Tests" /><testcase name="SetValueManagedShouldNotRaisePropertyChanged(&quot;NullableByte&quot;,100,null)" assertions="3" time="0.000122" status="Passed" classname="RealmWeaver.Tests" /><testcase name="SetValueManagedShouldNotRaisePropertyChanged(&quot;NullableInt16&quot;,100,null)" assertions="3" time="0.000121" status="Passed" classname="RealmWeaver.Tests" /><testcase name="SetValueManagedShouldNotRaisePropertyChanged(&quot;NullableInt32&quot;,100,null)" assertions="3" time="0.000116" status="Passed" classname="RealmWeaver.Tests" /><testcase name="SetValueManagedShouldNotRaisePropertyChanged(&quot;NullableInt64&quot;,100L,null)" assertions="3" time="0.000119" status="Passed" classname="RealmWeaver.Tests" /><testcase name="SetValueManagedShouldNotRaisePropertyChanged(&quot;NullableSingle&quot;,123.123f,null)" assertions="3" time="0.000111" status="Passed" classname="RealmWeaver.Tests" /><testcase name="SetValueManagedShouldNotRaisePropertyChanged(&quot;NullableDouble&quot;,123.123d,null)" assertions="3" time="0.000111" status="Passed" classname="RealmWeaver.Tests" /><testcase name="SetValueManagedShouldNotRaisePropertyChanged(&quot;NullableBoolean&quot;,True,null)" assertions="3" time="0.000092" status="Passed" classname="RealmWeaver.Tests" /><testcase name="SetValueManagedShouldNotRaisePropertyChanged(&quot;NullableDecimal&quot;,123.456m,null)" assertions="3" time="0.000188" status="Passed" classname="RealmWeaver.Tests" /><testcase name="SetValueManagedShouldNotRaisePropertyChanged(&quot;NullableDecimal128&quot;,123.456,null)" assertions="3" time="0.000130" status="Passed" classname="RealmWeaver.Tests" /><testcase name="SetValueManagedShouldNotRaisePropertyChanged(&quot;NullableObjectId&quot;,63b80559824f9d346801db23,null)" assertions="3" time="0.000122" status="Passed" classname="RealmWeaver.Tests" /><testcase name="SetValueManagedShouldNotRaisePropertyChanged(&quot;NullableGuid&quot;,82a29435-6209-41f8-a0f6-62bd1ee4430d,null)" assertions="3" time="0.000124" status="Passed" classname="RealmWeaver.Tests" /><testcase name="SetValueManagedShouldNotRaisePropertyChanged(&quot;ByteCounter&quot;,100,byte.MinValue)" assertions="3" time="0.000818" status="Passed" classname="RealmWeaver.Tests" /><testcase name="SetValueManagedShouldNotRaisePropertyChanged(&quot;Int16Counter&quot;,100,0)" assertions="3" time="0.000755" status="Passed" classname="RealmWeaver.Tests" /><testcase name="SetValueManagedShouldNotRaisePropertyChanged(&quot;Int32Counter&quot;,100,0)" assertions="3" time="0.000749" status="Passed" classname="RealmWeaver.Tests" /><testcase name="SetValueManagedShouldNotRaisePropertyChanged(&quot;Int64Counter&quot;,100,0L)" assertions="3" time="0.000815" status="Passed" classname="RealmWeaver.Tests" /><testcase name="SetValueManagedShouldNotRaisePropertyChanged(&quot;NullableByteCounter&quot;,100,null)" assertions="3" time="0.000154" status="Passed" classname="RealmWeaver.Tests" /><testcase name="SetValueManagedShouldNotRaisePropertyChanged(&quot;NullableInt16Counter&quot;,100,null)" assertions="3" time="0.000156" status="Passed" classname="RealmWeaver.Tests" /><testcase name="SetValueManagedShouldNotRaisePropertyChanged(&quot;NullableInt32Counter&quot;,100,null)" assertions="3" time="0.000125" status="Passed" classname="RealmWeaver.Tests" /><testcase name="SetValueManagedShouldNotRaisePropertyChanged(&quot;NullableInt64Counter&quot;,100,null)" assertions="3" time="0.000132" status="Passed" classname="RealmWeaver.Tests" /></testsuite><testsuite tests="33" time="0.001371" errors="0" failures="0" skipped="0" timestamp="2023-01-06 11:28:24Z" name="Realm.Fody.Tests.dll.RealmWeaver.Tests.Tests(AfterRealmWeaver,False).SetValueManagedShouldUpdateDatabase."><testcase name="SetValueManagedShouldUpdateDatabase(&quot;Char&quot;,'0','\0')" assertions="2" time="0.000637" status="Passed" classname="RealmWeaver.Tests" /><testcase name="SetValueManagedShouldUpdateDatabase(&quot;Byte&quot;,100,byte.MinValue)" assertions="2" time="0.000039" status="Passed" classname="RealmWeaver.Tests" /><testcase name="SetValueManagedShouldUpdateDatabase(&quot;Int16&quot;,100,0)" assertions="2" time="0.000023" status="Passed" classname="RealmWeaver.Tests" /><testcase name="SetValueManagedShouldUpdateDatabase(&quot;Int32&quot;,100,0)" assertions="2" time="0.000020" status="Passed" classname="RealmWeaver.Tests" /><testcase name="SetValueManagedShouldUpdateDatabase(&quot;Int64&quot;,100L,0L)" assertions="2" time="0.000018" status="Passed" classname="RealmWeaver.Tests" /><testcase name="SetValueManagedShouldUpdateDatabase(&quot;Single&quot;,123.123f,0.0f)" assertions="2" time="0.000019" status="Passed" classname="RealmWeaver.Tests" /><testcase name="SetValueManagedShouldUpdateDatabase(&quot;Double&quot;,123.123d,0.0d)" assertions="2" time="0.000018" status="Passed" classname="RealmWeaver.Tests" /><testcase name="SetValueManagedShouldUpdateDatabase(&quot;Boolean&quot;,True,False)" assertions="2" time="0.000025" status="Passed" classname="RealmWeaver.Tests" /><testcase name="SetValueManagedShouldUpdateDatabase(&quot;String&quot;,&quot;str&quot;,null)" assertions="2" time="0.000020" status="Passed" classname="RealmWeaver.Tests" /><testcase name="SetValueManagedShouldUpdateDatabase(&quot;Decimal&quot;,123.456m,0m)" assertions="2" time="0.000021" status="Passed" classname="RealmWeaver.Tests" /><testcase name="SetValueManagedShouldUpdateDatabase(&quot;Decimal128&quot;,123.456,0)" assertions="2" time="0.000022" status="Passed" classname="RealmWeaver.Tests" /><testcase name="SetValueManagedShouldUpdateDatabase(&quot;ObjectId&quot;,63b80559824f9d346801db22,000000000000000000000000)" assertions="2" time="0.000021" status="Passed" classname="RealmWeaver.Tests" /><testcase name="SetValueManagedShouldUpdateDatabase(&quot;Guid&quot;,e2e188fe-b739-4402-a229-4ffd07d90e5b,00000000-0000-0000-0000-000000000000)" assertions="2" time="0.000022" status="Passed" classname="RealmWeaver.Tests" /><testcase name="SetValueManagedShouldUpdateDatabase(&quot;NullableChar&quot;,'0',null)" assertions="2" time="0.000018" status="Passed" classname="RealmWeaver.Tests" /><testcase name="SetValueManagedShouldUpdateDatabase(&quot;NullableByte&quot;,100,null)" assertions="2" time="0.000016" status="Passed" classname="RealmWeaver.Tests" /><testcase name="SetValueManagedShouldUpdateDatabase(&quot;NullableInt16&quot;,100,null)" assertions="2" time="0.000016" status="Passed" classname="RealmWeaver.Tests" /><testcase name="SetValueManagedShouldUpdateDatabase(&quot;NullableInt32&quot;,100,null)" assertions="2" time="0.000016" status="Passed" classname="RealmWeaver.Tests" /><testcase name="SetValueManagedShouldUpdateDatabase(&quot;NullableInt64&quot;,100L,null)" assertions="2" time="0.000015" status="Passed" classname="RealmWeaver.Tests" /><testcase name="SetValueManagedShouldUpdateDatabase(&quot;NullableSingle&quot;,123.123f,null)" assertions="2" time="0.000016" status="Passed" classname="RealmWeaver.Tests" /><testcase name="SetValueManagedShouldUpdateDatabase(&quot;NullableDouble&quot;,123.123d,null)" assertions="2" time="0.000016" status="Passed" classname="RealmWeaver.Tests" /><testcase name="SetValueManagedShouldUpdateDatabase(&quot;NullableBoolean&quot;,True,null)" assertions="2" time="0.000016" status="Passed" classname="RealmWeaver.Tests" /><testcase name="SetValueManagedShouldUpdateDatabase(&quot;NullableDecimal&quot;,123.456m,null)" assertions="2" time="0.000016" status="Passed" classname="RealmWeaver.Tests" /><testcase name="SetValueManagedShouldUpdateDatabase(&quot;NullableDecimal128&quot;,123.456,null)" assertions="2" time="0.000016" status="Passed" classname="RealmWeaver.Tests" /><testcase name="SetValueManagedShouldUpdateDatabase(&quot;NullableObjectId&quot;,63b80559824f9d346801db23,null)" assertions="2" time="0.000015" status="Passed" classname="RealmWeaver.Tests" /><testcase name="SetValueManagedShouldUpdateDatabase(&quot;NullableGuid&quot;,82a29435-6209-41f8-a0f6-62bd1ee4430d,null)" assertions="2" time="0.000015" status="Passed" classname="RealmWeaver.Tests" /><testcase name="SetValueManagedShouldUpdateDatabase(&quot;ByteCounter&quot;,100,byte.MinValue)" assertions="2" time="0.000024" status="Passed" classname="RealmWeaver.Tests" /><testcase name="SetValueManagedShouldUpdateDatabase(&quot;Int16Counter&quot;,100,0)" assertions="2" time="0.000023" status="Passed" classname="RealmWeaver.Tests" /><testcase name="SetValueManagedShouldUpdateDatabase(&quot;Int32Counter&quot;,100,0)" assertions="2" time="0.000023" status="Passed" classname="RealmWeaver.Tests" /><testcase name="SetValueManagedShouldUpdateDatabase(&quot;Int64Counter&quot;,100,0L)" assertions="2" time="0.000023" status="Passed" classname="RealmWeaver.Tests" /><testcase name="SetValueManagedShouldUpdateDatabase(&quot;NullableByteCounter&quot;,100,null)" assertions="2" time="0.000017" status="Passed" classname="RealmWeaver.Tests" /><testcase name="SetValueManagedShouldUpdateDatabase(&quot;NullableInt16Counter&quot;,100,null)" assertions="2" time="0.000016" status="Passed" classname="RealmWeaver.Tests" /><testcase name="SetValueManagedShouldUpdateDatabase(&quot;NullableInt32Counter&quot;,100,null)" assertions="2" time="0.000016" status="Passed" classname="RealmWeaver.Tests" /><testcase name="SetValueManagedShouldUpdateDatabase(&quot;NullableInt64Counter&quot;,100,null)" assertions="2" time="0.000016" status="Passed" classname="RealmWeaver.Tests" /></testsuite><testsuite tests="33" time="0.001499" errors="0" failures="0" skipped="0" timestamp="2023-01-06 11:28:24Z" name="Realm.Fody.Tests.dll.RealmWeaver.Tests.Tests(AfterRealmWeaver,False).SetValueUnmanagedShouldRaisePropertyChanged."><testcase name="SetValueUnmanagedShouldRaisePropertyChanged(&quot;Char&quot;,'0')" assertions="2" time="0.000836" status="Passed" classname="RealmWeaver.Tests" /><testcase name="SetValueUnmanagedShouldRaisePropertyChanged(&quot;Byte&quot;,100)" assertions="2" time="0.000033" status="Passed" classname="RealmWeaver.Tests" /><testcase name="SetValueUnmanagedShouldRaisePropertyChanged(&quot;Int16&quot;,100)" assertions="2" time="0.000017" status="Passed" classname="RealmWeaver.Tests" /><testcase name="SetValueUnmanagedShouldRaisePropertyChanged(&quot;Int32&quot;,100)" assertions="2" time="0.000015" status="Passed" classname="RealmWeaver.Tests" /><testcase name="SetValueUnmanagedShouldRaisePropertyChanged(&quot;Int64&quot;,100L)" assertions="2" time="0.000014" status="Passed" classname="RealmWeaver.Tests" /><testcase name="SetValueUnmanagedShouldRaisePropertyChanged(&quot;Single&quot;,123.123f)" assertions="2" time="0.000014" status="Passed" classname="RealmWeaver.Tests" /><testcase name="SetValueUnmanagedShouldRaisePropertyChanged(&quot;Double&quot;,123.123d)" assertions="2" time="0.000014" status="Passed" classname="RealmWeaver.Tests" /><testcase name="SetValueUnmanagedShouldRaisePropertyChanged(&quot;Boolean&quot;,True)" assertions="2" time="0.000022" status="Passed" classname="RealmWeaver.Tests" /><testcase name="SetValueUnmanagedShouldRaisePropertyChanged(&quot;String&quot;,&quot;str&quot;)" assertions="2" time="0.000017" status="Passed" classname="RealmWeaver.Tests" /><testcase name="SetValueUnmanagedShouldRaisePropertyChanged(&quot;Decimal&quot;,123.456m)" assertions="2" time="0.000015" status="Passed" classname="RealmWeaver.Tests" /><testcase name="SetValueUnmanagedShouldRaisePropertyChanged(&quot;Decimal128&quot;,123.456)" assertions="2" time="0.000021" status="Passed" classname="RealmWeaver.Tests" /><testcase name="SetValueUnmanagedShouldRaisePropertyChanged(&quot;ObjectId&quot;,63b80559824f9d346801db22)" assertions="2" time="0.000017" status="Passed" classname="RealmWeaver.Tests" /><testcase name="SetValueUnmanagedShouldRaisePropertyChanged(&quot;Guid&quot;,e2e188fe-b739-4402-a229-4ffd07d90e5b)" assertions="2" time="0.000018" status="Passed" classname="RealmWeaver.Tests" /><testcase name="SetValueUnmanagedShouldRaisePropertyChanged(&quot;NullableChar&quot;,'0')" assertions="2" time="0.000015" status="Passed" classname="RealmWeaver.Tests" /><testcase name="SetValueUnmanagedShouldRaisePropertyChanged(&quot;NullableByte&quot;,100)" assertions="2" time="0.000014" status="Passed" classname="RealmWeaver.Tests" /><testcase name="SetValueUnmanagedShouldRaisePropertyChanged(&quot;NullableInt16&quot;,100)" assertions="2" time="0.000014" status="Passed" classname="RealmWeaver.Tests" /><testcase name="SetValueUnmanagedShouldRaisePropertyChanged(&quot;NullableInt32&quot;,100)" assertions="2" time="0.000013" status="Passed" classname="RealmWeaver.Tests" /><testcase name="SetValueUnmanagedShouldRaisePropertyChanged(&quot;NullableInt64&quot;,100L)" assertions="2" time="0.000010" status="Passed" classname="RealmWeaver.Tests" /><testcase name="SetValueUnmanagedShouldRaisePropertyChanged(&quot;NullableSingle&quot;,123.123f)" assertions="2" time="0.000011" status="Passed" classname="RealmWeaver.Tests" /><testcase name="SetValueUnmanagedShouldRaisePropertyChanged(&quot;NullableDouble&quot;,123.123d)" assertions="2" time="0.000013" status="Passed" classname="RealmWeaver.Tests" /><testcase name="SetValueUnmanagedShouldRaisePropertyChanged(&quot;NullableBoolean&quot;,True)" assertions="2" time="0.000017" status="Passed" classname="RealmWeaver.Tests" /><testcase name="SetValueUnmanagedShouldRaisePropertyChanged(&quot;NullableDecimal&quot;,123.456m)" assertions="2" time="0.000014" status="Passed" classname="RealmWeaver.Tests" /><testcase name="SetValueUnmanagedShouldRaisePropertyChanged(&quot;NullableDecimal128&quot;,123.456)" assertions="2" time="0.000019" status="Passed" classname="RealmWeaver.Tests" /><testcase name="SetValueUnmanagedShouldRaisePropertyChanged(&quot;NullableObjectId&quot;,63b80559824f9d346801db23)" assertions="2" time="0.000016" status="Passed" classname="RealmWeaver.Tests" /><testcase name="SetValueUnmanagedShouldRaisePropertyChanged(&quot;NullableGuid&quot;,82a29435-6209-41f8-a0f6-62bd1ee4430d)" assertions="2" time="0.000017" status="Passed" classname="RealmWeaver.Tests" /><testcase name="SetValueUnmanagedShouldRaisePropertyChanged(&quot;ByteCounter&quot;,100)" assertions="2" time="0.000035" status="Passed" classname="RealmWeaver.Tests" /><testcase name="SetValueUnmanagedShouldRaisePropertyChanged(&quot;Int16Counter&quot;,100)" assertions="2" time="0.000024" status="Passed" classname="RealmWeaver.Tests" /><testcase name="SetValueUnmanagedShouldRaisePropertyChanged(&quot;Int32Counter&quot;,100)" assertions="2" time="0.000021" status="Passed" classname="RealmWeaver.Tests" /><testcase name="SetValueUnmanagedShouldRaisePropertyChanged(&quot;Int64Counter&quot;,100)" assertions="2" time="0.000023" status="Passed" classname="RealmWeaver.Tests" /><testcase name="SetValueUnmanagedShouldRaisePropertyChanged(&quot;NullableByteCounter&quot;,100)" assertions="2" time="0.000017" status="Passed" classname="RealmWeaver.Tests" /><testcase name="SetValueUnmanagedShouldRaisePropertyChanged(&quot;NullableInt16Counter&quot;,100)" assertions="2" time="0.000014" status="Passed" classname="RealmWeaver.Tests" /><testcase name="SetValueUnmanagedShouldRaisePropertyChanged(&quot;NullableInt32Counter&quot;,100)" assertions="2" time="0.000015" status="Passed" classname="RealmWeaver.Tests" /><testcase name="SetValueUnmanagedShouldRaisePropertyChanged(&quot;NullableInt64Counter&quot;,100)" assertions="2" time="0.000016" status="Passed" classname="RealmWeaver.Tests" /></testsuite><testsuite tests="33" time="0.001187" errors="0" failures="0" skipped="0" timestamp="2023-01-06 11:28:24Z" name="Realm.Fody.Tests.dll.RealmWeaver.Tests.Tests(AfterRealmWeaver,False).SetValueUnmanagedShouldSetBackingField."><testcase name="SetValueUnmanagedShouldSetBackingField(&quot;Char&quot;,'0')" assertions="2" time="0.000487" status="Passed" classname="RealmWeaver.Tests" /><testcase name="SetValueUnmanagedShouldSetBackingField(&quot;Byte&quot;,100)" assertions="2" time="0.000033" status="Passed" classname="RealmWeaver.Tests" /><testcase name="SetValueUnmanagedShouldSetBackingField(&quot;Int16&quot;,100)" assertions="2" time="0.000020" status="Passed" classname="RealmWeaver.Tests" /><testcase name="SetValueUnmanagedShouldSetBackingField(&quot;Int32&quot;,100)" assertions="2" time="0.000017" status="Passed" classname="RealmWeaver.Tests" /><testcase name="SetValueUnmanagedShouldSetBackingField(&quot;Int64&quot;,100L)" assertions="2" time="0.000016" status="Passed" classname="RealmWeaver.Tests" /><testcase name="SetValueUnmanagedShouldSetBackingField(&quot;Single&quot;,123.123f)" assertions="2" time="0.000017" status="Passed" classname="RealmWeaver.Tests" /><testcase name="SetValueUnmanagedShouldSetBackingField(&quot;Double&quot;,123.123d)" assertions="2" time="0.000017" status="Passed" classname="RealmWeaver.Tests" /><testcase name="SetValueUnmanagedShouldSetBackingField(&quot;Boolean&quot;,True)" assertions="2" time="0.000022" status="Passed" classname="RealmWeaver.Tests" /><testcase name="SetValueUnmanagedShouldSetBackingField(&quot;String&quot;,&quot;str&quot;)" assertions="2" time="0.000015" status="Passed" classname="RealmWeaver.Tests" /><testcase name="SetValueUnmanagedShouldSetBackingField(&quot;Decimal&quot;,123.456m)" assertions="2" time="0.000018" status="Passed" classname="RealmWeaver.Tests" /><testcase name="SetValueUnmanagedShouldSetBackingField(&quot;Decimal128&quot;,123.456)" assertions="2" time="0.000022" status="Passed" classname="RealmWeaver.Tests" /><testcase name="SetValueUnmanagedShouldSetBackingField(&quot;ObjectId&quot;,63b80559824f9d346801db22)" assertions="2" time="0.000020" status="Passed" classname="RealmWeaver.Tests" /><testcase name="SetValueUnmanagedShouldSetBackingField(&quot;Guid&quot;,e2e188fe-b739-4402-a229-4ffd07d90e5b)" assertions="2" time="0.000020" status="Passed" classname="RealmWeaver.Tests" /><testcase name="SetValueUnmanagedShouldSetBackingField(&quot;NullableChar&quot;,'0')" assertions="2" time="0.000017" status="Passed" classname="RealmWeaver.Tests" /><testcase name="SetValueUnmanagedShouldSetBackingField(&quot;NullableByte&quot;,100)" assertions="2" time="0.000017" status="Passed" classname="RealmWeaver.Tests" /><testcase name="SetValueUnmanagedShouldSetBackingField(&quot;NullableInt16&quot;,100)" assertions="2" time="0.000017" status="Passed" classname="RealmWeaver.Tests" /><testcase name="SetValueUnmanagedShouldSetBackingField(&quot;NullableInt32&quot;,100)" assertions="2" time="0.000017" status="Passed" classname="RealmWeaver.Tests" /><testcase name="SetValueUnmanagedShouldSetBackingField(&quot;NullableInt64&quot;,100L)" assertions="2" time="0.000015" status="Passed" classname="RealmWeaver.Tests" /><testcase name="SetValueUnmanagedShouldSetBackingField(&quot;NullableSingle&quot;,123.123f)" assertions="2" time="0.000016" status="Passed" classname="RealmWeaver.Tests" /><testcase name="SetValueUnmanagedShouldSetBackingField(&quot;NullableDouble&quot;,123.123d)" assertions="2" time="0.000016" status="Passed" classname="RealmWeaver.Tests" /><testcase name="SetValueUnmanagedShouldSetBackingField(&quot;NullableBoolean&quot;,True)" assertions="2" time="0.000019" status="Passed" classname="RealmWeaver.Tests" /><testcase name="SetValueUnmanagedShouldSetBackingField(&quot;NullableDecimal&quot;,123.456m)" assertions="2" time="0.000017" status="Passed" classname="RealmWeaver.Tests" /><testcase name="SetValueUnmanagedShouldSetBackingField(&quot;NullableDecimal128&quot;,123.456)" assertions="2" time="0.000020" status="Passed" classname="RealmWeaver.Tests" /><testcase name="SetValueUnmanagedShouldSetBackingField(&quot;NullableObjectId&quot;,63b80559824f9d346801db23)" assertions="2" time="0.000017" status="Passed" classname="RealmWeaver.Tests" /><testcase name="SetValueUnmanagedShouldSetBackingField(&quot;NullableGuid&quot;,82a29435-6209-41f8-a0f6-62bd1ee4430d)" assertions="2" time="0.000016" status="Passed" classname="RealmWeaver.Tests" /><testcase name="SetValueUnmanagedShouldSetBackingField(&quot;ByteCounter&quot;,100)" assertions="2" time="0.000021" status="Passed" classname="RealmWeaver.Tests" /><testcase name="SetValueUnmanagedShouldSetBackingField(&quot;Int16Counter&quot;,100)" assertions="2" time="0.000020" status="Passed" classname="RealmWeaver.Tests" /><testcase name="SetValueUnmanagedShouldSetBackingField(&quot;Int32Counter&quot;,100)" assertions="2" time="0.000020" status="Passed" classname="RealmWeaver.Tests" /><testcase name="SetValueUnmanagedShouldSetBackingField(&quot;Int64Counter&quot;,100)" assertions="2" time="0.000019" status="Passed" classname="RealmWeaver.Tests" /><testcase name="SetValueUnmanagedShouldSetBackingField(&quot;NullableByteCounter&quot;,100)" assertions="2" time="0.000018" status="Passed" classname="RealmWeaver.Tests" /><testcase name="SetValueUnmanagedShouldSetBackingField(&quot;NullableInt16Counter&quot;,100)" assertions="2" time="0.000017" status="Passed" classname="RealmWeaver.Tests" /><testcase name="SetValueUnmanagedShouldSetBackingField(&quot;NullableInt32Counter&quot;,100)" assertions="2" time="0.000018" status="Passed" classname="RealmWeaver.Tests" /><testcase name="SetValueUnmanagedShouldSetBackingField(&quot;NullableInt64Counter&quot;,100)" assertions="2" time="0.000018" status="Passed" classname="RealmWeaver.Tests" /></testsuite><testsuite tests="2" time="0.005558" errors="0" failures="0" skipped="0" timestamp="2023-01-06 11:28:24Z" name="Realm.Fody.Tests.dll.RealmWeaver.Tests.Tests(AfterRealmWeaver,False).WovenCopyToRealm_ShouldAlwaysSetRequiredProperties."><testcase name="WovenCopyToRealm_ShouldAlwaysSetRequiredProperties(&quot;RequiredObject&quot;,True)" assertions="1" time="0.003158" status="Passed" classname="RealmWeaver.Tests" /><testcase name="WovenCopyToRealm_ShouldAlwaysSetRequiredProperties(&quot;NonRequiredObject&quot;,False)" assertions="1" time="0.002370" status="Passed" classname="RealmWeaver.Tests" /></testsuite><testsuite tests="6" time="0.013054" errors="0" failures="0" skipped="0" timestamp="2023-01-06 11:28:24Z" name="Realm.Fody.Tests.dll.RealmWeaver.Tests.Tests(AfterRealmWeaver,False).WovenCopyToRealm_ShouldNeverSetPrimaryKeyProperties."><testcase name="WovenCopyToRealm_ShouldNeverSetPrimaryKeyProperties(&quot;Char&quot;)" assertions="1" time="0.005790" status="Passed" classname="RealmWeaver.Tests" /><testcase name="WovenCopyToRealm_ShouldNeverSetPrimaryKeyProperties(&quot;Byte&quot;)" assertions="1" time="0.001438" status="Passed" classname="RealmWeaver.Tests" /><testcase name="WovenCopyToRealm_ShouldNeverSetPrimaryKeyProperties(&quot;Int16&quot;)" assertions="1" time="0.001426" status="Passed" classname="RealmWeaver.Tests" /><testcase name="WovenCopyToRealm_ShouldNeverSetPrimaryKeyProperties(&quot;Int32&quot;)" assertions="1" time="0.001429" status="Passed" classname="RealmWeaver.Tests" /><testcase name="WovenCopyToRealm_ShouldNeverSetPrimaryKeyProperties(&quot;Int64&quot;)" assertions="1" time="0.001467" status="Passed" classname="RealmWeaver.Tests" /><testcase name="WovenCopyToRealm_ShouldNeverSetPrimaryKeyProperties(&quot;String&quot;)" assertions="1" time="0.001416" status="Passed" classname="RealmWeaver.Tests" /></testsuite><testsuite tests="9" time="0.006654" errors="0" failures="0" skipped="0" timestamp="2023-01-06 11:28:24Z" name="Realm.Fody.Tests.dll.RealmWeaver.Tests.Tests(AfterRealmWeaver,False).WovenCopyToRealm_ShouldSetNonDefaultProperties."><testcase name="WovenCopyToRealm_ShouldSetNonDefaultProperties(&quot;String&quot;,&quot;string&quot;)" assertions="1" time="0.000764" status="Passed" classname="RealmWeaver.Tests" /><testcase name="WovenCopyToRealm_ShouldSetNonDefaultProperties(&quot;Char&quot;,'d')" assertions="1" time="0.000764" status="Passed" classname="RealmWeaver.Tests" /><testcase name="WovenCopyToRealm_ShouldSetNonDefaultProperties(&quot;Byte&quot;,3)" assertions="1" time="0.000696" status="Passed" classname="RealmWeaver.Tests" /><testcase name="WovenCopyToRealm_ShouldSetNonDefaultProperties(&quot;Int16&quot;,3)" assertions="1" time="0.000691" status="Passed" classname="RealmWeaver.Tests" /><testcase name="WovenCopyToRealm_ShouldSetNonDefaultProperties(&quot;Int32&quot;,3)" assertions="1" time="0.000668" status="Passed" classname="RealmWeaver.Tests" /><testcase name="WovenCopyToRealm_ShouldSetNonDefaultProperties(&quot;Int64&quot;,3L)" assertions="1" time="0.000697" status="Passed" classname="RealmWeaver.Tests" /><testcase name="WovenCopyToRealm_ShouldSetNonDefaultProperties(&quot;Single&quot;,3.3f)" assertions="1" time="0.000700" status="Passed" classname="RealmWeaver.Tests" /><testcase name="WovenCopyToRealm_ShouldSetNonDefaultProperties(&quot;Double&quot;,3.3d)" assertions="1" time="0.000860" status="Passed" classname="RealmWeaver.Tests" /><testcase name="WovenCopyToRealm_ShouldSetNonDefaultProperties(&quot;Boolean&quot;,True)" assertions="1" time="0.000701" status="Passed" classname="RealmWeaver.Tests" /></testsuite><testsuite tests="237" time="0.745370" errors="0" failures="0" skipped="0" timestamp="2023-01-06 11:28:24Z" name="Realm.Fody.Tests.dll.RealmWeaver.Tests.Tests(AfterRealmWeaver,True)."><testcase name="GetRelationship" assertions="1" time="0.003269" status="Passed" classname="RealmWeaver.Tests" /><testcase name="MatchErrorsAndWarnings" assertions="2" time="0.000144" status="Passed" classname="RealmWeaver.Tests" /><testcase name="SetRelationship" assertions="2" time="0.001286" status="Passed" classname="RealmWeaver.Tests" /><testcase name="ShouldAddPreserveAttributeToConstructor" assertions="1" time="0.000096" status="Passed" classname="RealmWeaver.Tests" /><testcase name="ShouldAddPreserveAttributeToHelperConstructor" assertions="1" time="0.000087" status="Passed" classname="RealmWeaver.Tests" /><testcase name="ShouldAddWovenAttribute" assertions="1" time="0.000022" status="Passed" classname="RealmWeaver.Tests" /><testcase name="ShouldFollowMapToAttribute" assertions="1" time="0.000808" status="Passed" classname="RealmWeaver.Tests" /><testcase name="ShouldNotWeaveIgnoredProperties" assertions="1" time="0.000611" status="Passed" classname="RealmWeaver.Tests" /><testcase name="ShouldNotWeaveIQueryablePropertiesWithoutBacklinkAttribute" assertions="1" time="0.000107" status="Passed" classname="RealmWeaver.Tests" /><testcase name="ShouldWeaveBacklinksGetters" assertions="3" time="0.003158" status="Passed" classname="RealmWeaver.Tests" /><testcase name="SourceGeneratorWeaverShouldIgnorePropertiesNotInInterface" assertions="1" time="0.001404" status="Passed" classname="RealmWeaver.Tests" /><testcase name="SourceGeneratorWeaverShouldWeavePropertiesInInterface" assertions="1" time="0.001732" status="Passed" classname="RealmWeaver.Tests" /><testcase name="WovenCopyToRealm_ShouldAlwaysSetNullableProperties" assertions="1" time="0.002814" status="Passed" classname="RealmWeaver.Tests" /><testcase name="WovenCopyToRealm_ShouldAlwaysSetStructProperties" assertions="10" time="0.012585" status="Passed" classname="RealmWeaver.Tests" /><testcase name="WovenCopyToRealm_ShouldResetBacklinks" assertions="1" time="0.001205" status="Passed" classname="RealmWeaver.Tests" /><testcase name="WovenCopyToRealm_ShouldSetNonDefaultByteArrayProperties" assertions="1" time="0.002535" status="Passed" classname="RealmWeaver.Tests" /></testsuite><testsuite tests="33" time="0.004173" errors="0" failures="0" skipped="0" timestamp="2023-01-06 11:28:24Z" name="Realm.Fody.Tests.dll.RealmWeaver.Tests.Tests(AfterRealmWeaver,True).GetValueManagedShouldGetQueryDatabase."><testcase name="GetValueManagedShouldGetQueryDatabase(&quot;Char&quot;,'0')" assertions="1" time="0.001354" status="Passed" classname="RealmWeaver.Tests" /><testcase name="GetValueManagedShouldGetQueryDatabase(&quot;Byte&quot;,100)" assertions="1" time="0.000132" status="Passed" classname="RealmWeaver.Tests" /><testcase name="GetValueManagedShouldGetQueryDatabase(&quot;Int16&quot;,100)" assertions="1" time="0.000096" status="Passed" classname="RealmWeaver.Tests" /><testcase name="GetValueManagedShouldGetQueryDatabase(&quot;Int32&quot;,100)" assertions="1" time="0.000079" status="Passed" classname="RealmWeaver.Tests" /><testcase name="GetValueManagedShouldGetQueryDatabase(&quot;Int64&quot;,100L)" assertions="1" time="0.000079" status="Passed" classname="RealmWeaver.Tests" /><testcase name="GetValueManagedShouldGetQueryDatabase(&quot;Single&quot;,123.123f)" assertions="1" time="0.000081" status="Passed" classname="RealmWeaver.Tests" /><testcase name="GetValueManagedShouldGetQueryDatabase(&quot;Double&quot;,123.123d)" assertions="1" time="0.000074" status="Passed" classname="RealmWeaver.Tests" /><testcase name="GetValueManagedShouldGetQueryDatabase(&quot;Boolean&quot;,True)" assertions="1" time="0.000068" status="Passed" classname="RealmWeaver.Tests" /><testcase name="GetValueManagedShouldGetQueryDatabase(&quot;String&quot;,&quot;str&quot;)" assertions="1" time="0.000070" status="Passed" classname="RealmWeaver.Tests" /><testcase name="GetValueManagedShouldGetQueryDatabase(&quot;Decimal&quot;,123.456m)" assertions="1" time="0.000088" status="Passed" classname="RealmWeaver.Tests" /><testcase name="GetValueManagedShouldGetQueryDatabase(&quot;Decimal128&quot;,123.456)" assertions="1" time="0.000063" status="Passed" classname="RealmWeaver.Tests" /><testcase name="GetValueManagedShouldGetQueryDatabase(&quot;ObjectId&quot;,63b80559824f9d346801db22)" assertions="1" time="0.000068" status="Passed" classname="RealmWeaver.Tests" /><testcase name="GetValueManagedShouldGetQueryDatabase(&quot;Guid&quot;,e2e188fe-b739-4402-a229-4ffd07d90e5b)" assertions="1" time="0.000074" status="Passed" classname="RealmWeaver.Tests" /><testcase name="GetValueManagedShouldGetQueryDatabase(&quot;NullableChar&quot;,'0')" assertions="1" time="0.000082" status="Passed" classname="RealmWeaver.Tests" /><testcase name="GetValueManagedShouldGetQueryDatabase(&quot;NullableByte&quot;,100)" assertions="1" time="0.000077" status="Passed" classname="RealmWeaver.Tests" /><testcase name="GetValueManagedShouldGetQueryDatabase(&quot;NullableInt16&quot;,100)" assertions="1" time="0.000072" status="Passed" classname="RealmWeaver.Tests" /><testcase name="GetValueManagedShouldGetQueryDatabase(&quot;NullableInt32&quot;,100)" assertions="1" time="0.000067" status="Passed" classname="RealmWeaver.Tests" /><testcase name="GetValueManagedShouldGetQueryDatabase(&quot;NullableInt64&quot;,100L)" assertions="1" time="0.000082" status="Passed" classname="RealmWeaver.Tests" /><testcase name="GetValueManagedShouldGetQueryDatabase(&quot;NullableSingle&quot;,123.123f)" assertions="1" time="0.000070" status="Passed" classname="RealmWeaver.Tests" /><testcase name="GetValueManagedShouldGetQueryDatabase(&quot;NullableDouble&quot;,123.123d)" assertions="1" time="0.000082" status="Passed" classname="RealmWeaver.Tests" /><testcase name="GetValueManagedShouldGetQueryDatabase(&quot;NullableBoolean&quot;,True)" assertions="1" time="0.000137" status="Passed" classname="RealmWeaver.Tests" /><testcase name="GetValueManagedShouldGetQueryDatabase(&quot;NullableDecimal&quot;,123.456m)" assertions="1" time="0.000097" status="Passed" classname="RealmWeaver.Tests" /><testcase name="GetValueManagedShouldGetQueryDatabase(&quot;NullableDecimal128&quot;,123.456)" assertions="1" time="0.000073" status="Passed" classname="RealmWeaver.Tests" /><testcase name="GetValueManagedShouldGetQueryDatabase(&quot;NullableObjectId&quot;,63b80559824f9d346801db23)" assertions="1" time="0.000079" status="Passed" classname="RealmWeaver.Tests" /><testcase name="GetValueManagedShouldGetQueryDatabase(&quot;NullableGuid&quot;,82a29435-6209-41f8-a0f6-62bd1ee4430d)" assertions="1" time="0.000075" status="Passed" classname="RealmWeaver.Tests" /><testcase name="GetValueManagedShouldGetQueryDatabase(&quot;ByteCounter&quot;,100)" assertions="1" time="0.000081" status="Passed" classname="RealmWeaver.Tests" /><testcase name="GetValueManagedShouldGetQueryDatabase(&quot;Int16Counter&quot;,100)" assertions="1" time="0.000079" status="Passed" classname="RealmWeaver.Tests" /><testcase name="GetValueManagedShouldGetQueryDatabase(&quot;Int32Counter&quot;,100)" assertions="1" time="0.000085" status="Passed" classname="RealmWeaver.Tests" /><testcase name="GetValueManagedShouldGetQueryDatabase(&quot;Int64Counter&quot;,100)" assertions="1" time="0.000086" status="Passed" classname="RealmWeaver.Tests" /><testcase name="GetValueManagedShouldGetQueryDatabase(&quot;NullableByteCounter&quot;,100)" assertions="1" time="0.000085" status="Passed" classname="RealmWeaver.Tests" /><testcase name="GetValueManagedShouldGetQueryDatabase(&quot;NullableInt16Counter&quot;,100)" assertions="1" time="0.000083" status="Passed" classname="RealmWeaver.Tests" /><testcase name="GetValueManagedShouldGetQueryDatabase(&quot;NullableInt32Counter&quot;,100)" assertions="1" time="0.000060" status="Passed" classname="RealmWeaver.Tests" /><testcase name="GetValueManagedShouldGetQueryDatabase(&quot;NullableInt64Counter&quot;,100)" assertions="1" time="0.000060" status="Passed" classname="RealmWeaver.Tests" /></testsuite><testsuite tests="33" time="0.012019" errors="0" failures="0" skipped="0" timestamp="2023-01-06 11:28:24Z" name="Realm.Fody.Tests.dll.RealmWeaver.Tests.Tests(AfterRealmWeaver,True).GetValueUnmanagedShouldGetBackingField."><testcase name="GetValueUnmanagedShouldGetBackingField(&quot;Char&quot;,'0')" assertions="2" time="0.001137" status="Passed" classname="RealmWeaver.Tests" /><testcase name="GetValueUnmanagedShouldGetBackingField(&quot;Byte&quot;,100)" assertions="2" time="0.000607" status="Passed" classname="RealmWeaver.Tests" /><testcase name="GetValueUnmanagedShouldGetBackingField(&quot;Int16&quot;,100)" assertions="2" time="0.000593" status="Passed" classname="RealmWeaver.Tests" /><testcase name="GetValueUnmanagedShouldGetBackingField(&quot;Int32&quot;,100)" assertions="2" time="0.000669" status="Passed" classname="RealmWeaver.Tests" /><testcase name="GetValueUnmanagedShouldGetBackingField(&quot;Int64&quot;,100L)" assertions="2" time="0.000617" status="Passed" classname="RealmWeaver.Tests" /><testcase name="GetValueUnmanagedShouldGetBackingField(&quot;Single&quot;,123.123f)" assertions="2" time="0.000624" status="Passed" classname="RealmWeaver.Tests" /><testcase name="GetValueUnmanagedShouldGetBackingField(&quot;Double&quot;,123.123d)" assertions="2" time="0.000609" status="Passed" classname="RealmWeaver.Tests" /><testcase name="GetValueUnmanagedShouldGetBackingField(&quot;Boolean&quot;,True)" assertions="2" time="0.000621" status="Passed" classname="RealmWeaver.Tests" /><testcase name="GetValueUnmanagedShouldGetBackingField(&quot;String&quot;,&quot;str&quot;)" assertions="2" time="0.000627" status="Passed" classname="RealmWeaver.Tests" /><testcase name="GetValueUnmanagedShouldGetBackingField(&quot;Decimal&quot;,123.456m)" assertions="2" time="0.000630" status="Passed" classname="RealmWeaver.Tests" /><testcase name="GetValueUnmanagedShouldGetBackingField(&quot;Decimal128&quot;,123.456)" assertions="2" time="0.000674" status="Passed" classname="RealmWeaver.Tests" /><testcase name="GetValueUnmanagedShouldGetBackingField(&quot;ObjectId&quot;,63b80559824f9d346801db22)" assertions="2" time="0.000627" status="Passed" classname="RealmWeaver.Tests" /><testcase name="GetValueUnmanagedShouldGetBackingField(&quot;Guid&quot;,e2e188fe-b739-4402-a229-4ffd07d90e5b)" assertions="2" time="0.000598" status="Passed" classname="RealmWeaver.Tests" /><testcase name="GetValueUnmanagedShouldGetBackingField(&quot;NullableChar&quot;,'0')" assertions="2" time="0.000049" status="Passed" classname="RealmWeaver.Tests" /><testcase name="GetValueUnmanagedShouldGetBackingField(&quot;NullableByte&quot;,100)" assertions="2" time="0.000034" status="Passed" classname="RealmWeaver.Tests" /><testcase name="GetValueUnmanagedShouldGetBackingField(&quot;NullableInt16&quot;,100)" assertions="2" time="0.000024" status="Passed" classname="RealmWeaver.Tests" /><testcase name="GetValueUnmanagedShouldGetBackingField(&quot;NullableInt32&quot;,100)" assertions="2" time="0.000027" status="Passed" classname="RealmWeaver.Tests" /><testcase name="GetValueUnmanagedShouldGetBackingField(&quot;NullableInt64&quot;,100L)" assertions="2" time="0.000026" status="Passed" classname="RealmWeaver.Tests" /><testcase name="GetValueUnmanagedShouldGetBackingField(&quot;NullableSingle&quot;,123.123f)" assertions="2" time="0.000027" status="Passed" classname="RealmWeaver.Tests" /><testcase name="GetValueUnmanagedShouldGetBackingField(&quot;NullableDouble&quot;,123.123d)" assertions="2" time="0.000027" status="Passed" classname="RealmWeaver.Tests" /><testcase name="GetValueUnmanagedShouldGetBackingField(&quot;NullableBoolean&quot;,True)" assertions="2" time="0.000029" status="Passed" classname="RealmWeaver.Tests" /><testcase name="GetValueUnmanagedShouldGetBackingField(&quot;NullableDecimal&quot;,123.456m)" assertions="2" time="0.000024" status="Passed" classname="RealmWeaver.Tests" /><testcase name="GetValueUnmanagedShouldGetBackingField(&quot;NullableDecimal128&quot;,123.456)" assertions="2" time="0.000030" status="Passed" classname="RealmWeaver.Tests" /><testcase name="GetValueUnmanagedShouldGetBackingField(&quot;NullableObjectId&quot;,63b80559824f9d346801db23)" assertions="2" time="0.000029" status="Passed" classname="RealmWeaver.Tests" /><testcase name="GetValueUnmanagedShouldGetBackingField(&quot;NullableGuid&quot;,82a29435-6209-41f8-a0f6-62bd1ee4430d)" assertions="2" time="0.000029" status="Passed" classname="RealmWeaver.Tests" /><testcase name="GetValueUnmanagedShouldGetBackingField(&quot;ByteCounter&quot;,100)" assertions="2" time="0.000709" status="Passed" classname="RealmWeaver.Tests" /><testcase name="GetValueUnmanagedShouldGetBackingField(&quot;Int16Counter&quot;,100)" assertions="2" time="0.000652" status="Passed" classname="RealmWeaver.Tests" /><testcase name="GetValueUnmanagedShouldGetBackingField(&quot;Int32Counter&quot;,100)" assertions="2" time="0.000633" status="Passed" classname="RealmWeaver.Tests" /><testcase name="GetValueUnmanagedShouldGetBackingField(&quot;Int64Counter&quot;,100)" assertions="2" time="0.000639" status="Passed" classname="RealmWeaver.Tests" /><testcase name="GetValueUnmanagedShouldGetBackingField(&quot;NullableByteCounter&quot;,100)" assertions="2" time="0.000059" status="Passed" classname="RealmWeaver.Tests" /><testcase name="GetValueUnmanagedShouldGetBackingField(&quot;NullableInt16Counter&quot;,100)" assertions="2" time="0.000034" status="Passed" classname="RealmWeaver.Tests" /><testcase name="GetValueUnmanagedShouldGetBackingField(&quot;NullableInt32Counter&quot;,100)" assertions="2" time="0.000030" status="Passed" classname="RealmWeaver.Tests" /><testcase name="GetValueUnmanagedShouldGetBackingField(&quot;NullableInt64Counter&quot;,100)" assertions="2" time="0.000028" status="Passed" classname="RealmWeaver.Tests" /></testsuite><testsuite tests="6" time="0.012765" errors="0" failures="0" skipped="0" timestamp="2023-01-06 11:28:24Z" name="Realm.Fody.Tests.dll.RealmWeaver.Tests.Tests(AfterRealmWeaver,True).SettingPrimaryKeyPropertyShouldCallSetUnique."><testcase name="SettingPrimaryKeyPropertyShouldCallSetUnique(&quot;Char&quot;,'0','\0')" assertions="2" time="0.002204" status="Passed" classname="RealmWeaver.Tests" /><testcase name="SettingPrimaryKeyPropertyShouldCallSetUnique(&quot;Byte&quot;,100,byte.MinValue)" assertions="2" time="0.002170" status="Passed" classname="RealmWeaver.Tests" /><testcase name="SettingPrimaryKeyPropertyShouldCallSetUnique(&quot;Int16&quot;,100,0)" assertions="2" time="0.002273" status="Passed" classname="RealmWeaver.Tests" /><testcase name="SettingPrimaryKeyPropertyShouldCallSetUnique(&quot;Int32&quot;,100,0)" assertions="2" time="0.002053" status="Passed" classname="RealmWeaver.Tests" /><testcase name="SettingPrimaryKeyPropertyShouldCallSetUnique(&quot;Int64&quot;,100L,0L)" assertions="2" time="0.001884" status="Passed" classname="RealmWeaver.Tests" /><testcase name="SettingPrimaryKeyPropertyShouldCallSetUnique(&quot;String&quot;,&quot;str&quot;,null)" assertions="2" time="0.002068" status="Passed" classname="RealmWeaver.Tests" /></testsuite><testsuite tests="33" time="0.014288" errors="0" failures="0" skipped="0" timestamp="2023-01-06 11:28:24Z" name="Realm.Fody.Tests.dll.RealmWeaver.Tests.Tests(AfterRealmWeaver,True).SetValueManagedShouldNotRaisePropertyChanged."><testcase name="SetValueManagedShouldNotRaisePropertyChanged(&quot;Char&quot;,'0','\0')" assertions="3" time="0.001747" status="Passed" classname="RealmWeaver.Tests" /><testcase name="SetValueManagedShouldNotRaisePropertyChanged(&quot;Byte&quot;,100,byte.MinValue)" assertions="3" time="0.000617" status="Passed" classname="RealmWeaver.Tests" /><testcase name="SetValueManagedShouldNotRaisePropertyChanged(&quot;Int16&quot;,100,0)" assertions="3" time="0.000608" status="Passed" classname="RealmWeaver.Tests" /><testcase name="SetValueManagedShouldNotRaisePropertyChanged(&quot;Int32&quot;,100,0)" assertions="3" time="0.000668" status="Passed" classname="RealmWeaver.Tests" /><testcase name="SetValueManagedShouldNotRaisePropertyChanged(&quot;Int64&quot;,100L,0L)" assertions="3" time="0.000652" status="Passed" classname="RealmWeaver.Tests" /><testcase name="SetValueManagedShouldNotRaisePropertyChanged(&quot;Single&quot;,123.123f,0.0f)" assertions="3" time="0.000604" status="Passed" classname="RealmWeaver.Tests" /><testcase name="SetValueManagedShouldNotRaisePropertyChanged(&quot;Double&quot;,123.123d,0.0d)" assertions="3" time="0.000622" status="Passed" classname="RealmWeaver.Tests" /><testcase name="SetValueManagedShouldNotRaisePropertyChanged(&quot;Boolean&quot;,True,False)" assertions="3" time="0.000590" status="Passed" classname="RealmWeaver.Tests" /><testcase name="SetValueManagedShouldNotRaisePropertyChanged(&quot;String&quot;,&quot;str&quot;,null)" assertions="3" time="0.000592" status="Passed" classname="RealmWeaver.Tests" /><testcase name="SetValueManagedShouldNotRaisePropertyChanged(&quot;Decimal&quot;,123.456m,0m)" assertions="3" time="0.000674" status="Passed" classname="RealmWeaver.Tests" /><testcase name="SetValueManagedShouldNotRaisePropertyChanged(&quot;Decimal128&quot;,123.456,0)" assertions="3" time="0.000696" status="Passed" classname="RealmWeaver.Tests" /><testcase name="SetValueManagedShouldNotRaisePropertyChanged(&quot;ObjectId&quot;,63b80559824f9d346801db22,000000000000000000000000)" assertions="3" time="0.000656" status="Passed" classname="RealmWeaver.Tests" /><testcase name="SetValueManagedShouldNotRaisePropertyChanged(&quot;Guid&quot;,e2e188fe-b739-4402-a229-4ffd07d90e5b,00000000-0000-0000-0000-000000000000)" assertions="3" time="0.000615" status="Passed" classname="RealmWeaver.Tests" /><testcase name="SetValueManagedShouldNotRaisePropertyChanged(&quot;NullableChar&quot;,'0',null)" assertions="3" time="0.000128" status="Passed" classname="RealmWeaver.Tests" /><testcase name="SetValueManagedShouldNotRaisePropertyChanged(&quot;NullableByte&quot;,100,null)" assertions="3" time="0.000093" status="Passed" classname="RealmWeaver.Tests" /><testcase name="SetValueManagedShouldNotRaisePropertyChanged(&quot;NullableInt16&quot;,100,null)" assertions="3" time="0.000091" status="Passed" classname="RealmWeaver.Tests" /><testcase name="SetValueManagedShouldNotRaisePropertyChanged(&quot;NullableInt32&quot;,100,null)" assertions="3" time="0.000075" status="Passed" classname="RealmWeaver.Tests" /><testcase name="SetValueManagedShouldNotRaisePropertyChanged(&quot;NullableInt64&quot;,100L,null)" assertions="3" time="0.000092" status="Passed" classname="RealmWeaver.Tests" /><testcase name="SetValueManagedShouldNotRaisePropertyChanged(&quot;NullableSingle&quot;,123.123f,null)" assertions="3" time="0.000078" status="Passed" classname="RealmWeaver.Tests" /><testcase name="SetValueManagedShouldNotRaisePropertyChanged(&quot;NullableDouble&quot;,123.123d,null)" assertions="3" time="0.000089" status="Passed" classname="RealmWeaver.Tests" /><testcase name="SetValueManagedShouldNotRaisePropertyChanged(&quot;NullableBoolean&quot;,True,null)" assertions="3" time="0.000082" status="Passed" classname="RealmWeaver.Tests" /><testcase name="SetValueManagedShouldNotRaisePropertyChanged(&quot;NullableDecimal&quot;,123.456m,null)" assertions="3" time="0.000086" status="Passed" classname="RealmWeaver.Tests" /><testcase name="SetValueManagedShouldNotRaisePropertyChanged(&quot;NullableDecimal128&quot;,123.456,null)" assertions="3" time="0.000081" status="Passed" classname="RealmWeaver.Tests" /><testcase name="SetValueManagedShouldNotRaisePropertyChanged(&quot;NullableObjectId&quot;,63b80559824f9d346801db23,null)" assertions="3" time="0.000092" status="Passed" classname="RealmWeaver.Tests" /><testcase name="SetValueManagedShouldNotRaisePropertyChanged(&quot;NullableGuid&quot;,82a29435-6209-41f8-a0f6-62bd1ee4430d,null)" assertions="3" time="0.000160" status="Passed" classname="RealmWeaver.Tests" /><testcase name="SetValueManagedShouldNotRaisePropertyChanged(&quot;ByteCounter&quot;,100,byte.MinValue)" assertions="3" time="0.000717" status="Passed" classname="RealmWeaver.Tests" /><testcase name="SetValueManagedShouldNotRaisePropertyChanged(&quot;Int16Counter&quot;,100,0)" assertions="3" time="0.000812" status="Passed" classname="RealmWeaver.Tests" /><testcase name="SetValueManagedShouldNotRaisePropertyChanged(&quot;Int32Counter&quot;,100,0)" assertions="3" time="0.000726" status="Passed" classname="RealmWeaver.Tests" /><testcase name="SetValueManagedShouldNotRaisePropertyChanged(&quot;Int64Counter&quot;,100,0L)" assertions="3" time="0.000720" status="Passed" classname="RealmWeaver.Tests" /><testcase name="SetValueManagedShouldNotRaisePropertyChanged(&quot;NullableByteCounter&quot;,100,null)" assertions="3" time="0.000121" status="Passed" classname="RealmWeaver.Tests" /><testcase name="SetValueManagedShouldNotRaisePropertyChanged(&quot;NullableInt16Counter&quot;,100,null)" assertions="3" time="0.000109" status="Passed" classname="RealmWeaver.Tests" /><testcase name="SetValueManagedShouldNotRaisePropertyChanged(&quot;NullableInt32Counter&quot;,100,null)" assertions="3" time="0.000093" status="Passed" classname="RealmWeaver.Tests" /><testcase name="SetValueManagedShouldNotRaisePropertyChanged(&quot;NullableInt64Counter&quot;,100,null)" assertions="3" time="0.000101" status="Passed" classname="RealmWeaver.Tests" /></testsuite><testsuite tests="33" time="0.000902" errors="0" failures="0" skipped="0" timestamp="2023-01-06 11:28:24Z" name="Realm.Fody.Tests.dll.RealmWeaver.Tests.Tests(AfterRealmWeaver,True).SetValueManagedShouldUpdateDatabase."><testcase name="SetValueManagedShouldUpdateDatabase(&quot;Char&quot;,'0','\0')" assertions="2" time="0.000056" status="Passed" classname="RealmWeaver.Tests" /><testcase name="SetValueManagedShouldUpdateDatabase(&quot;Byte&quot;,100,byte.MinValue)" assertions="2" time="0.000030" status="Passed" classname="RealmWeaver.Tests" /><testcase name="SetValueManagedShouldUpdateDatabase(&quot;Int16&quot;,100,0)" assertions="2" time="0.000024" status="Passed" classname="RealmWeaver.Tests" /><testcase name="SetValueManagedShouldUpdateDatabase(&quot;Int32&quot;,100,0)" assertions="2" time="0.000019" status="Passed" classname="RealmWeaver.Tests" /><testcase name="SetValueManagedShouldUpdateDatabase(&quot;Int64&quot;,100L,0L)" assertions="2" time="0.000022" status="Passed" classname="RealmWeaver.Tests" /><testcase name="SetValueManagedShouldUpdateDatabase(&quot;Single&quot;,123.123f,0.0f)" assertions="2" time="0.000022" status="Passed" classname="RealmWeaver.Tests" /><testcase name="SetValueManagedShouldUpdateDatabase(&quot;Double&quot;,123.123d,0.0d)" assertions="2" time="0.000022" status="Passed" classname="RealmWeaver.Tests" /><testcase name="SetValueManagedShouldUpdateDatabase(&quot;Boolean&quot;,True,False)" assertions="2" time="0.000034" status="Passed" classname="RealmWeaver.Tests" /><testcase name="SetValueManagedShouldUpdateDatabase(&quot;String&quot;,&quot;str&quot;,null)" assertions="2" time="0.000023" status="Passed" classname="RealmWeaver.Tests" /><testcase name="SetValueManagedShouldUpdateDatabase(&quot;Decimal&quot;,123.456m,0m)" assertions="2" time="0.000023" status="Passed" classname="RealmWeaver.Tests" /><testcase name="SetValueManagedShouldUpdateDatabase(&quot;Decimal128&quot;,123.456,0)" assertions="2" time="0.000028" status="Passed" classname="RealmWeaver.Tests" /><testcase name="SetValueManagedShouldUpdateDatabase(&quot;ObjectId&quot;,63b80559824f9d346801db22,000000000000000000000000)" assertions="2" time="0.000022" status="Passed" classname="RealmWeaver.Tests" /><testcase name="SetValueManagedShouldUpdateDatabase(&quot;Guid&quot;,e2e188fe-b739-4402-a229-4ffd07d90e5b,00000000-0000-0000-0000-000000000000)" assertions="2" time="0.000027" status="Passed" classname="RealmWeaver.Tests" /><testcase name="SetValueManagedShouldUpdateDatabase(&quot;NullableChar&quot;,'0',null)" assertions="2" time="0.000020" status="Passed" classname="RealmWeaver.Tests" /><testcase name="SetValueManagedShouldUpdateDatabase(&quot;NullableByte&quot;,100,null)" assertions="2" time="0.000020" status="Passed" classname="RealmWeaver.Tests" /><testcase name="SetValueManagedShouldUpdateDatabase(&quot;NullableInt16&quot;,100,null)" assertions="2" time="0.000019" status="Passed" classname="RealmWeaver.Tests" /><testcase name="SetValueManagedShouldUpdateDatabase(&quot;NullableInt32&quot;,100,null)" assertions="2" time="0.000019" status="Passed" classname="RealmWeaver.Tests" /><testcase name="SetValueManagedShouldUpdateDatabase(&quot;NullableInt64&quot;,100L,null)" assertions="2" time="0.000017" status="Passed" classname="RealmWeaver.Tests" /><testcase name="SetValueManagedShouldUpdateDatabase(&quot;NullableSingle&quot;,123.123f,null)" assertions="2" time="0.000019" status="Passed" classname="RealmWeaver.Tests" /><testcase name="SetValueManagedShouldUpdateDatabase(&quot;NullableDouble&quot;,123.123d,null)" assertions="2" time="0.000019" status="Passed" classname="RealmWeaver.Tests" /><testcase name="SetValueManagedShouldUpdateDatabase(&quot;NullableBoolean&quot;,True,null)" assertions="2" time="0.000019" status="Passed" classname="RealmWeaver.Tests" /><testcase name="SetValueManagedShouldUpdateDatabase(&quot;NullableDecimal&quot;,123.456m,null)" assertions="2" time="0.000019" status="Passed" classname="RealmWeaver.Tests" /><testcase name="SetValueManagedShouldUpdateDatabase(&quot;NullableDecimal128&quot;,123.456,null)" assertions="2" time="0.000019" status="Passed" classname="RealmWeaver.Tests" /><testcase name="SetValueManagedShouldUpdateDatabase(&quot;NullableObjectId&quot;,63b80559824f9d346801db23,null)" assertions="2" time="0.000016" status="Passed" classname="RealmWeaver.Tests" /><testcase name="SetValueManagedShouldUpdateDatabase(&quot;NullableGuid&quot;,82a29435-6209-41f8-a0f6-62bd1ee4430d,null)" assertions="2" time="0.000017" status="Passed" classname="RealmWeaver.Tests" /><testcase name="SetValueManagedShouldUpdateDatabase(&quot;ByteCounter&quot;,100,byte.MinValue)" assertions="2" time="0.000036" status="Passed" classname="RealmWeaver.Tests" /><testcase name="SetValueManagedShouldUpdateDatabase(&quot;Int16Counter&quot;,100,0)" assertions="2" time="0.000027" status="Passed" classname="RealmWeaver.Tests" /><testcase name="SetValueManagedShouldUpdateDatabase(&quot;Int32Counter&quot;,100,0)" assertions="2" time="0.000027" status="Passed" classname="RealmWeaver.Tests" /><testcase name="SetValueManagedShouldUpdateDatabase(&quot;Int64Counter&quot;,100,0L)" assertions="2" time="0.000030" status="Passed" classname="RealmWeaver.Tests" /><testcase name="SetValueManagedShouldUpdateDatabase(&quot;NullableByteCounter&quot;,100,null)" assertions="2" time="0.000020" status="Passed" classname="RealmWeaver.Tests" /><testcase name="SetValueManagedShouldUpdateDatabase(&quot;NullableInt16Counter&quot;,100,null)" assertions="2" time="0.000021" status="Passed" classname="RealmWeaver.Tests" /><testcase name="SetValueManagedShouldUpdateDatabase(&quot;NullableInt32Counter&quot;,100,null)" assertions="2" time="0.000018" status="Passed" classname="RealmWeaver.Tests" /><testcase name="SetValueManagedShouldUpdateDatabase(&quot;NullableInt64Counter&quot;,100,null)" assertions="2" time="0.000018" status="Passed" classname="RealmWeaver.Tests" /></testsuite><testsuite tests="33" time="0.000719" errors="0" failures="0" skipped="0" timestamp="2023-01-06 11:28:24Z" name="Realm.Fody.Tests.dll.RealmWeaver.Tests.Tests(AfterRealmWeaver,True).SetValueUnmanagedShouldRaisePropertyChanged."><testcase name="SetValueUnmanagedShouldRaisePropertyChanged(&quot;Char&quot;,'0')" assertions="2" time="0.000038" status="Passed" classname="RealmWeaver.Tests" /><testcase name="SetValueUnmanagedShouldRaisePropertyChanged(&quot;Byte&quot;,100)" assertions="2" time="0.000016" status="Passed" classname="RealmWeaver.Tests" /><testcase name="SetValueUnmanagedShouldRaisePropertyChanged(&quot;Int16&quot;,100)" assertions="2" time="0.000017" status="Passed" classname="RealmWeaver.Tests" /><testcase name="SetValueUnmanagedShouldRaisePropertyChanged(&quot;Int32&quot;,100)" assertions="2" time="0.000014" status="Passed" classname="RealmWeaver.Tests" /><testcase name="SetValueUnmanagedShouldRaisePropertyChanged(&quot;Int64&quot;,100L)" assertions="2" time="0.000017" status="Passed" classname="RealmWeaver.Tests" /><testcase name="SetValueUnmanagedShouldRaisePropertyChanged(&quot;Single&quot;,123.123f)" assertions="2" time="0.000014" status="Passed" classname="RealmWeaver.Tests" /><testcase name="SetValueUnmanagedShouldRaisePropertyChanged(&quot;Double&quot;,123.123d)" assertions="2" time="0.000017" status="Passed" classname="RealmWeaver.Tests" /><testcase name="SetValueUnmanagedShouldRaisePropertyChanged(&quot;Boolean&quot;,True)" assertions="2" time="0.000022" status="Passed" classname="RealmWeaver.Tests" /><testcase name="SetValueUnmanagedShouldRaisePropertyChanged(&quot;String&quot;,&quot;str&quot;)" assertions="2" time="0.000015" status="Passed" classname="RealmWeaver.Tests" /><testcase name="SetValueUnmanagedShouldRaisePropertyChanged(&quot;Decimal&quot;,123.456m)" assertions="2" time="0.000018" status="Passed" classname="RealmWeaver.Tests" /><testcase name="SetValueUnmanagedShouldRaisePropertyChanged(&quot;Decimal128&quot;,123.456)" assertions="2" time="0.000020" status="Passed" classname="RealmWeaver.Tests" /><testcase name="SetValueUnmanagedShouldRaisePropertyChanged(&quot;ObjectId&quot;,63b80559824f9d346801db22)" assertions="2" time="0.000033" status="Passed" classname="RealmWeaver.Tests" /><testcase name="SetValueUnmanagedShouldRaisePropertyChanged(&quot;Guid&quot;,e2e188fe-b739-4402-a229-4ffd07d90e5b)" assertions="2" time="0.000024" status="Passed" classname="RealmWeaver.Tests" /><testcase name="SetValueUnmanagedShouldRaisePropertyChanged(&quot;NullableChar&quot;,'0')" assertions="2" time="0.000015" status="Passed" classname="RealmWeaver.Tests" /><testcase name="SetValueUnmanagedShouldRaisePropertyChanged(&quot;NullableByte&quot;,100)" assertions="2" time="0.000017" status="Passed" classname="RealmWeaver.Tests" /><testcase name="SetValueUnmanagedShouldRaisePropertyChanged(&quot;NullableInt16&quot;,100)" assertions="2" time="0.000014" status="Passed" classname="RealmWeaver.Tests" /><testcase name="SetValueUnmanagedShouldRaisePropertyChanged(&quot;NullableInt32&quot;,100)" assertions="2" time="0.000017" status="Passed" classname="RealmWeaver.Tests" /><testcase name="SetValueUnmanagedShouldRaisePropertyChanged(&quot;NullableInt64&quot;,100L)" assertions="2" time="0.000014" status="Passed" classname="RealmWeaver.Tests" /><testcase name="SetValueUnmanagedShouldRaisePropertyChanged(&quot;NullableSingle&quot;,123.123f)" assertions="2" time="0.000014" status="Passed" classname="RealmWeaver.Tests" /><testcase name="SetValueUnmanagedShouldRaisePropertyChanged(&quot;NullableDouble&quot;,123.123d)" assertions="2" time="0.000016" status="Passed" classname="RealmWeaver.Tests" /><testcase name="SetValueUnmanagedShouldRaisePropertyChanged(&quot;NullableBoolean&quot;,True)" assertions="2" time="0.000016" status="Passed" classname="RealmWeaver.Tests" /><testcase name="SetValueUnmanagedShouldRaisePropertyChanged(&quot;NullableDecimal&quot;,123.456m)" assertions="2" time="0.000017" status="Passed" classname="RealmWeaver.Tests" /><testcase name="SetValueUnmanagedShouldRaisePropertyChanged(&quot;NullableDecimal128&quot;,123.456)" assertions="2" time="0.000018" status="Passed" classname="RealmWeaver.Tests" /><testcase name="SetValueUnmanagedShouldRaisePropertyChanged(&quot;NullableObjectId&quot;,63b80559824f9d346801db23)" assertions="2" time="0.000016" status="Passed" classname="RealmWeaver.Tests" /><testcase name="SetValueUnmanagedShouldRaisePropertyChanged(&quot;NullableGuid&quot;,82a29435-6209-41f8-a0f6-62bd1ee4430d)" assertions="2" time="0.000020" status="Passed" classname="RealmWeaver.Tests" /><testcase name="SetValueUnmanagedShouldRaisePropertyChanged(&quot;ByteCounter&quot;,100)" assertions="2" time="0.000019" status="Passed" classname="RealmWeaver.Tests" /><testcase name="SetValueUnmanagedShouldRaisePropertyChanged(&quot;Int16Counter&quot;,100)" assertions="2" time="0.000020" status="Passed" classname="RealmWeaver.Tests" /><testcase name="SetValueUnmanagedShouldRaisePropertyChanged(&quot;Int32Counter&quot;,100)" assertions="2" time="0.000020" status="Passed" classname="RealmWeaver.Tests" /><testcase name="SetValueUnmanagedShouldRaisePropertyChanged(&quot;Int64Counter&quot;,100)" assertions="2" time="0.000017" status="Passed" classname="RealmWeaver.Tests" /><testcase name="SetValueUnmanagedShouldRaisePropertyChanged(&quot;NullableByteCounter&quot;,100)" assertions="2" time="0.000018" status="Passed" classname="RealmWeaver.Tests" /><testcase name="SetValueUnmanagedShouldRaisePropertyChanged(&quot;NullableInt16Counter&quot;,100)" assertions="2" time="0.000017" status="Passed" classname="RealmWeaver.Tests" /><testcase name="SetValueUnmanagedShouldRaisePropertyChanged(&quot;NullableInt32Counter&quot;,100)" assertions="2" time="0.000015" status="Passed" classname="RealmWeaver.Tests" /><testcase name="SetValueUnmanagedShouldRaisePropertyChanged(&quot;NullableInt64Counter&quot;,100)" assertions="2" time="0.000018" status="Passed" classname="RealmWeaver.Tests" /></testsuite><testsuite tests="33" time="0.000764" errors="0" failures="0" skipped="0" timestamp="2023-01-06 11:28:24Z" name="Realm.Fody.Tests.dll.RealmWeaver.Tests.Tests(AfterRealmWeaver,True).SetValueUnmanagedShouldSetBackingField."><testcase name="SetValueUnmanagedShouldSetBackingField(&quot;Char&quot;,'0')" assertions="2" time="0.000028" status="Passed" classname="RealmWeaver.Tests" /><testcase name="SetValueUnmanagedShouldSetBackingField(&quot;Byte&quot;,100)" assertions="2" time="0.000020" status="Passed" classname="RealmWeaver.Tests" /><testcase name="SetValueUnmanagedShouldSetBackingField(&quot;Int16&quot;,100)" assertions="2" time="0.000019" status="Passed" classname="RealmWeaver.Tests" /><testcase name="SetValueUnmanagedShouldSetBackingField(&quot;Int32&quot;,100)" assertions="2" time="0.000016" status="Passed" classname="RealmWeaver.Tests" /><testcase name="SetValueUnmanagedShouldSetBackingField(&quot;Int64&quot;,100L)" assertions="2" time="0.000017" status="Passed" classname="RealmWeaver.Tests" /><testcase name="SetValueUnmanagedShouldSetBackingField(&quot;Single&quot;,123.123f)" assertions="2" time="0.000019" status="Passed" classname="RealmWeaver.Tests" /><testcase name="SetValueUnmanagedShouldSetBackingField(&quot;Double&quot;,123.123d)" assertions="2" time="0.000019" status="Passed" classname="RealmWeaver.Tests" /><testcase name="SetValueUnmanagedShouldSetBackingField(&quot;Boolean&quot;,True)" assertions="2" time="0.000021" status="Passed" classname="RealmWeaver.Tests" /><testcase name="SetValueUnmanagedShouldSetBackingField(&quot;String&quot;,&quot;str&quot;)" assertions="2" time="0.000016" status="Passed" classname="RealmWeaver.Tests" /><testcase name="SetValueUnmanagedShouldSetBackingField(&quot;Decimal&quot;,123.456m)" assertions="2" time="0.000020" status="Passed" classname="RealmWeaver.Tests" /><testcase name="SetValueUnmanagedShouldSetBackingField(&quot;Decimal128&quot;,123.456)" assertions="2" time="0.000024" status="Passed" classname="RealmWeaver.Tests" /><testcase name="SetValueUnmanagedShouldSetBackingField(&quot;ObjectId&quot;,63b80559824f9d346801db22)" assertions="2" time="0.000021" status="Passed" classname="RealmWeaver.Tests" /><testcase name="SetValueUnmanagedShouldSetBackingField(&quot;Guid&quot;,e2e188fe-b739-4402-a229-4ffd07d90e5b)" assertions="2" time="0.000019" status="Passed" classname="RealmWeaver.Tests" /><testcase name="SetValueUnmanagedShouldSetBackingField(&quot;NullableChar&quot;,'0')" assertions="2" time="0.000017" status="Passed" classname="RealmWeaver.Tests" /><testcase name="SetValueUnmanagedShouldSetBackingField(&quot;NullableByte&quot;,100)" assertions="2" time="0.000019" status="Passed" classname="RealmWeaver.Tests" /><testcase name="SetValueUnmanagedShouldSetBackingField(&quot;NullableInt16&quot;,100)" assertions="2" time="0.000019" status="Passed" classname="RealmWeaver.Tests" /><testcase name="SetValueUnmanagedShouldSetBackingField(&quot;NullableInt32&quot;,100)" assertions="2" time="0.000019" status="Passed" classname="RealmWeaver.Tests" /><testcase name="SetValueUnmanagedShouldSetBackingField(&quot;NullableInt64&quot;,100L)" assertions="2" time="0.000017" status="Passed" classname="RealmWeaver.Tests" /><testcase name="SetValueUnmanagedShouldSetBack
[...]
RealmWeaver.Tests" /><testcase name="SetValueManagedShouldUpdateDatabase(&quot;Decimal&quot;,123.456m,0m)" assertions="2" time="0.000027" status="Passed" classname="RealmWeaver.Tests" /><testcase name="SetValueManagedShouldUpdateDatabase(&quot;Decimal128&quot;,123.456,0)" assertions="2" time="0.000024" status="Passed" classname="RealmWeaver.Tests" /><testcase name="SetValueManagedShouldUpdateDatabase(&quot;ObjectId&quot;,63b80559824f9d346801db22,000000000000000000000000)" assertions="2" time="0.000020" status="Passed" classname="RealmWeaver.Tests" /><testcase name="SetValueManagedShouldUpdateDatabase(&quot;Guid&quot;,e2e188fe-b739-4402-a229-4ffd07d90e5b,00000000-0000-0000-0000-000000000000)" assertions="2" time="0.000025" status="Passed" classname="RealmWeaver.Tests" /><testcase name="SetValueManagedShouldUpdateDatabase(&quot;NullableChar&quot;,'0',null)" assertions="2" time="0.000025" status="Passed" classname="RealmWeaver.Tests" /><testcase name="SetValueManagedShouldUpdateDatabase(&quot;NullableByte&quot;,100,null)" assertions="2" time="0.000024" status="Passed" classname="RealmWeaver.Tests" /><testcase name="SetValueManagedShouldUpdateDatabase(&quot;NullableInt16&quot;,100,null)" assertions="2" time="0.000025" status="Passed" classname="RealmWeaver.Tests" /><testcase name="SetValueManagedShouldUpdateDatabase(&quot;NullableInt32&quot;,100,null)" assertions="2" time="0.000024" status="Passed" classname="RealmWeaver.Tests" /><testcase name="SetValueManagedShouldUpdateDatabase(&quot;NullableInt64&quot;,100L,null)" assertions="2" time="0.000017" status="Passed" classname="RealmWeaver.Tests" /><testcase name="SetValueManagedShouldUpdateDatabase(&quot;NullableSingle&quot;,123.123f,null)" assertions="2" time="0.000024" status="Passed" classname="RealmWeaver.Tests" /><testcase name="SetValueManagedShouldUpdateDatabase(&quot;NullableDouble&quot;,123.123d,null)" assertions="2" time="0.000024" status="Passed" classname="RealmWeaver.Tests" /><testcase name="SetValueManagedShouldUpdateDatabase(&quot;NullableBoolean&quot;,True,null)" assertions="2" time="0.000021" status="Passed" classname="RealmWeaver.Tests" /><testcase name="SetValueManagedShouldUpdateDatabase(&quot;NullableDecimal&quot;,123.456m,null)" assertions="2" time="0.000018" status="Passed" classname="RealmWeaver.Tests" /><testcase name="SetValueManagedShouldUpdateDatabase(&quot;NullableDecimal128&quot;,123.456,null)" assertions="2" time="0.000021" status="Passed" classname="RealmWeaver.Tests" /><testcase name="SetValueManagedShouldUpdateDatabase(&quot;NullableObjectId&quot;,63b80559824f9d346801db23,null)" assertions="2" time="0.000017" status="Passed" classname="RealmWeaver.Tests" /><testcase name="SetValueManagedShouldUpdateDatabase(&quot;NullableGuid&quot;,82a29435-6209-41f8-a0f6-62bd1ee4430d,null)" assertions="2" time="0.000015" status="Passed" classname="RealmWeaver.Tests" /><testcase name="SetValueManagedShouldUpdateDatabase(&quot;ByteCounter&quot;,100,byte.MinValue)" assertions="2" time="0.000029" status="Passed" classname="RealmWeaver.Tests" /><testcase name="SetValueManagedShouldUpdateDatabase(&quot;Int16Counter&quot;,100,0)" assertions="2" time="0.000025" status="Passed" classname="RealmWeaver.Tests" /><testcase name="SetValueManagedShouldUpdateDatabase(&quot;Int32Counter&quot;,100,0)" assertions="2" time="0.000026" status="Passed" classname="RealmWeaver.Tests" /><testcase name="SetValueManagedShouldUpdateDatabase(&quot;Int64Counter&quot;,100,0L)" assertions="2" time="0.000018" status="Passed" classname="RealmWeaver.Tests" /><testcase name="SetValueManagedShouldUpdateDatabase(&quot;NullableByteCounter&quot;,100,null)" assertions="2" time="0.000019" status="Passed" classname="RealmWeaver.Tests" /><testcase name="SetValueManagedShouldUpdateDatabase(&quot;NullableInt16Counter&quot;,100,null)" assertions="2" time="0.000023" status="Passed" classname="RealmWeaver.Tests" /><testcase name="SetValueManagedShouldUpdateDatabase(&quot;NullableInt32Counter&quot;,100,null)" assertions="2" time="0.000014" status="Passed" classname="RealmWeaver.Tests" /><testcase name="SetValueManagedShouldUpdateDatabase(&quot;NullableInt64Counter&quot;,100,null)" assertions="2" time="0.000015" status="Passed" classname="RealmWeaver.Tests" /></testsuite><testsuite tests="33" time="0.000735" errors="0" failures="0" skipped="0" timestamp="2023-01-06 11:28:27Z" name="Realm.Fody.Tests.dll.RealmWeaver.Tests.Tests(NoPropertyChanged,True).SetValueUnmanagedShouldRaisePropertyChanged."><testcase name="SetValueUnmanagedShouldRaisePropertyChanged(&quot;Char&quot;,'0')" assertions="2" time="0.000043" status="Passed" classname="RealmWeaver.Tests" /><testcase name="SetValueUnmanagedShouldRaisePropertyChanged(&quot;Byte&quot;,100)" assertions="2" time="0.000017" status="Passed" classname="RealmWeaver.Tests" /><testcase name="SetValueUnmanagedShouldRaisePropertyChanged(&quot;Int16&quot;,100)" assertions="2" time="0.000018" status="Passed" classname="RealmWeaver.Tests" /><testcase name="SetValueUnmanagedShouldRaisePropertyChanged(&quot;Int32&quot;,100)" assertions="2" time="0.000013" status="Passed" classname="RealmWeaver.Tests" /><testcase name="SetValueUnmanagedShouldRaisePropertyChanged(&quot;Int64&quot;,100L)" assertions="2" time="0.000019" status="Passed" classname="RealmWeaver.Tests" /><testcase name="SetValueUnmanagedShouldRaisePropertyChanged(&quot;Single&quot;,123.123f)" assertions="2" time="0.000014" status="Passed" classname="RealmWeaver.Tests" /><testcase name="SetValueUnmanagedShouldRaisePropertyChanged(&quot;Double&quot;,123.123d)" assertions="2" time="0.000021" status="Passed" classname="RealmWeaver.Tests" /><testcase name="SetValueUnmanagedShouldRaisePropertyChanged(&quot;Boolean&quot;,True)" assertions="2" time="0.000024" status="Passed" classname="RealmWeaver.Tests" /><testcase name="SetValueUnmanagedShouldRaisePropertyChanged(&quot;String&quot;,&quot;str&quot;)" assertions="2" time="0.000014" status="Passed" classname="RealmWeaver.Tests" /><testcase name="SetValueUnmanagedShouldRaisePropertyChanged(&quot;Decimal&quot;,123.456m)" assertions="2" time="0.000018" status="Passed" classname="RealmWeaver.Tests" /><testcase name="SetValueUnmanagedShouldRaisePropertyChanged(&quot;Decimal128&quot;,123.456)" assertions="2" time="0.000019" status="Passed" classname="RealmWeaver.Tests" /><testcase name="SetValueUnmanagedShouldRaisePropertyChanged(&quot;ObjectId&quot;,63b80559824f9d346801db22)" assertions="2" time="0.000023" status="Passed" classname="RealmWeaver.Tests" /><testcase name="SetValueUnmanagedShouldRaisePropertyChanged(&quot;Guid&quot;,e2e188fe-b739-4402-a229-4ffd07d90e5b)" assertions="2" time="0.000020" status="Passed" classname="RealmWeaver.Tests" /><testcase name="SetValueUnmanagedShouldRaisePropertyChanged(&quot;NullableChar&quot;,'0')" assertions="2" time="0.000015" status="Passed" classname="RealmWeaver.Tests" /><testcase name="SetValueUnmanagedShouldRaisePropertyChanged(&quot;NullableByte&quot;,100)" assertions="2" time="0.000017" status="Passed" classname="RealmWeaver.Tests" /><testcase name="SetValueUnmanagedShouldRaisePropertyChanged(&quot;NullableInt16&quot;,100)" assertions="2" time="0.000014" status="Passed" classname="RealmWeaver.Tests" /><testcase name="SetValueUnmanagedShouldRaisePropertyChanged(&quot;NullableInt32&quot;,100)" assertions="2" time="0.000017" status="Passed" classname="RealmWeaver.Tests" /><testcase name="SetValueUnmanagedShouldRaisePropertyChanged(&quot;NullableInt64&quot;,100L)" assertions="2" time="0.000014" status="Passed" classname="RealmWeaver.Tests" /><testcase name="SetValueUnmanagedShouldRaisePropertyChanged(&quot;NullableSingle&quot;,123.123f)" assertions="2" time="0.000014" status="Passed" classname="RealmWeaver.Tests" /><testcase name="SetValueUnmanagedShouldRaisePropertyChanged(&quot;NullableDouble&quot;,123.123d)" assertions="2" time="0.000017" status="Passed" classname="RealmWeaver.Tests" /><testcase name="SetValueUnmanagedShouldRaisePropertyChanged(&quot;NullableBoolean&quot;,True)" assertions="2" time="0.000016" status="Passed" classname="RealmWeaver.Tests" /><testcase name="SetValueUnmanagedShouldRaisePropertyChanged(&quot;NullableDecimal&quot;,123.456m)" assertions="2" time="0.000017" status="Passed" classname="RealmWeaver.Tests" /><testcase name="SetValueUnmanagedShouldRaisePropertyChanged(&quot;NullableDecimal128&quot;,123.456)" assertions="2" time="0.000017" status="Passed" classname="RealmWeaver.Tests" /><testcase name="SetValueUnmanagedShouldRaisePropertyChanged(&quot;NullableObjectId&quot;,63b80559824f9d346801db23)" assertions="2" time="0.000016" status="Passed" classname="RealmWeaver.Tests" /><testcase name="SetValueUnmanagedShouldRaisePropertyChanged(&quot;NullableGuid&quot;,82a29435-6209-41f8-a0f6-62bd1ee4430d)" assertions="2" time="0.000021" status="Passed" classname="RealmWeaver.Tests" /><testcase name="SetValueUnmanagedShouldRaisePropertyChanged(&quot;ByteCounter&quot;,100)" assertions="2" time="0.000018" status="Passed" classname="RealmWeaver.Tests" /><testcase name="SetValueUnmanagedShouldRaisePropertyChanged(&quot;Int16Counter&quot;,100)" assertions="2" time="0.000020" status="Passed" classname="RealmWeaver.Tests" /><testcase name="SetValueUnmanagedShouldRaisePropertyChanged(&quot;Int32Counter&quot;,100)" assertions="2" time="0.000020" status="Passed" classname="RealmWeaver.Tests" /><testcase name="SetValueUnmanagedShouldRaisePropertyChanged(&quot;Int64Counter&quot;,100)" assertions="2" time="0.000016" status="Passed" classname="RealmWeaver.Tests" /><testcase name="SetValueUnmanagedShouldRaisePropertyChanged(&quot;NullableByteCounter&quot;,100)" assertions="2" time="0.000018" status="Passed" classname="RealmWeaver.Tests" /><testcase name="SetValueUnmanagedShouldRaisePropertyChanged(&quot;NullableInt16Counter&quot;,100)" assertions="2" time="0.000016" status="Passed" classname="RealmWeaver.Tests" /><testcase name="SetValueUnmanagedShouldRaisePropertyChanged(&quot;NullableInt32Counter&quot;,100)" assertions="2" time="0.000028" status="Passed" classname="RealmWeaver.Tests" /><testcase name="SetValueUnmanagedShouldRaisePropertyChanged(&quot;NullableInt64Counter&quot;,100)" assertions="2" time="0.000018" status="Passed" classname="RealmWeaver.Tests" /></testsuite><testsuite tests="33" time="0.000777" errors="0" failures="0" skipped="0" timestamp="2023-01-06 11:28:27Z" name="Realm.Fody.Tests.dll.RealmWeaver.Tests.Tests(NoPropertyChanged,True).SetValueUnmanagedShouldSetBackingField."><testcase name="SetValueUnmanagedShouldSetBackingField(&quot;Char&quot;,'0')" assertions="2" time="0.000031" status="Passed" classname="RealmWeaver.Tests" /><testcase name="SetValueUnmanagedShouldSetBackingField(&quot;Byte&quot;,100)" assertions="2" time="0.000019" status="Passed" classname="RealmWeaver.Tests" /><testcase name="SetValueUnmanagedShouldSetBackingField(&quot;Int16&quot;,100)" assertions="2" time="0.000022" status="Passed" classname="RealmWeaver.Tests" /><testcase name="SetValueUnmanagedShouldSetBackingField(&quot;Int32&quot;,100)" assertions="2" time="0.000017" status="Passed" classname="RealmWeaver.Tests" /><testcase name="SetValueUnmanagedShouldSetBackingField(&quot;Int64&quot;,100L)" assertions="2" time="0.000016" status="Passed" classname="RealmWeaver.Tests" /><testcase name="SetValueUnmanagedShouldSetBackingField(&quot;Single&quot;,123.123f)" assertions="2" time="0.000018" status="Passed" classname="RealmWeaver.Tests" /><testcase name="SetValueUnmanagedShouldSetBackingField(&quot;Double&quot;,123.123d)" assertions="2" time="0.000019" status="Passed" classname="RealmWeaver.Tests" /><testcase name="SetValueUnmanagedShouldSetBackingField(&quot;Boolean&quot;,True)" assertions="2" time="0.000022" status="Passed" classname="RealmWeaver.Tests" /><testcase name="SetValueUnmanagedShouldSetBackingField(&quot;String&quot;,&quot;str&quot;)" assertions="2" time="0.000018" status="Passed" classname="RealmWeaver.Tests" /><testcase name="SetValueUnmanagedShouldSetBackingField(&quot;Decimal&quot;,123.456m)" assertions="2" time="0.000019" status="Passed" classname="RealmWeaver.Tests" /><testcase name="SetValueUnmanagedShouldSetBackingField(&quot;Decimal128&quot;,123.456)" assertions="2" time="0.000023" status="Passed" classname="RealmWeaver.Tests" /><testcase name="SetValueUnmanagedShouldSetBackingField(&quot;ObjectId&quot;,63b80559824f9d346801db22)" assertions="2" time="0.000020" status="Passed" classname="RealmWeaver.Tests" /><testcase name="SetValueUnmanagedShouldSetBackingField(&quot;Guid&quot;,e2e188fe-b739-4402-a229-4ffd07d90e5b)" assertions="2" time="0.000018" status="Passed" classname="RealmWeaver.Tests" /><testcase name="SetValueUnmanagedShouldSetBackingField(&quot;NullableChar&quot;,'0')" assertions="2" time="0.000018" status="Passed" classname="RealmWeaver.Tests" /><testcase name="SetValueUnmanagedShouldSetBackingField(&quot;NullableByte&quot;,100)" assertions="2" time="0.000019" status="Passed" classname="RealmWeaver.Tests" /><testcase name="SetValueUnmanagedShouldSetBackingField(&quot;NullableInt16&quot;,100)" assertions="2" time="0.000020" status="Passed" classname="RealmWeaver.Tests" /><testcase name="SetValueUnmanagedShouldSetBackingField(&quot;NullableInt32&quot;,100)" assertions="2" time="0.000019" status="Passed" classname="RealmWeaver.Tests" /><testcase name="SetValueUnmanagedShouldSetBackingField(&quot;NullableInt64&quot;,100L)" assertions="2" time="0.000016" status="Passed" classname="RealmWeaver.Tests" /><testcase name="SetValueUnmanagedShouldSetBackingField(&quot;NullableSingle&quot;,123.123f)" assertions="2" time="0.000019" status="Passed" classname="RealmWeaver.Tests" /><testcase name="SetValueUnmanagedShouldSetBackingField(&quot;NullableDouble&quot;,123.123d)" assertions="2" time="0.000020" status="Passed" classname="RealmWeaver.Tests" /><testcase name="SetValueUnmanagedShouldSetBackingField(&quot;NullableBoolean&quot;,True)" assertions="2" time="0.000022" status="Passed" classname="RealmWeaver.Tests" /><testcase name="SetValueUnmanagedShouldSetBackingField(&quot;NullableDecimal&quot;,123.456m)" assertions="2" time="0.000016" status="Passed" classname="RealmWeaver.Tests" /><testcase name="SetValueUnmanagedShouldSetBackingField(&quot;NullableDecimal128&quot;,123.456)" assertions="2" time="0.000021" status="Passed" classname="RealmWeaver.Tests" /><testcase name="SetValueUnmanagedShouldSetBackingField(&quot;NullableObjectId&quot;,63b80559824f9d346801db23)" assertions="2" time="0.000023" status="Passed" classname="RealmWeaver.Tests" /><testcase name="SetValueUnmanagedShouldSetBackingField(&quot;NullableGuid&quot;,82a29435-6209-41f8-a0f6-62bd1ee4430d)" assertions="2" time="0.000022" status="Passed" classname="RealmWeaver.Tests" /><testcase name="SetValueUnmanagedShouldSetBackingField(&quot;ByteCounter&quot;,100)" assertions="2" time="0.000022" status="Passed" classname="RealmWeaver.Tests" /><testcase name="SetValueUnmanagedShouldSetBackingField(&quot;Int16Counter&quot;,100)" assertions="2" time="0.000022" status="Passed" classname="RealmWeaver.Tests" /><testcase name="SetValueUnmanagedShouldSetBackingField(&quot;Int32Counter&quot;,100)" assertions="2" time="0.000019" status="Passed" classname="RealmWeaver.Tests" /><testcase name="SetValueUnmanagedShouldSetBackingField(&quot;Int64Counter&quot;,100)" assertions="2" time="0.000022" status="Passed" classname="RealmWeaver.Tests" /><testcase name="SetValueUnmanagedShouldSetBackingField(&quot;NullableByteCounter&quot;,100)" assertions="2" time="0.000021" status="Passed" classname="RealmWeaver.Tests" /><testcase name="SetValueUnmanagedShouldSetBackingField(&quot;NullableInt16Counter&quot;,100)" assertions="2" time="0.000021" status="Passed" classname="RealmWeaver.Tests" /><testcase name="SetValueUnmanagedShouldSetBackingField(&quot;NullableInt32Counter&quot;,100)" assertions="2" time="0.000019" status="Passed" classname="RealmWeaver.Tests" /><testcase name="SetValueUnmanagedShouldSetBackingField(&quot;NullableInt64Counter&quot;,100)" assertions="2" time="0.000026" status="Passed" classname="RealmWeaver.Tests" /></testsuite><testsuite tests="2" time="0.005007" errors="0" failures="0" skipped="0" timestamp="2023-01-06 11:28:27Z" name="Realm.Fody.Tests.dll.RealmWeaver.Tests.Tests(NoPropertyChanged,True).WovenCopyToRealm_ShouldAlwaysSetRequiredProperties."><testcase name="WovenCopyToRealm_ShouldAlwaysSetRequiredProperties(&quot;RequiredObject&quot;,True)" assertions="1" time="0.002514" status="Passed" classname="RealmWeaver.Tests" /><testcase name="WovenCopyToRealm_ShouldAlwaysSetRequiredProperties(&quot;NonRequiredObject&quot;,False)" assertions="1" time="0.002466" status="Passed" classname="RealmWeaver.Tests" /></testsuite><testsuite tests="6" time="0.008870" errors="0" failures="0" skipped="0" timestamp="2023-01-06 11:28:27Z" name="Realm.Fody.Tests.dll.RealmWeaver.Tests.Tests(NoPropertyChanged,True).WovenCopyToRealm_ShouldNeverSetPrimaryKeyProperties."><testcase name="WovenCopyToRealm_ShouldNeverSetPrimaryKeyProperties(&quot;Char&quot;)" assertions="1" time="0.001482" status="Passed" classname="RealmWeaver.Tests" /><testcase name="WovenCopyToRealm_ShouldNeverSetPrimaryKeyProperties(&quot;Byte&quot;)" assertions="1" time="0.001479" status="Passed" classname="RealmWeaver.Tests" /><testcase name="WovenCopyToRealm_ShouldNeverSetPrimaryKeyProperties(&quot;Int16&quot;)" assertions="1" time="0.001537" status="Passed" classname="RealmWeaver.Tests" /><testcase name="WovenCopyToRealm_ShouldNeverSetPrimaryKeyProperties(&quot;Int32&quot;)" assertions="1" time="0.001417" status="Passed" classname="RealmWeaver.Tests" /><testcase name="WovenCopyToRealm_ShouldNeverSetPrimaryKeyProperties(&quot;Int64&quot;)" assertions="1" time="0.001422" status="Passed" classname="RealmWeaver.Tests" /><testcase name="WovenCopyToRealm_ShouldNeverSetPrimaryKeyProperties(&quot;String&quot;)" assertions="1" time="0.001443" status="Passed" classname="RealmWeaver.Tests" /></testsuite><testsuite tests="9" time="0.006807" errors="0" failures="0" skipped="0" timestamp="2023-01-06 11:28:27Z" name="Realm.Fody.Tests.dll.RealmWeaver.Tests.Tests(NoPropertyChanged,True).WovenCopyToRealm_ShouldSetNonDefaultProperties."><testcase name="WovenCopyToRealm_ShouldSetNonDefaultProperties(&quot;String&quot;,&quot;string&quot;)" assertions="1" time="0.000791" status="Passed" classname="RealmWeaver.Tests" /><testcase name="WovenCopyToRealm_ShouldSetNonDefaultProperties(&quot;Char&quot;,'d')" assertions="1" time="0.000825" status="Passed" classname="RealmWeaver.Tests" /><testcase name="WovenCopyToRealm_ShouldSetNonDefaultProperties(&quot;Byte&quot;,3)" assertions="1" time="0.000745" status="Passed" classname="RealmWeaver.Tests" /><testcase name="WovenCopyToRealm_ShouldSetNonDefaultProperties(&quot;Int16&quot;,3)" assertions="1" time="0.000718" status="Passed" classname="RealmWeaver.Tests" /><testcase name="WovenCopyToRealm_ShouldSetNonDefaultProperties(&quot;Int32&quot;,3)" assertions="1" time="0.000724" status="Passed" classname="RealmWeaver.Tests" /><testcase name="WovenCopyToRealm_ShouldSetNonDefaultProperties(&quot;Int64&quot;,3L)" assertions="1" time="0.000725" status="Passed" classname="RealmWeaver.Tests" /><testcase name="WovenCopyToRealm_ShouldSetNonDefaultProperties(&quot;Single&quot;,3.3f)" assertions="1" time="0.000724" status="Passed" classname="RealmWeaver.Tests" /><testcase name="WovenCopyToRealm_ShouldSetNonDefaultProperties(&quot;Double&quot;,3.3d)" assertions="1" time="0.000709" status="Passed" classname="RealmWeaver.Tests" /><testcase name="WovenCopyToRealm_ShouldSetNonDefaultProperties(&quot;Boolean&quot;,True)" assertions="1" time="0.000742" status="Passed" classname="RealmWeaver.Tests" /></testsuite><testsuite tests="1" time="0.062992" errors="0" failures="0" skipped="0" timestamp="2023-01-06 11:28:27Z" name="Realm.Fody.Tests.dll.RealmWeaver.WeaveEmptyTests."><testcase name="WeavingWithoutRealmsShouldBeRobust" assertions="3" time="0.000253" status="Passed" classname="RealmWeaver.WeaveEmptyTests" /></testsuite></testsuites>